[0.103s] DEBUG:colcon:Command line arguments: ['/usr/bin/colcon', 'build', '--symlink-install']
[0.103s] DEBUG:colcon:Parsed command line arguments: Namespace(log_base=None, log_level=None, verb_name='build', build_base='build', install_base='install', merge_install=False, symlink_install=True, test_result_base=None, continue_on_error=False, executor='parallel', parallel_workers=12, event_handlers=None, ignore_user_meta=False, metas=['./colcon.meta'], base_paths=['.'], packages_ignore=None, packages_ignore_regex=None, paths=None, packages_up_to=None, packages_up_to_regex=None, packages_above=None, packages_above_and_dependencies=None, packages_above_depth=None, packages_select_by_dep=None, packages_skip_by_dep=None, packages_skip_up_to=None, packages_select_build_failed=False, packages_skip_build_finished=False, packages_select_test_failures=False, packages_skip_test_passed=False, packages_select=None, packages_skip=None, packages_select_regex=None, packages_skip_regex=None, packages_start=None, packages_end=None, allow_overriding=[], cmake_args=None, cmake_target=None, cmake_target_skip_unavailable=False, cmake_clean_cache=False, cmake_clean_first=False, cmake_force_configure=False, ament_cmake_args=None, catkin_cmake_args=None, catkin_skip_building_tests=False, verb_parser=<colcon_defaults.argument_parser.defaults.DefaultArgumentsDecorator object at 0x76a71fca0310>, verb_extension=<colcon_core.verb.build.BuildVerb object at 0x76a71fd91630>, main=<bound method BuildVerb.main of <colcon_core.verb.build.BuildVerb object at 0x76a71fd91630>>)
[0.303s] Level 1:colcon.colcon_core.package_discovery:discover_packages(colcon_meta) check parameters
[0.303s] Level 1:colcon.colcon_core.package_discovery:discover_packages(recursive) check parameters
[0.303s] Level 1:colcon.colcon_core.package_discovery:discover_packages(ignore) check parameters
[0.303s] Level 1:colcon.colcon_core.package_discovery:discover_packages(path) check parameters
[0.303s] Level 1:colcon.colcon_core.package_discovery:discover_packages(colcon_meta) discover
[0.303s] Level 1:colcon.colcon_core.package_discovery:discover_packages(recursive) discover
[0.304s] INFO:colcon.colcon_core.package_discovery:Crawling recursively for packages in '/home/tatsuki/Snake_ws'
[0.304s] Level 1:colcon.colcon_core.package_identification:_identify(.) by extensions ['ignore', 'ignore_ament_install']
[0.304s] Level 1:colcon.colcon_core.package_identification:_identify(.) by extension 'ignore'
[0.304s] Level 1:colcon.colcon_core.package_identification:_identify(.) by extension 'ignore_ament_install'
[0.304s] Level 1:colcon.colcon_core.package_identification:_identify(.) by extensions ['colcon_pkg']
[0.304s] Level 1:colcon.colcon_core.package_identification:_identify(.) by extension 'colcon_pkg'
[0.304s] Level 1:colcon.colcon_core.package_identification:_identify(.) by extensions ['colcon_meta']
[0.304s] Level 1:colcon.colcon_core.package_identification:_identify(.) by extension 'colcon_meta'
[0.304s] Level 1:colcon.colcon_core.package_identification:_identify(.) by extensions ['ros']
[0.304s] Level 1:colcon.colcon_core.package_identification:_identify(.) by extension 'ros'
[0.313s] Level 1:colcon.colcon_core.package_identification:_identify(.) by extensions ['cmake', 'python']
[0.313s] Level 1:colcon.colcon_core.package_identification:_identify(.) by extension 'cmake'
[0.313s] Level 1:colcon.colcon_core.package_identification:_identify(.) by extension 'python'
[0.313s] Level 1:colcon.colcon_core.package_identification:_identify(.) by extensions ['python_setup_py']
[0.313s] Level 1:colcon.colcon_core.package_identification:_identify(.) by extension 'python_setup_py'
[0.313s] Level 1:colcon.colcon_core.package_identification:_identify(build) by extensions ['ignore', 'ignore_ament_install']
[0.313s] Level 1:colcon.colcon_core.package_identification:_identify(build) by extension 'ignore'
[0.313s] Level 1:colcon.colcon_core.package_identification:_identify(build) ignored
[0.313s] Level 1:colcon.colcon_core.package_identification:_identify(install) by extensions ['ignore', 'ignore_ament_install']
[0.314s] Level 1:colcon.colcon_core.package_identification:_identify(install) by extension 'ignore'
[0.314s] Level 1:colcon.colcon_core.package_identification:_identify(install) ignored
[0.314s] Level 1:colcon.colcon_core.package_identification:_identify(log) by extensions ['ignore', 'ignore_ament_install']
[0.314s] Level 1:colcon.colcon_core.package_identification:_identify(log) by extension 'ignore'
[0.314s] Level 1:colcon.colcon_core.package_identification:_identify(log) ignored
[0.314s] Level 1:colcon.colcon_core.package_identification:_identify(snakeModule) by extensions ['ignore', 'ignore_ament_install']
[0.314s] Level 1:colcon.colcon_core.package_identification:_identify(snakeModule) by extension 'ignore'
[0.314s] Level 1:colcon.colcon_core.package_identification:_identify(snakeModule) by extension 'ignore_ament_install'
[0.314s] Level 1:colcon.colcon_core.package_identification:_identify(snakeModule) by extensions ['colcon_pkg']
[0.314s] Level 1:colcon.colcon_core.package_identification:_identify(snakeModule) by extension 'colcon_pkg'
[0.314s] Level 1:colcon.colcon_core.package_identification:_identify(snakeModule) by extensions ['colcon_meta']
[0.314s] Level 1:colcon.colcon_core.package_identification:_identify(snakeModule) by extension 'colcon_meta'
[0.314s] Level 1:colcon.colcon_core.package_identification:_identify(snakeModule) by extensions ['ros']
[0.314s] Level 1:colcon.colcon_core.package_identification:_identify(snakeModule) by extension 'ros'
[0.314s] Level 1:colcon.colcon_core.package_identification:_identify(snakeModule) by extensions ['cmake', 'python']
[0.314s] Level 1:colcon.colcon_core.package_identification:_identify(snakeModule) by extension 'cmake'
[0.314s] Level 1:colcon.colcon_core.package_identification:_identify(snakeModule) by extension 'python'
[0.314s] Level 1:colcon.colcon_core.package_identification:_identify(snakeModule) by extensions ['python_setup_py']
[0.314s] Level 1:colcon.colcon_core.package_identification:_identify(snakeModule) by extension 'python_setup_py'
[0.314s] Level 1:colcon.colcon_core.package_identification:_identify(snake_gazebo) by extensions ['ignore', 'ignore_ament_install']
[0.314s] Level 1:colcon.colcon_core.package_identification:_identify(snake_gazebo) by extension 'ignore'
[0.315s] Level 1:colcon.colcon_core.package_identification:_identify(snake_gazebo) by extension 'ignore_ament_install'
[0.315s] Level 1:colcon.colcon_core.package_identification:_identify(snake_gazebo) by extensions ['colcon_pkg']
[0.315s] Level 1:colcon.colcon_core.package_identification:_identify(snake_gazebo) by extension 'colcon_pkg'
[0.315s] Level 1:colcon.colcon_core.package_identification:_identify(snake_gazebo) by extensions ['colcon_meta']
[0.315s] Level 1:colcon.colcon_core.package_identification:_identify(snake_gazebo) by extension 'colcon_meta'
[0.315s] Level 1:colcon.colcon_core.package_identification:_identify(snake_gazebo) by extensions ['ros']
[0.315s] Level 1:colcon.colcon_core.package_identification:_identify(snake_gazebo) by extension 'ros'
[0.315s] Level 1:colcon.colcon_core.package_identification:_identify(snake_gazebo) by extensions ['cmake', 'python']
[0.315s] Level 1:colcon.colcon_core.package_identification:_identify(snake_gazebo) by extension 'cmake'
[0.315s] Level 1:colcon.colcon_core.package_identification:_identify(snake_gazebo) by extension 'python'
[0.315s] Level 1:colcon.colcon_core.package_identification:_identify(snake_gazebo) by extensions ['python_setup_py']
[0.315s] Level 1:colcon.colcon_core.package_identification:_identify(snake_gazebo) by extension 'python_setup_py'
[0.315s] Level 1:colcon.colcon_core.package_identification:_identify(snake_gazebo/snake_gazebo) by extensions ['ignore', 'ignore_ament_install']
[0.315s] Level 1:colcon.colcon_core.package_identification:_identify(snake_gazebo/snake_gazebo) by extension 'ignore'
[0.315s] Level 1:colcon.colcon_core.package_identification:_identify(snake_gazebo/snake_gazebo) by extension 'ignore_ament_install'
[0.315s] Level 1:colcon.colcon_core.package_identification:_identify(snake_gazebo/snake_gazebo) by extensions ['colcon_pkg']
[0.315s] Level 1:colcon.colcon_core.package_identification:_identify(snake_gazebo/snake_gazebo) by extension 'colcon_pkg'
[0.315s] Level 1:colcon.colcon_core.package_identification:_identify(snake_gazebo/snake_gazebo) by extensions ['colcon_meta']
[0.315s] Level 1:colcon.colcon_core.package_identification:_identify(snake_gazebo/snake_gazebo) by extension 'colcon_meta'
[0.315s] Level 1:colcon.colcon_core.package_identification:_identify(snake_gazebo/snake_gazebo) by extensions ['ros']
[0.315s] Level 1:colcon.colcon_core.package_identification:_identify(snake_gazebo/snake_gazebo) by extension 'ros'
[0.315s] Level 1:colcon.colcon_core.package_identification:_identify(snake_gazebo/snake_gazebo) by extensions ['cmake', 'python']
[0.315s] Level 1:colcon.colcon_core.package_identification:_identify(snake_gazebo/snake_gazebo) by extension 'cmake'
[0.315s] Level 1:colcon.colcon_core.package_identification:_identify(snake_gazebo/snake_gazebo) by extension 'python'
[0.315s] Level 1:colcon.colcon_core.package_identification:_identify(snake_gazebo/snake_gazebo) by extensions ['python_setup_py']
[0.315s] Level 1:colcon.colcon_core.package_identification:_identify(snake_gazebo/snake_gazebo) by extension 'python_setup_py'
[0.316s] Level 1:colcon.colcon_core.package_identification:_identify(snake_master) by extensions ['ignore', 'ignore_ament_install']
[0.316s] Level 1:colcon.colcon_core.package_identification:_identify(snake_master) by extension 'ignore'
[0.316s] Level 1:colcon.colcon_core.package_identification:_identify(snake_master) by extension 'ignore_ament_install'
[0.316s] Level 1:colcon.colcon_core.package_identification:_identify(snake_master) by extensions ['colcon_pkg']
[0.316s] Level 1:colcon.colcon_core.package_identification:_identify(snake_master) by extension 'colcon_pkg'
[0.316s] Level 1:colcon.colcon_core.package_identification:_identify(snake_master) by extensions ['colcon_meta']
[0.316s] Level 1:colcon.colcon_core.package_identification:_identify(snake_master) by extension 'colcon_meta'
[0.316s] Level 1:colcon.colcon_core.package_identification:_identify(snake_master) by extensions ['ros']
[0.316s] Level 1:colcon.colcon_core.package_identification:_identify(snake_master) by extension 'ros'
[0.316s] Level 1:colcon.colcon_core.package_identification:_identify(snake_master) by extensions ['cmake', 'python']
[0.316s] Level 1:colcon.colcon_core.package_identification:_identify(snake_master) by extension 'cmake'
[0.316s] Level 1:colcon.colcon_core.package_identification:_identify(snake_master) by extension 'python'
[0.316s] Level 1:colcon.colcon_core.package_identification:_identify(snake_master) by extensions ['python_setup_py']
[0.316s] Level 1:colcon.colcon_core.package_identification:_identify(snake_master) by extension 'python_setup_py'
[0.316s] Level 1:colcon.colcon_core.package_identification:_identify(snake_slave) by extensions ['ignore', 'ignore_ament_install']
[0.316s] Level 1:colcon.colcon_core.package_identification:_identify(snake_slave) by extension 'ignore'
[0.316s] Level 1:colcon.colcon_core.package_identification:_identify(snake_slave) by extension 'ignore_ament_install'
[0.316s] Level 1:colcon.colcon_core.package_identification:_identify(snake_slave) by extensions ['colcon_pkg']
[0.316s] Level 1:colcon.colcon_core.package_identification:_identify(snake_slave) by extension 'colcon_pkg'
[0.316s] Level 1:colcon.colcon_core.package_identification:_identify(snake_slave) by extensions ['colcon_meta']
[0.316s] Level 1:colcon.colcon_core.package_identification:_identify(snake_slave) by extension 'colcon_meta'
[0.316s] Level 1:colcon.colcon_core.package_identification:_identify(snake_slave) by extensions ['ros']
[0.316s] Level 1:colcon.colcon_core.package_identification:_identify(snake_slave) by extension 'ros'
[0.316s] Level 1:colcon.colcon_core.package_identification:_identify(snake_slave) by extensions ['cmake', 'python']
[0.316s] Level 1:colcon.colcon_core.package_identification:_identify(snake_slave) by extension 'cmake'
[0.317s] Level 1:colcon.colcon_core.package_identification:_identify(snake_slave) by extension 'python'
[0.317s] Level 1:colcon.colcon_core.package_identification:_identify(snake_slave) by extensions ['python_setup_py']
[0.317s] Level 1:colcon.colcon_core.package_identification:_identify(snake_slave) by extension 'python_setup_py'
[0.317s] Level 1:colcon.colcon_core.package_identification:_identify(snake_slave2_Arduino) by extensions ['ignore', 'ignore_ament_install']
[0.317s] Level 1:colcon.colcon_core.package_identification:_identify(snake_slave2_Arduino) by extension 'ignore'
[0.317s] Level 1:colcon.colcon_core.package_identification:_identify(snake_slave2_Arduino) by extension 'ignore_ament_install'
[0.317s] Level 1:colcon.colcon_core.package_identification:_identify(snake_slave2_Arduino) by extensions ['colcon_pkg']
[0.317s] Level 1:colcon.colcon_core.package_identification:_identify(snake_slave2_Arduino) by extension 'colcon_pkg'
[0.317s] Level 1:colcon.colcon_core.package_identification:_identify(snake_slave2_Arduino) by extensions ['colcon_meta']
[0.317s] Level 1:colcon.colcon_core.package_identification:_identify(snake_slave2_Arduino) by extension 'colcon_meta'
[0.317s] Level 1:colcon.colcon_core.package_identification:_identify(snake_slave2_Arduino) by extensions ['ros']
[0.317s] Level 1:colcon.colcon_core.package_identification:_identify(snake_slave2_Arduino) by extension 'ros'
[0.317s] Level 1:colcon.colcon_core.package_identification:_identify(snake_slave2_Arduino) by extensions ['cmake', 'python']
[0.317s] Level 1:colcon.colcon_core.package_identification:_identify(snake_slave2_Arduino) by extension 'cmake'
[0.317s] Level 1:colcon.colcon_core.package_identification:_identify(snake_slave2_Arduino) by extension 'python'
[0.317s] Level 1:colcon.colcon_core.package_identification:_identify(snake_slave2_Arduino) by extensions ['python_setup_py']
[0.317s] Level 1:colcon.colcon_core.package_identification:_identify(snake_slave2_Arduino) by extension 'python_setup_py'
[0.317s] Level 1:colcon.colcon_core.package_identification:_identify(src) by extensions ['ignore', 'ignore_ament_install']
[0.317s] Level 1:colcon.colcon_core.package_identification:_identify(src) by extension 'ignore'
[0.317s] Level 1:colcon.colcon_core.package_identification:_identify(src) by extension 'ignore_ament_install'
[0.317s] Level 1:colcon.colcon_core.package_identification:_identify(src) by extensions ['colcon_pkg']
[0.317s] Level 1:colcon.colcon_core.package_identification:_identify(src) by extension 'colcon_pkg'
[0.317s] Level 1:colcon.colcon_core.package_identification:_identify(src) by extensions ['colcon_meta']
[0.317s] Level 1:colcon.colcon_core.package_identification:_identify(src) by extension 'colcon_meta'
[0.317s] Level 1:colcon.colcon_core.package_identification:_identify(src) by extensions ['ros']
[0.317s] Level 1:colcon.colcon_core.package_identification:_identify(src) by extension 'ros'
[0.318s] Level 1:colcon.colcon_core.package_identification:_identify(src) by extensions ['cmake', 'python']
[0.318s] Level 1:colcon.colcon_core.package_identification:_identify(src) by extension 'cmake'
[0.318s] Level 1:colcon.colcon_core.package_identification:_identify(src) by extension 'python'
[0.318s] Level 1:colcon.colcon_core.package_identification:_identify(src) by extensions ['python_setup_py']
[0.318s] Level 1:colcon.colcon_core.package_identification:_identify(src) by extension 'python_setup_py'
[0.318s] Level 1:colcon.colcon_core.package_identification:_identify(src/snake_bringup) by extensions ['ignore', 'ignore_ament_install']
[0.318s] Level 1:colcon.colcon_core.package_identification:_identify(src/snake_bringup) by extension 'ignore'
[0.318s] Level 1:colcon.colcon_core.package_identification:_identify(src/snake_bringup) by extension 'ignore_ament_install'
[0.318s] Level 1:colcon.colcon_core.package_identification:_identify(src/snake_bringup) by extensions ['colcon_pkg']
[0.318s] Level 1:colcon.colcon_core.package_identification:_identify(src/snake_bringup) by extension 'colcon_pkg'
[0.318s] Level 1:colcon.colcon_core.package_identification:_identify(src/snake_bringup) by extensions ['colcon_meta']
[0.318s] Level 1:colcon.colcon_core.package_identification:_identify(src/snake_bringup) by extension 'colcon_meta'
[0.318s] Level 1:colcon.colcon_core.package_identification:_identify(src/snake_bringup) by extensions ['ros']
[0.318s] Level 1:colcon.colcon_core.package_identification:_identify(src/snake_bringup) by extension 'ros'
[0.320s] DEBUG:colcon.colcon_core.package_identification:Package 'src/snake_bringup' with type 'ros.ament_cmake' and name 'snake_bringup'
[0.320s] Level 1:colcon.colcon_core.package_identification:_identify(src/snake_motors) by extensions ['ignore', 'ignore_ament_install']
[0.320s] Level 1:colcon.colcon_core.package_identification:_identify(src/snake_motors) by extension 'ignore'
[0.320s] Level 1:colcon.colcon_core.package_identification:_identify(src/snake_motors) by extension 'ignore_ament_install'
[0.320s] Level 1:colcon.colcon_core.package_identification:_identify(src/snake_motors) by extensions ['colcon_pkg']
[0.320s] Level 1:colcon.colcon_core.package_identification:_identify(src/snake_motors) by extension 'colcon_pkg'
[0.320s] Level 1:colcon.colcon_core.package_identification:_identify(src/snake_motors) by extensions ['colcon_meta']
[0.320s] Level 1:colcon.colcon_core.package_identification:_identify(src/snake_motors) by extension 'colcon_meta'
[0.320s] Level 1:colcon.colcon_core.package_identification:_identify(src/snake_motors) by extensions ['ros']
[0.320s] Level 1:colcon.colcon_core.package_identification:_identify(src/snake_motors) by extension 'ros'
[0.321s] DEBUG:colcon.colcon_core.package_identification:Package 'src/snake_motors' with type 'ros.ament_python' and name 'snake_motors'
[0.321s] Level 1:colcon.colcon_core.package_identification:_identify(src/snake_msgs) by extensions ['ignore', 'ignore_ament_install']
[0.321s] Level 1:colcon.colcon_core.package_identification:_identify(src/snake_msgs) by extension 'ignore'
[0.321s] Level 1:colcon.colcon_core.package_identification:_identify(src/snake_msgs) by extension 'ignore_ament_install'
[0.321s] Level 1:colcon.colcon_core.package_identification:_identify(src/snake_msgs) by extensions ['colcon_pkg']
[0.321s] Level 1:colcon.colcon_core.package_identification:_identify(src/snake_msgs) by extension 'colcon_pkg'
[0.321s] Level 1:colcon.colcon_core.package_identification:_identify(src/snake_msgs) by extensions ['colcon_meta']
[0.321s] Level 1:colcon.colcon_core.package_identification:_identify(src/snake_msgs) by extension 'colcon_meta'
[0.321s] Level 1:colcon.colcon_core.package_identification:_identify(src/snake_msgs) by extensions ['ros']
[0.321s] Level 1:colcon.colcon_core.package_identification:_identify(src/snake_msgs) by extension 'ros'
[0.322s] DEBUG:colcon.colcon_core.package_identification:Package 'src/snake_msgs' with type 'ros.ament_cmake' and name 'snake_msgs'
[0.322s] Level 1:colcon.colcon_core.package_identification:_identify(src/snake_server) by extensions ['ignore', 'ignore_ament_install']
[0.322s] Level 1:colcon.colcon_core.package_identification:_identify(src/snake_server) by extension 'ignore'
[0.322s] Level 1:colcon.colcon_core.package_identification:_identify(src/snake_server) by extension 'ignore_ament_install'
[0.322s] Level 1:colcon.colcon_core.package_identification:_identify(src/snake_server) by extensions ['colcon_pkg']
[0.322s] Level 1:colcon.colcon_core.package_identification:_identify(src/snake_server) by extension 'colcon_pkg'
[0.322s] Level 1:colcon.colcon_core.package_identification:_identify(src/snake_server) by extensions ['colcon_meta']
[0.322s] Level 1:colcon.colcon_core.package_identification:_identify(src/snake_server) by extension 'colcon_meta'
[0.322s] Level 1:colcon.colcon_core.package_identification:_identify(src/snake_server) by extensions ['ros']
[0.322s] Level 1:colcon.colcon_core.package_identification:_identify(src/snake_server) by extension 'ros'
[0.323s] DEBUG:colcon.colcon_core.package_identification:Package 'src/snake_server' with type 'ros.ament_python' and name 'snake_server'
[0.323s] Level 1:colcon.colcon_core.package_discovery:discover_packages(recursive) using defaults
[0.323s] Level 1:colcon.colcon_core.package_discovery:discover_packages(ignore) discover
[0.323s] Level 1:colcon.colcon_core.package_discovery:discover_packages(ignore) using defaults
[0.323s] Level 1:colcon.colcon_core.package_discovery:discover_packages(path) discover
[0.323s] Level 1:colcon.colcon_core.package_discovery:discover_packages(path) using defaults
[0.353s] Level 1:colcon.colcon_core.package_discovery:discover_packages(prefix_path) check parameters
[0.353s] Level 1:colcon.colcon_core.package_discovery:discover_packages(prefix_path) discover
[0.354s] DEBUG:colcon.colcon_installed_package_information.package_discovery:Found 2 installed packages in /home/tatsuki/ROS2Dev/repositorio_ws/install
[0.355s] DEBUG:colcon.colcon_installed_package_information.package_discovery:Found 2 installed packages in /home/tatsuki/ROS2Dev/test_ws/install
[0.355s] DEBUG:colcon.colcon_installed_package_information.package_discovery:Found 4 installed packages in /home/tatsuki/Snake_ws/install
[0.355s] DEBUG:colcon.colcon_installed_package_information.package_discovery:Found 3 installed packages in /home/tatsuki/MAN_ws/install
[0.356s] DEBUG:colcon.colcon_installed_package_information.package_discovery:Found 1 installed packages in /home/tatsuki/ros2_ws/install
[0.357s] DEBUG:colcon.colcon_installed_package_information.package_discovery:Found 333 installed packages in /opt/ros/humble
[0.359s] Level 1:colcon.colcon_core.package_discovery:discover_packages(prefix_path) using defaults
[0.394s] Level 5:colcon.colcon_core.verb:set package 'snake_bringup' build argument 'cmake_args' from command line to 'None'
[0.394s] Level 5:colcon.colcon_core.verb:set package 'snake_bringup' build argument 'cmake_target' from command line to 'None'
[0.394s] Level 5:colcon.colcon_core.verb:set package 'snake_bringup' build argument 'cmake_target_skip_unavailable' from command line to 'False'
[0.394s] Level 5:colcon.colcon_core.verb:set package 'snake_bringup' build argument 'cmake_clean_cache' from command line to 'False'
[0.394s] Level 5:colcon.colcon_core.verb:set package 'snake_bringup' build argument 'cmake_clean_first' from command line to 'False'
[0.394s] Level 5:colcon.colcon_core.verb:set package 'snake_bringup' build argument 'cmake_force_configure' from command line to 'False'
[0.394s] Level 5:colcon.colcon_core.verb:set package 'snake_bringup' build argument 'ament_cmake_args' from command line to 'None'
[0.394s] Level 5:colcon.colcon_core.verb:set package 'snake_bringup' build argument 'catkin_cmake_args' from command line to 'None'
[0.394s] Level 5:colcon.colcon_core.verb:set package 'snake_bringup' build argument 'catkin_skip_building_tests' from command line to 'False'
[0.394s] DEBUG:colcon.colcon_core.verb:Building package 'snake_bringup' with the following arguments: {'ament_cmake_args': None, 'build_base': '/home/tatsuki/Snake_ws/build/snake_bringup', 'catkin_cmake_args': None, 'catkin_skip_building_tests': False, 'cmake_args': None, 'cmake_clean_cache': False, 'cmake_clean_first': False, 'cmake_force_configure': False, 'cmake_target': None, 'cmake_target_skip_unavailable': False, 'install_base': '/home/tatsuki/Snake_ws/install/snake_bringup', 'merge_install': False, 'path': '/home/tatsuki/Snake_ws/src/snake_bringup', 'symlink_install': True, 'test_result_base': None}
[0.394s] Level 5:colcon.colcon_core.verb:set package 'snake_motors' build argument 'cmake_args' from command line to 'None'
[0.394s] Level 5:colcon.colcon_core.verb:set package 'snake_motors' build argument 'cmake_target' from command line to 'None'
[0.394s] Level 5:colcon.colcon_core.verb:set package 'snake_motors' build argument 'cmake_target_skip_unavailable' from command line to 'False'
[0.394s] Level 5:colcon.colcon_core.verb:set package 'snake_motors' build argument 'cmake_clean_cache' from command line to 'False'
[0.394s] Level 5:colcon.colcon_core.verb:set package 'snake_motors' build argument 'cmake_clean_first' from command line to 'False'
[0.395s] Level 5:colcon.colcon_core.verb:set package 'snake_motors' build argument 'cmake_force_configure' from command line to 'False'
[0.395s] Level 5:colcon.colcon_core.verb:set package 'snake_motors' build argument 'ament_cmake_args' from command line to 'None'
[0.395s] Level 5:colcon.colcon_core.verb:set package 'snake_motors' build argument 'catkin_cmake_args' from command line to 'None'
[0.395s] Level 5:colcon.colcon_core.verb:set package 'snake_motors' build argument 'catkin_skip_building_tests' from command line to 'False'
[0.395s] DEBUG:colcon.colcon_core.verb:Building package 'snake_motors' with the following arguments: {'ament_cmake_args': None, 'build_base': '/home/tatsuki/Snake_ws/build/snake_motors', 'catkin_cmake_args': None, 'catkin_skip_building_tests': False, 'cmake_args': None, 'cmake_clean_cache': False, 'cmake_clean_first': False, 'cmake_force_configure': False, 'cmake_target': None, 'cmake_target_skip_unavailable': False, 'install_base': '/home/tatsuki/Snake_ws/install/snake_motors', 'merge_install': False, 'path': '/home/tatsuki/Snake_ws/src/snake_motors', 'symlink_install': True, 'test_result_base': None}
[0.395s] Level 5:colcon.colcon_core.verb:set package 'snake_msgs' build argument 'cmake_args' from command line to 'None'
[0.395s] Level 5:colcon.colcon_core.verb:set package 'snake_msgs' build argument 'cmake_target' from command line to 'None'
[0.395s] Level 5:colcon.colcon_core.verb:set package 'snake_msgs' build argument 'cmake_target_skip_unavailable' from command line to 'False'
[0.395s] Level 5:colcon.colcon_core.verb:set package 'snake_msgs' build argument 'cmake_clean_cache' from command line to 'False'
[0.395s] Level 5:colcon.colcon_core.verb:set package 'snake_msgs' build argument 'cmake_clean_first' from command line to 'False'
[0.395s] Level 5:colcon.colcon_core.verb:set package 'snake_msgs' build argument 'cmake_force_configure' from command line to 'False'
[0.395s] Level 5:colcon.colcon_core.verb:set package 'snake_msgs' build argument 'ament_cmake_args' from command line to 'None'
[0.395s] Level 5:colcon.colcon_core.verb:set package 'snake_msgs' build argument 'catkin_cmake_args' from command line to 'None'
[0.395s] Level 5:colcon.colcon_core.verb:set package 'snake_msgs' build argument 'catkin_skip_building_tests' from command line to 'False'
[0.395s] DEBUG:colcon.colcon_core.verb:Building package 'snake_msgs' with the following arguments: {'ament_cmake_args': None, 'build_base': '/home/tatsuki/Snake_ws/build/snake_msgs', 'catkin_cmake_args': None, 'catkin_skip_building_tests': False, 'cmake_args': None, 'cmake_clean_cache': False, 'cmake_clean_first': False, 'cmake_force_configure': False, 'cmake_target': None, 'cmake_target_skip_unavailable': False, 'install_base': '/home/tatsuki/Snake_ws/install/snake_msgs', 'merge_install': False, 'path': '/home/tatsuki/Snake_ws/src/snake_msgs', 'symlink_install': True, 'test_result_base': None}
[0.395s] Level 5:colcon.colcon_core.verb:set package 'snake_server' build argument 'cmake_args' from command line to 'None'
[0.395s] Level 5:colcon.colcon_core.verb:set package 'snake_server' build argument 'cmake_target' from command line to 'None'
[0.395s] Level 5:colcon.colcon_core.verb:set package 'snake_server' build argument 'cmake_target_skip_unavailable' from command line to 'False'
[0.395s] Level 5:colcon.colcon_core.verb:set package 'snake_server' build argument 'cmake_clean_cache' from command line to 'False'
[0.395s] Level 5:colcon.colcon_core.verb:set package 'snake_server' build argument 'cmake_clean_first' from command line to 'False'
[0.395s] Level 5:colcon.colcon_core.verb:set package 'snake_server' build argument 'cmake_force_configure' from command line to 'False'
[0.395s] Level 5:colcon.colcon_core.verb:set package 'snake_server' build argument 'ament_cmake_args' from command line to 'None'
[0.395s] Level 5:colcon.colcon_core.verb:set package 'snake_server' build argument 'catkin_cmake_args' from command line to 'None'
[0.395s] Level 5:colcon.colcon_core.verb:set package 'snake_server' build argument 'catkin_skip_building_tests' from command line to 'False'
[0.396s] DEBUG:colcon.colcon_core.verb:Building package 'snake_server' with the following arguments: {'ament_cmake_args': None, 'build_base': '/home/tatsuki/Snake_ws/build/snake_server', 'catkin_cmake_args': None, 'catkin_skip_building_tests': False, 'cmake_args': None, 'cmake_clean_cache': False, 'cmake_clean_first': False, 'cmake_force_configure': False, 'cmake_target': None, 'cmake_target_skip_unavailable': False, 'install_base': '/home/tatsuki/Snake_ws/install/snake_server', 'merge_install': False, 'path': '/home/tatsuki/Snake_ws/src/snake_server', 'symlink_install': True, 'test_result_base': None}
[0.396s] INFO:colcon.colcon_core.executor:Executing jobs using 'parallel' executor
[0.397s] DEBUG:colcon.colcon_parallel_executor.executor.parallel:run_until_complete
[0.397s] INFO:colcon.colcon_ros.task.ament_cmake.build:Building ROS package in '/home/tatsuki/Snake_ws/src/snake_bringup' with build type 'ament_cmake'
[0.397s] INFO:colcon.colcon_cmake.task.cmake.build:Building CMake package in '/home/tatsuki/Snake_ws/src/snake_bringup'
[0.399s] INFO:colcon.colcon_core.plugin_system:Skipping extension 'colcon_core.shell.bat': Not used on non-Windows systems
[0.399s] INFO:colcon.colcon_core.shell:Skip shell extension 'powershell' for command environment: Not usable outside of PowerShell
[0.400s] DEBUG:colcon.colcon_core.shell:Skip shell extension 'dsv' for command environment
[0.405s] INFO:colcon.colcon_ros.task.ament_python.build:Building ROS package in '/home/tatsuki/Snake_ws/src/snake_motors' with build type 'ament_python'
[0.405s] Level 1:colcon.colcon_core.shell:create_environment_hook('snake_motors', 'ament_prefix_path')
[0.405s] INFO:colcon.colcon_core.shell:Creating environment hook '/home/tatsuki/Snake_ws/install/snake_motors/share/snake_motors/hook/ament_prefix_path.ps1'
[0.406s] INFO:colcon.colcon_core.shell:Creating environment descriptor '/home/tatsuki/Snake_ws/install/snake_motors/share/snake_motors/hook/ament_prefix_path.dsv'
[0.406s] INFO:colcon.colcon_core.shell:Creating environment hook '/home/tatsuki/Snake_ws/install/snake_motors/share/snake_motors/hook/ament_prefix_path.sh'
[0.407s] INFO:colcon.colcon_core.shell:Skip shell extension 'powershell' for command environment: Not usable outside of PowerShell
[0.407s] DEBUG:colcon.colcon_core.shell:Skip shell extension 'dsv' for command environment
[0.411s] INFO:colcon.colcon_ros.task.ament_cmake.build:Building ROS package in '/home/tatsuki/Snake_ws/src/snake_msgs' with build type 'ament_cmake'
[0.411s] INFO:colcon.colcon_cmake.task.cmake.build:Building CMake package in '/home/tatsuki/Snake_ws/src/snake_msgs'
[0.411s] INFO:colcon.colcon_core.shell:Skip shell extension 'powershell' for command environment: Not usable outside of PowerShell
[0.411s] DEBUG:colcon.colcon_core.shell:Skip shell extension 'dsv' for command environment
[0.416s] INFO:colcon.colcon_ros.task.ament_python.build:Building ROS package in '/home/tatsuki/Snake_ws/src/snake_server' with build type 'ament_python'
[0.416s] Level 1:colcon.colcon_core.shell:create_environment_hook('snake_server', 'ament_prefix_path')
[0.417s] INFO:colcon.colcon_core.shell:Creating environment hook '/home/tatsuki/Snake_ws/install/snake_server/share/snake_server/hook/ament_prefix_path.ps1'
[0.417s] INFO:colcon.colcon_core.shell:Creating environment descriptor '/home/tatsuki/Snake_ws/install/snake_server/share/snake_server/hook/ament_prefix_path.dsv'
[0.418s] INFO:colcon.colcon_core.shell:Creating environment hook '/home/tatsuki/Snake_ws/install/snake_server/share/snake_server/hook/ament_prefix_path.sh'
[0.418s] INFO:colcon.colcon_core.shell:Skip shell extension 'powershell' for command environment: Not usable outside of PowerShell
[0.418s] DEBUG:colcon.colcon_core.shell:Skip shell extension 'dsv' for command environment
[0.430s] DEBUG:colcon.colcon_core.event_handler.log_command:Invoking command in '/home/tatsuki/Snake_ws/build/snake_bringup': CMAKE_PREFIX_PATH=${CMAKE_PREFIX_PATH}:/home/tatsuki/Snake_ws/install/snake_server:/home/tatsuki/Snake_ws/install/snake_motors:/home/tatsuki/ROS2Dev/repositorio_ws/install/example_description:/home/tatsuki/ROS2Dev/repositorio_ws/install/example_bringup:/home/tatsuki/ROS2Dev/test_ws/install/first_package:/home/tatsuki/MAN_ws/install/motors_processor:/home/tatsuki/MAN_ws/install/image_processor:/opt/ros/humble /usr/bin/cmake --build /home/tatsuki/Snake_ws/build/snake_bringup -- -j12 -l12
[0.746s] INFO:colcon.colcon_core.task.python.build:Building Python package in '/home/tatsuki/Snake_ws/src/snake_motors'
[0.747s] INFO:colcon.colcon_core.shell:Skip shell extension 'powershell' for command environment: Not usable outside of PowerShell
[0.747s] DEBUG:colcon.colcon_core.shell:Skip shell extension 'dsv' for command environment
[0.756s] DEBUG:colcon.colcon_core.event_handler.log_command:Invoking command in '/home/tatsuki/Snake_ws/build/snake_msgs': CMAKE_PREFIX_PATH=${CMAKE_PREFIX_PATH}:/home/tatsuki/Snake_ws/install/snake_server:/home/tatsuki/Snake_ws/install/snake_motors:/home/tatsuki/ROS2Dev/repositorio_ws/install/example_description:/home/tatsuki/ROS2Dev/repositorio_ws/install/example_bringup:/home/tatsuki/ROS2Dev/test_ws/install/first_package:/home/tatsuki/MAN_ws/install/motors_processor:/home/tatsuki/MAN_ws/install/image_processor:/opt/ros/humble /usr/bin/cmake --build /home/tatsuki/Snake_ws/build/snake_msgs -- -j12 -l12
[0.757s] DEBUG:colcon.colcon_core.event_handler.log_command:Invoked command in '/home/tatsuki/Snake_ws/build/snake_bringup' returned '0': CMAKE_PREFIX_PATH=${CMAKE_PREFIX_PATH}:/home/tatsuki/Snake_ws/install/snake_server:/home/tatsuki/Snake_ws/install/snake_motors:/home/tatsuki/ROS2Dev/repositorio_ws/install/example_description:/home/tatsuki/ROS2Dev/repositorio_ws/install/example_bringup:/home/tatsuki/ROS2Dev/test_ws/install/first_package:/home/tatsuki/MAN_ws/install/motors_processor:/home/tatsuki/MAN_ws/install/image_processor:/opt/ros/humble /usr/bin/cmake --build /home/tatsuki/Snake_ws/build/snake_bringup -- -j12 -l12
[1.091s] INFO:colcon.colcon_core.task.python.build:Building Python package in '/home/tatsuki/Snake_ws/src/snake_server'
[1.091s] INFO:colcon.colcon_core.shell:Skip shell extension 'powershell' for command environment: Not usable outside of PowerShell
[1.091s] DEBUG:colcon.colcon_core.shell:Skip shell extension 'dsv' for command environment
[1.128s] DEBUG:colcon.colcon_core.event_handler.log_command:Invoking command in '/home/tatsuki/Snake_ws/build/snake_bringup': CMAKE_PREFIX_PATH=${CMAKE_PREFIX_PATH}:/home/tatsuki/Snake_ws/install/snake_server:/home/tatsuki/Snake_ws/install/snake_motors:/home/tatsuki/ROS2Dev/repositorio_ws/install/example_description:/home/tatsuki/ROS2Dev/repositorio_ws/install/example_bringup:/home/tatsuki/ROS2Dev/test_ws/install/first_package:/home/tatsuki/MAN_ws/install/motors_processor:/home/tatsuki/MAN_ws/install/image_processor:/opt/ros/humble /usr/bin/cmake --install /home/tatsuki/Snake_ws/build/snake_bringup
[1.161s] Level 1:colcon.colcon_core.environment:create_environment_scripts_only(snake_bringup)
[1.162s] DEBUG:colcon.colcon_core.event_handler.log_command:Invoked command in '/home/tatsuki/Snake_ws/build/snake_bringup' returned '0': CMAKE_PREFIX_PATH=${CMAKE_PREFIX_PATH}:/home/tatsuki/Snake_ws/install/snake_server:/home/tatsuki/Snake_ws/install/snake_motors:/home/tatsuki/ROS2Dev/repositorio_ws/install/example_description:/home/tatsuki/ROS2Dev/repositorio_ws/install/example_bringup:/home/tatsuki/ROS2Dev/test_ws/install/first_package:/home/tatsuki/MAN_ws/install/motors_processor:/home/tatsuki/MAN_ws/install/image_processor:/opt/ros/humble /usr/bin/cmake --install /home/tatsuki/Snake_ws/build/snake_bringup
[1.165s] Level 1:colcon.colcon_core.environment:checking '/home/tatsuki/Snake_ws/install/snake_bringup' for CMake module files
[1.166s] Level 1:colcon.colcon_core.environment:checking '/home/tatsuki/Snake_ws/install/snake_bringup' for CMake config files
[1.166s] Level 1:colcon.colcon_core.shell:create_environment_hook('snake_bringup', 'cmake_prefix_path')
[1.167s] INFO:colcon.colcon_core.shell:Creating environment hook '/home/tatsuki/Snake_ws/install/snake_bringup/share/snake_bringup/hook/cmake_prefix_path.ps1'
[1.167s] INFO:colcon.colcon_core.shell:Creating environment descriptor '/home/tatsuki/Snake_ws/install/snake_bringup/share/snake_bringup/hook/cmake_prefix_path.dsv'
[1.168s] INFO:colcon.colcon_core.shell:Creating environment hook '/home/tatsuki/Snake_ws/install/snake_bringup/share/snake_bringup/hook/cmake_prefix_path.sh'
[1.168s] Level 1:colcon.colcon_core.environment:checking '/home/tatsuki/Snake_ws/install/snake_bringup/bin'
[1.168s] Level 1:colcon.colcon_core.environment:checking '/home/tatsuki/Snake_ws/install/snake_bringup/lib/pkgconfig/snake_bringup.pc'
[1.169s] Level 1:colcon.colcon_core.environment:checking '/home/tatsuki/Snake_ws/install/snake_bringup/lib/python3.10/site-packages'
[1.169s] Level 1:colcon.colcon_core.environment:checking '/home/tatsuki/Snake_ws/install/snake_bringup/bin'
[1.169s] INFO:colcon.colcon_core.shell:Creating package script '/home/tatsuki/Snake_ws/install/snake_bringup/share/snake_bringup/package.ps1'
[1.171s] INFO:colcon.colcon_core.shell:Creating package descriptor '/home/tatsuki/Snake_ws/install/snake_bringup/share/snake_bringup/package.dsv'
[1.172s] INFO:colcon.colcon_core.shell:Creating package script '/home/tatsuki/Snake_ws/install/snake_bringup/share/snake_bringup/package.sh'
[1.173s] INFO:colcon.colcon_core.shell:Creating package script '/home/tatsuki/Snake_ws/install/snake_bringup/share/snake_bringup/package.bash'
[1.174s] INFO:colcon.colcon_core.shell:Creating package script '/home/tatsuki/Snake_ws/install/snake_bringup/share/snake_bringup/package.zsh'
[1.175s] Level 1:colcon.colcon_core.environment:create_file_with_runtime_dependencies(/home/tatsuki/Snake_ws/install/snake_bringup/share/colcon-core/packages/snake_bringup)
[1.200s] Level 1:colcon.colcon_core.environment:create_environment_scripts_only(snake_bringup)
[1.201s] Level 1:colcon.colcon_core.environment:checking '/home/tatsuki/Snake_ws/install/snake_bringup' for CMake module files
[1.201s] Level 1:colcon.colcon_core.environment:checking '/home/tatsuki/Snake_ws/install/snake_bringup' for CMake config files
[1.201s] Level 1:colcon.colcon_core.shell:create_environment_hook('snake_bringup', 'cmake_prefix_path')
[1.201s] INFO:colcon.colcon_core.shell:Creating environment hook '/home/tatsuki/Snake_ws/install/snake_bringup/share/snake_bringup/hook/cmake_prefix_path.ps1'
[1.202s] INFO:colcon.colcon_core.shell:Creating environment descriptor '/home/tatsuki/Snake_ws/install/snake_bringup/share/snake_bringup/hook/cmake_prefix_path.dsv'
[1.202s] INFO:colcon.colcon_core.shell:Creating environment hook '/home/tatsuki/Snake_ws/install/snake_bringup/share/snake_bringup/hook/cmake_prefix_path.sh'
[1.203s] Level 1:colcon.colcon_core.environment:checking '/home/tatsuki/Snake_ws/install/snake_bringup/bin'
[1.203s] Level 1:colcon.colcon_core.environment:checking '/home/tatsuki/Snake_ws/install/snake_bringup/lib/pkgconfig/snake_bringup.pc'
[1.203s] Level 1:colcon.colcon_core.environment:checking '/home/tatsuki/Snake_ws/install/snake_bringup/lib/python3.10/site-packages'
[1.203s] Level 1:colcon.colcon_core.environment:checking '/home/tatsuki/Snake_ws/install/snake_bringup/bin'
[1.203s] INFO:colcon.colcon_core.shell:Creating package script '/home/tatsuki/Snake_ws/install/snake_bringup/share/snake_bringup/package.ps1'
[1.204s] INFO:colcon.colcon_core.shell:Creating package descriptor '/home/tatsuki/Snake_ws/install/snake_bringup/share/snake_bringup/package.dsv'
[1.204s] INFO:colcon.colcon_core.shell:Creating package script '/home/tatsuki/Snake_ws/install/snake_bringup/share/snake_bringup/package.sh'
[1.205s] INFO:colcon.colcon_core.shell:Creating package script '/home/tatsuki/Snake_ws/install/snake_bringup/share/snake_bringup/package.bash'
[1.205s] INFO:colcon.colcon_core.shell:Creating package script '/home/tatsuki/Snake_ws/install/snake_bringup/share/snake_bringup/package.zsh'
[1.205s] Level 1:colcon.colcon_core.environment:create_file_with_runtime_dependencies(/home/tatsuki/Snake_ws/install/snake_bringup/share/colcon-core/packages/snake_bringup)
[1.222s] DEBUG:colcon.colcon_core.event_handler.log_command:Invoked command in '/home/tatsuki/Snake_ws/build/snake_msgs' returned '0': CMAKE_PREFIX_PATH=${CMAKE_PREFIX_PATH}:/home/tatsuki/Snake_ws/install/snake_server:/home/tatsuki/Snake_ws/install/snake_motors:/home/tatsuki/ROS2Dev/repositorio_ws/install/example_description:/home/tatsuki/ROS2Dev/repositorio_ws/install/example_bringup:/home/tatsuki/ROS2Dev/test_ws/install/first_package:/home/tatsuki/MAN_ws/install/motors_processor:/home/tatsuki/MAN_ws/install/image_processor:/opt/ros/humble /usr/bin/cmake --build /home/tatsuki/Snake_ws/build/snake_msgs -- -j12 -l12
[1.349s] DEBUG:colcon.colcon_core.event_handler.log_command:Invoking command in '/home/tatsuki/Snake_ws/build/snake_msgs': CMAKE_PREFIX_PATH=${CMAKE_PREFIX_PATH}:/home/tatsuki/Snake_ws/install/snake_server:/home/tatsuki/Snake_ws/install/snake_motors:/home/tatsuki/ROS2Dev/repositorio_ws/install/example_description:/home/tatsuki/ROS2Dev/repositorio_ws/install/example_bringup:/home/tatsuki/ROS2Dev/test_ws/install/first_package:/home/tatsuki/MAN_ws/install/motors_processor:/home/tatsuki/MAN_ws/install/image_processor:/opt/ros/humble /usr/bin/cmake --install /home/tatsuki/Snake_ws/build/snake_msgs
[1.434s] Level 1:colcon.colcon_core.environment:create_environment_scripts_only(snake_msgs)
[1.435s] Level 1:colcon.colcon_core.environment:checking '/home/tatsuki/Snake_ws/install/snake_msgs' for CMake module files
[1.435s] DEBUG:colcon.colcon_core.event_handler.log_command:Invoked command in '/home/tatsuki/Snake_ws/build/snake_msgs' returned '0': CMAKE_PREFIX_PATH=${CMAKE_PREFIX_PATH}:/home/tatsuki/Snake_ws/install/snake_server:/home/tatsuki/Snake_ws/install/snake_motors:/home/tatsuki/ROS2Dev/repositorio_ws/install/example_description:/home/tatsuki/ROS2Dev/repositorio_ws/install/example_bringup:/home/tatsuki/ROS2Dev/test_ws/install/first_package:/home/tatsuki/MAN_ws/install/motors_processor:/home/tatsuki/MAN_ws/install/image_processor:/opt/ros/humble /usr/bin/cmake --install /home/tatsuki/Snake_ws/build/snake_msgs
[1.437s] Level 1:colcon.colcon_core.environment:checking '/home/tatsuki/Snake_ws/install/snake_msgs' for CMake config files
[1.438s] Level 1:colcon.colcon_core.shell:create_environment_hook('snake_msgs', 'cmake_prefix_path')
[1.439s] INFO:colcon.colcon_core.shell:Creating environment hook '/home/tatsuki/Snake_ws/install/snake_msgs/share/snake_msgs/hook/cmake_prefix_path.ps1'
[1.439s] INFO:colcon.colcon_core.shell:Creating environment descriptor '/home/tatsuki/Snake_ws/install/snake_msgs/share/snake_msgs/hook/cmake_prefix_path.dsv'
[1.440s] INFO:colcon.colcon_core.shell:Creating environment hook '/home/tatsuki/Snake_ws/install/snake_msgs/share/snake_msgs/hook/cmake_prefix_path.sh'
[1.441s] Level 1:colcon.colcon_core.environment:checking '/home/tatsuki/Snake_ws/install/snake_msgs/lib'
[1.441s] Level 1:colcon.colcon_core.shell:create_environment_hook('snake_msgs', 'ld_library_path_lib')
[1.442s] INFO:colcon.colcon_core.shell:Creating environment hook '/home/tatsuki/Snake_ws/install/snake_msgs/share/snake_msgs/hook/ld_library_path_lib.ps1'
[1.442s] INFO:colcon.colcon_core.shell:Creating environment descriptor '/home/tatsuki/Snake_ws/install/snake_msgs/share/snake_msgs/hook/ld_library_path_lib.dsv'
[1.443s] INFO:colcon.colcon_core.shell:Creating environment hook '/home/tatsuki/Snake_ws/install/snake_msgs/share/snake_msgs/hook/ld_library_path_lib.sh'
[1.444s] Level 1:colcon.colcon_core.environment:checking '/home/tatsuki/Snake_ws/install/snake_msgs/bin'
[1.444s] Level 1:colcon.colcon_core.environment:checking '/home/tatsuki/Snake_ws/install/snake_msgs/lib/pkgconfig/snake_msgs.pc'
[1.444s] Level 1:colcon.colcon_core.environment:checking '/home/tatsuki/Snake_ws/install/snake_msgs/lib/python3.10/site-packages'
[1.444s] Level 1:colcon.colcon_core.environment:checking '/home/tatsuki/Snake_ws/install/snake_msgs/bin'
[1.445s] INFO:colcon.colcon_core.shell:Creating package script '/home/tatsuki/Snake_ws/install/snake_msgs/share/snake_msgs/package.ps1'
[1.446s] INFO:colcon.colcon_core.shell:Creating package descriptor '/home/tatsuki/Snake_ws/install/snake_msgs/share/snake_msgs/package.dsv'
[1.447s] INFO:colcon.colcon_core.shell:Creating package script '/home/tatsuki/Snake_ws/install/snake_msgs/share/snake_msgs/package.sh'
[1.447s] INFO:colcon.colcon_core.shell:Creating package script '/home/tatsuki/Snake_ws/install/snake_msgs/share/snake_msgs/package.bash'
[1.448s] INFO:colcon.colcon_core.shell:Creating package script '/home/tatsuki/Snake_ws/install/snake_msgs/share/snake_msgs/package.zsh'
[1.449s] Level 1:colcon.colcon_core.environment:create_file_with_runtime_dependencies(/home/tatsuki/Snake_ws/install/snake_msgs/share/colcon-core/packages/snake_msgs)
[1.566s] Level 1:colcon.colcon_core.environment:create_environment_scripts_only(snake_msgs)
[1.567s] Level 1:colcon.colcon_core.environment:checking '/home/tatsuki/Snake_ws/install/snake_msgs' for CMake module files
[1.568s] Level 1:colcon.colcon_core.environment:checking '/home/tatsuki/Snake_ws/install/snake_msgs' for CMake config files
[1.569s] Level 1:colcon.colcon_core.shell:create_environment_hook('snake_msgs', 'cmake_prefix_path')
[1.570s] INFO:colcon.colcon_core.shell:Creating environment hook '/home/tatsuki/Snake_ws/install/snake_msgs/share/snake_msgs/hook/cmake_prefix_path.ps1'
[1.571s] INFO:colcon.colcon_core.shell:Creating environment descriptor '/home/tatsuki/Snake_ws/install/snake_msgs/share/snake_msgs/hook/cmake_prefix_path.dsv'
[1.571s] INFO:colcon.colcon_core.shell:Creating environment hook '/home/tatsuki/Snake_ws/install/snake_msgs/share/snake_msgs/hook/cmake_prefix_path.sh'
[1.572s] Level 1:colcon.colcon_core.environment:checking '/home/tatsuki/Snake_ws/install/snake_msgs/lib'
[1.572s] Level 1:colcon.colcon_core.shell:create_environment_hook('snake_msgs', 'ld_library_path_lib')
[1.573s] INFO:colcon.colcon_core.shell:Creating environment hook '/home/tatsuki/Snake_ws/install/snake_msgs/share/snake_msgs/hook/ld_library_path_lib.ps1'
[1.574s] INFO:colcon.colcon_core.shell:Creating environment descriptor '/home/tatsuki/Snake_ws/install/snake_msgs/share/snake_msgs/hook/ld_library_path_lib.dsv'
[1.574s] INFO:colcon.colcon_core.shell:Creating environment hook '/home/tatsuki/Snake_ws/install/snake_msgs/share/snake_msgs/hook/ld_library_path_lib.sh'
[1.575s] Level 1:colcon.colcon_core.environment:checking '/home/tatsuki/Snake_ws/install/snake_msgs/bin'
[1.575s] Level 1:colcon.colcon_core.environment:checking '/home/tatsuki/Snake_ws/install/snake_msgs/lib/pkgconfig/snake_msgs.pc'
[1.576s] Level 1:colcon.colcon_core.environment:checking '/home/tatsuki/Snake_ws/install/snake_msgs/lib/python3.10/site-packages'
[1.576s] Level 1:colcon.colcon_core.environment:checking '/home/tatsuki/Snake_ws/install/snake_msgs/bin'
[1.576s] INFO:colcon.colcon_core.shell:Creating package script '/home/tatsuki/Snake_ws/install/snake_msgs/share/snake_msgs/package.ps1'
[1.577s] INFO:colcon.colcon_core.shell:Creating package descriptor '/home/tatsuki/Snake_ws/install/snake_msgs/share/snake_msgs/package.dsv'
[1.578s] INFO:colcon.colcon_core.shell:Creating package script '/home/tatsuki/Snake_ws/install/snake_msgs/share/snake_msgs/package.sh'
[1.579s] INFO:colcon.colcon_core.shell:Creating package script '/home/tatsuki/Snake_ws/install/snake_msgs/share/snake_msgs/package.bash'
[1.580s] INFO:colcon.colcon_core.shell:Creating package script '/home/tatsuki/Snake_ws/install/snake_msgs/share/snake_msgs/package.zsh'
[1.581s] Level 1:colcon.colcon_core.environment:create_file_with_runtime_dependencies(/home/tatsuki/Snake_ws/install/snake_msgs/share/colcon-core/packages/snake_msgs)
[1.586s] DEBUG:colcon.colcon_core.event_handler.log_command:Invoking command in '/home/tatsuki/Snake_ws/build/snake_motors': PYTHONPATH=/home/tatsuki/Snake_ws/build/snake_motors/prefix_override:/usr/lib/python3/dist-packages/colcon_core/task/python/colcon_distutils_commands:/home/tatsuki/Snake_ws/install/snake_motors/lib/python3.10/site-packages:${PYTHONPATH} /usr/bin/python3 -W ignore:setup.py install is deprecated setup.py develop --editable --build-directory /home/tatsuki/Snake_ws/build/snake_motors/build --no-deps symlink_data
[1.603s] DEBUG:colcon.colcon_core.event_handler.log_command:Invoking command in '/home/tatsuki/Snake_ws/build/snake_server': PYTHONPATH=/home/tatsuki/Snake_ws/build/snake_server/prefix_override:/usr/lib/python3/dist-packages/colcon_core/task/python/colcon_distutils_commands:/home/tatsuki/Snake_ws/install/snake_server/lib/python3.10/site-packages:${PYTHONPATH} /usr/bin/python3 -W ignore:setup.py install is deprecated setup.py develop --editable --build-directory /home/tatsuki/Snake_ws/build/snake_server/build --no-deps symlink_data
[2.252s] Level 1:colcon.colcon_core.shell:create_environment_hook('snake_server', 'pythonpath_develop')
[2.253s] INFO:colcon.colcon_core.shell:Creating environment hook '/home/tatsuki/Snake_ws/build/snake_server/share/snake_server/hook/pythonpath_develop.ps1'
[2.253s] DEBUG:colcon.colcon_core.event_handler.log_command:Invoked command in '/home/tatsuki/Snake_ws/build/snake_server' returned '0': PYTHONPATH=/home/tatsuki/Snake_ws/build/snake_server/prefix_override:/usr/lib/python3/dist-packages/colcon_core/task/python/colcon_distutils_commands:/home/tatsuki/Snake_ws/install/snake_server/lib/python3.10/site-packages:${PYTHONPATH} /usr/bin/python3 -W ignore:setup.py install is deprecated setup.py develop --editable --build-directory /home/tatsuki/Snake_ws/build/snake_server/build --no-deps symlink_data
[2.254s] INFO:colcon.colcon_core.shell:Creating environment descriptor '/home/tatsuki/Snake_ws/build/snake_server/share/snake_server/hook/pythonpath_develop.dsv'
[2.254s] INFO:colcon.colcon_core.shell:Creating environment hook '/home/tatsuki/Snake_ws/build/snake_server/share/snake_server/hook/pythonpath_develop.sh'
[2.255s] Level 1:colcon.colcon_core.environment:checking '/home/tatsuki/Snake_ws/install/snake_server' for CMake module files
[2.256s] Level 1:colcon.colcon_core.environment:checking '/home/tatsuki/Snake_ws/install/snake_server' for CMake config files
[2.256s] Level 1:colcon.colcon_core.environment:checking '/home/tatsuki/Snake_ws/install/snake_server/lib'
[2.256s] Level 1:colcon.colcon_core.environment:checking '/home/tatsuki/Snake_ws/install/snake_server/bin'
[2.256s] Level 1:colcon.colcon_core.environment:checking '/home/tatsuki/Snake_ws/install/snake_server/lib/pkgconfig/snake_server.pc'
[2.257s] Level 1:colcon.colcon_core.environment:checking '/home/tatsuki/Snake_ws/install/snake_server/lib/python3.10/site-packages'
[2.257s] Level 1:colcon.colcon_core.shell:create_environment_hook('snake_server', 'pythonpath')
[2.257s] INFO:colcon.colcon_core.shell:Creating environment hook '/home/tatsuki/Snake_ws/install/snake_server/share/snake_server/hook/pythonpath.ps1'
[2.258s] INFO:colcon.colcon_core.shell:Creating environment descriptor '/home/tatsuki/Snake_ws/install/snake_server/share/snake_server/hook/pythonpath.dsv'
[2.258s] INFO:colcon.colcon_core.shell:Creating environment hook '/home/tatsuki/Snake_ws/install/snake_server/share/snake_server/hook/pythonpath.sh'
[2.259s] Level 1:colcon.colcon_core.environment:checking '/home/tatsuki/Snake_ws/install/snake_server/bin'
[2.259s] Level 1:colcon.colcon_core.environment:create_environment_scripts_only(snake_server)
[2.260s] INFO:colcon.colcon_core.shell:Creating package script '/home/tatsuki/Snake_ws/install/snake_server/share/snake_server/package.ps1'
[2.260s] INFO:colcon.colcon_core.shell:Creating package descriptor '/home/tatsuki/Snake_ws/install/snake_server/share/snake_server/package.dsv'
[2.261s] INFO:colcon.colcon_core.shell:Creating package script '/home/tatsuki/Snake_ws/install/snake_server/share/snake_server/package.sh'
[2.262s] INFO:colcon.colcon_core.shell:Creating package script '/home/tatsuki/Snake_ws/install/snake_server/share/snake_server/package.bash'
[2.263s] INFO:colcon.colcon_core.shell:Creating package script '/home/tatsuki/Snake_ws/install/snake_server/share/snake_server/package.zsh'
[2.263s] Level 1:colcon.colcon_core.environment:create_file_with_runtime_dependencies(/home/tatsuki/Snake_ws/install/snake_server/share/colcon-core/packages/snake_server)
[2.271s] Level 1:colcon.colcon_core.shell:create_environment_hook('snake_motors', 'pythonpath_develop')
[2.272s] INFO:colcon.colcon_core.shell:Creating environment hook '/home/tatsuki/Snake_ws/build/snake_motors/share/snake_motors/hook/pythonpath_develop.ps1'
[2.273s] DEBUG:colcon.colcon_core.event_handler.log_command:Invoked command in '/home/tatsuki/Snake_ws/build/snake_motors' returned '0': PYTHONPATH=/home/tatsuki/Snake_ws/build/snake_motors/prefix_override:/usr/lib/python3/dist-packages/colcon_core/task/python/colcon_distutils_commands:/home/tatsuki/Snake_ws/install/snake_motors/lib/python3.10/site-packages:${PYTHONPATH} /usr/bin/python3 -W ignore:setup.py install is deprecated setup.py develop --editable --build-directory /home/tatsuki/Snake_ws/build/snake_motors/build --no-deps symlink_data
[2.273s] INFO:colcon.colcon_core.shell:Creating environment descriptor '/home/tatsuki/Snake_ws/build/snake_motors/share/snake_motors/hook/pythonpath_develop.dsv'
[2.274s] INFO:colcon.colcon_core.shell:Creating environment hook '/home/tatsuki/Snake_ws/build/snake_motors/share/snake_motors/hook/pythonpath_develop.sh'
[2.274s] Level 1:colcon.colcon_core.environment:checking '/home/tatsuki/Snake_ws/install/snake_motors' for CMake module files
[2.275s] Level 1:colcon.colcon_core.environment:checking '/home/tatsuki/Snake_ws/install/snake_motors' for CMake config files
[2.276s] Level 1:colcon.colcon_core.environment:checking '/home/tatsuki/Snake_ws/install/snake_motors/lib'
[2.276s] Level 1:colcon.colcon_core.environment:checking '/home/tatsuki/Snake_ws/install/snake_motors/bin'
[2.276s] Level 1:colcon.colcon_core.environment:checking '/home/tatsuki/Snake_ws/install/snake_motors/lib/pkgconfig/snake_motors.pc'
[2.277s] Level 1:colcon.colcon_core.environment:checking '/home/tatsuki/Snake_ws/install/snake_motors/lib/python3.10/site-packages'
[2.277s] Level 1:colcon.colcon_core.shell:create_environment_hook('snake_motors', 'pythonpath')
[2.277s] INFO:colcon.colcon_core.shell:Creating environment hook '/home/tatsuki/Snake_ws/install/snake_motors/share/snake_motors/hook/pythonpath.ps1'
[2.278s] INFO:colcon.colcon_core.shell:Creating environment descriptor '/home/tatsuki/Snake_ws/install/snake_motors/share/snake_motors/hook/pythonpath.dsv'
[2.279s] INFO:colcon.colcon_core.shell:Creating environment hook '/home/tatsuki/Snake_ws/install/snake_motors/share/snake_motors/hook/pythonpath.sh'
[2.279s] Level 1:colcon.colcon_core.environment:checking '/home/tatsuki/Snake_ws/install/snake_motors/bin'
[2.280s] Level 1:colcon.colcon_core.environment:create_environment_scripts_only(snake_motors)
[2.280s] INFO:colcon.colcon_core.shell:Creating package script '/home/tatsuki/Snake_ws/install/snake_motors/share/snake_motors/package.ps1'
[2.281s] INFO:colcon.colcon_core.shell:Creating package descriptor '/home/tatsuki/Snake_ws/install/snake_motors/share/snake_motors/package.dsv'
[2.282s] INFO:colcon.colcon_core.shell:Creating package script '/home/tatsuki/Snake_ws/install/snake_motors/share/snake_motors/package.sh'
[2.283s] INFO:colcon.colcon_core.shell:Creating package script '/home/tatsuki/Snake_ws/install/snake_motors/share/snake_motors/package.bash'
[2.284s] INFO:colcon.colcon_core.shell:Creating package script '/home/tatsuki/Snake_ws/install/snake_motors/share/snake_motors/package.zsh'
[2.285s] Level 1:colcon.colcon_core.environment:create_file_with_runtime_dependencies(/home/tatsuki/Snake_ws/install/snake_motors/share/colcon-core/packages/snake_motors)
[2.286s] DEBUG:colcon.colcon_parallel_executor.executor.parallel:closing loop
[2.287s] DEBUG:colcon.colcon_parallel_executor.executor.parallel:loop closed
[2.287s] DEBUG:colcon.colcon_parallel_executor.executor.parallel:run_until_complete finished with '0'
[2.287s] DEBUG:colcon.colcon_core.event_reactor:joining thread
[2.297s] INFO:colcon.colcon_core.plugin_system:Skipping extension 'colcon_notification.desktop_notification.terminal_notifier': Not used on non-Darwin systems
[2.297s] INFO:colcon.colcon_core.plugin_system:Skipping extension 'colcon_notification.desktop_notification.win32': Not used on non-Windows systems
[2.297s] INFO:colcon.colcon_notification.desktop_notification:Sending desktop notification using 'notify2'
[2.317s] DEBUG:colcon.colcon_core.event_reactor:joined thread
[2.317s] INFO:colcon.colcon_core.shell:Creating prefix script '/home/tatsuki/Snake_ws/install/local_setup.ps1'
[2.319s] INFO:colcon.colcon_core.shell:Creating prefix util module '/home/tatsuki/Snake_ws/install/_local_setup_util_ps1.py'
[2.320s] INFO:colcon.colcon_core.shell:Creating prefix chain script '/home/tatsuki/Snake_ws/install/setup.ps1'
[2.322s] INFO:colcon.colcon_core.shell:Creating prefix script '/home/tatsuki/Snake_ws/install/local_setup.sh'
[2.323s] INFO:colcon.colcon_core.shell:Creating prefix util module '/home/tatsuki/Snake_ws/install/_local_setup_util_sh.py'
[2.323s] INFO:colcon.colcon_core.shell:Creating prefix chain script '/home/tatsuki/Snake_ws/install/setup.sh'
[2.325s] INFO:colcon.colcon_core.shell:Creating prefix script '/home/tatsuki/Snake_ws/install/local_setup.bash'
[2.326s] INFO:colcon.colcon_core.shell:Creating prefix chain script '/home/tatsuki/Snake_ws/install/setup.bash'
[2.327s] INFO:colcon.colcon_core.shell:Creating prefix script '/home/tatsuki/Snake_ws/install/local_setup.zsh'
[2.328s] INFO:colcon.colcon_core.shell:Creating prefix chain script '/home/tatsuki/Snake_ws/install/setup.zsh'
