[0.154s] DEBUG:colcon:Command line arguments: ['/usr/bin/colcon', 'list', '-p', '--base-paths', '/home/tatsuki/Snake_ws']
[0.154s] DEBUG:colcon:Parsed command line arguments: Namespace(log_base=None, log_level=None, verb_name='list', build_base='build', ignore_user_meta=False, metas=['./colcon.meta'], base_paths=['/home/tatsuki/Snake_ws'], packages_ignore=None, packages_ignore_regex=None, paths=None, packages_up_to=None, packages_up_to_regex=None, packages_above=None, packages_above_and_dependencies=None, packages_above_depth=None, packages_select_by_dep=None, packages_skip_by_dep=None, packages_skip_up_to=None, packages_select_build_failed=False, packages_skip_build_finished=False, packages_select_test_failures=False, packages_skip_test_passed=False, packages_select=None, packages_skip=None, packages_select_regex=None, packages_skip_regex=None, packages_start=None, packages_end=None, allow_overriding=[], topological_order=False, names_only=False, paths_only=True, topological_graph=False, topological_graph_dot=False, topological_graph_density=False, topological_graph_legend=False, topological_graph_dot_cluster=False, topological_graph_dot_include_skipped=False, verb_parser=<colcon_defaults.argument_parser.defaults.DefaultArgumentsDecorator object at 0x728ccad2fe80>, verb_extension=<colcon_package_information.verb.list.ListVerb object at 0x728ccae68880>, main=<bound method ListVerb.main of <colcon_package_information.verb.list.ListVerb object at 0x728ccae68880>>)
[0.505s] Level 1:colcon.colcon_core.package_discovery:discover_packages(colcon_meta) check parameters
[0.506s] Level 1:colcon.colcon_core.package_discovery:discover_packages(recursive) check parameters
[0.506s] Level 1:colcon.colcon_core.package_discovery:discover_packages(ignore) check parameters
[0.506s] Level 1:colcon.colcon_core.package_discovery:discover_packages(path) check parameters
[0.506s] Level 1:colcon.colcon_core.package_discovery:discover_packages(recursive) discover
[0.506s] INFO:colcon.colcon_core.package_discovery:Crawling recursively for packages in '/home/tatsuki/Snake_ws'
[0.506s] Level 1:colcon.colcon_core.package_identification:_identify(/home/tatsuki/Snake_ws) by extensions ['ignore', 'ignore_ament_install']
[0.506s] Level 1:colcon.colcon_core.package_identification:_identify(/home/tatsuki/Snake_ws) by extension 'ignore'
[0.506s] Level 1:colcon.colcon_core.package_identification:_identify(/home/tatsuki/Snake_ws) by extension 'ignore_ament_install'
[0.507s] Level 1:colcon.colcon_core.package_identification:_identify(/home/tatsuki/Snake_ws) by extensions ['colcon_pkg']
[0.507s] Level 1:colcon.colcon_core.package_identification:_identify(/home/tatsuki/Snake_ws) by extension 'colcon_pkg'
[0.507s] Level 1:colcon.colcon_core.package_identification:_identify(/home/tatsuki/Snake_ws) by extensions ['colcon_meta']
[0.507s] Level 1:colcon.colcon_core.package_identification:_identify(/home/tatsuki/Snake_ws) by extension 'colcon_meta'
[0.507s] Level 1:colcon.colcon_core.package_identification:_identify(/home/tatsuki/Snake_ws) by extensions ['ros']
[0.507s] Level 1:colcon.colcon_core.package_identification:_identify(/home/tatsuki/Snake_ws) by extension 'ros'
[0.525s] Level 1:colcon.colcon_core.package_identification:_identify(/home/tatsuki/Snake_ws) by extensions ['cmake', 'python']
[0.525s] Level 1:colcon.colcon_core.package_identification:_identify(/home/tatsuki/Snake_ws) by extension 'cmake'
[0.525s] Level 1:colcon.colcon_core.package_identification:_identify(/home/tatsuki/Snake_ws) by extension 'python'
[0.525s] Level 1:colcon.colcon_core.package_identification:_identify(/home/tatsuki/Snake_ws) by extensions ['python_setup_py']
[0.525s] Level 1:colcon.colcon_core.package_identification:_identify(/home/tatsuki/Snake_ws) by extension 'python_setup_py'
[0.525s] Level 1:colcon.colcon_core.package_identification:_identify(/home/tatsuki/Snake_ws/build) by extensions ['ignore', 'ignore_ament_install']
[0.526s] Level 1:colcon.colcon_core.package_identification:_identify(/home/tatsuki/Snake_ws/build) by extension 'ignore'
[0.526s] Level 1:colcon.colcon_core.package_identification:_identify(/home/tatsuki/Snake_ws/build) ignored
[0.526s] Level 1:colcon.colcon_core.package_identification:_identify(/home/tatsuki/Snake_ws/install) by extensions ['ignore', 'ignore_ament_install']
[0.526s] Level 1:colcon.colcon_core.package_identification:_identify(/home/tatsuki/Snake_ws/install) by extension 'ignore'
[0.526s] Level 1:colcon.colcon_core.package_identification:_identify(/home/tatsuki/Snake_ws/install) ignored
[0.526s] Level 1:colcon.colcon_core.package_identification:_identify(/home/tatsuki/Snake_ws/log) by extensions ['ignore', 'ignore_ament_install']
[0.526s] Level 1:colcon.colcon_core.package_identification:_identify(/home/tatsuki/Snake_ws/log) by extension 'ignore'
[0.526s] Level 1:colcon.colcon_core.package_identification:_identify(/home/tatsuki/Snake_ws/log) ignored
[0.527s] Level 1:colcon.colcon_core.package_identification:_identify(/home/tatsuki/Snake_ws/snakeModule) by extensions ['ignore', 'ignore_ament_install']
[0.527s] Level 1:colcon.colcon_core.package_identification:_identify(/home/tatsuki/Snake_ws/snakeModule) by extension 'ignore'
[0.527s] Level 1:colcon.colcon_core.package_identification:_identify(/home/tatsuki/Snake_ws/snakeModule) by extension 'ignore_ament_install'
[0.527s] Level 1:colcon.colcon_core.package_identification:_identify(/home/tatsuki/Snake_ws/snakeModule) by extensions ['colcon_pkg']
[0.527s] Level 1:colcon.colcon_core.package_identification:_identify(/home/tatsuki/Snake_ws/snakeModule) by extension 'colcon_pkg'
[0.527s] Level 1:colcon.colcon_core.package_identification:_identify(/home/tatsuki/Snake_ws/snakeModule) by extensions ['colcon_meta']
[0.527s] Level 1:colcon.colcon_core.package_identification:_identify(/home/tatsuki/Snake_ws/snakeModule) by extension 'colcon_meta'
[0.527s] Level 1:colcon.colcon_core.package_identification:_identify(/home/tatsuki/Snake_ws/snakeModule) by extensions ['ros']
[0.527s] Level 1:colcon.colcon_core.package_identification:_identify(/home/tatsuki/Snake_ws/snakeModule) by extension 'ros'
[0.527s] Level 1:colcon.colcon_core.package_identification:_identify(/home/tatsuki/Snake_ws/snakeModule) by extensions ['cmake', 'python']
[0.527s] Level 1:colcon.colcon_core.package_identification:_identify(/home/tatsuki/Snake_ws/snakeModule) by extension 'cmake'
[0.527s] Level 1:colcon.colcon_core.package_identification:_identify(/home/tatsuki/Snake_ws/snakeModule) by extension 'python'
[0.528s] Level 1:colcon.colcon_core.package_identification:_identify(/home/tatsuki/Snake_ws/snakeModule) by extensions ['python_setup_py']
[0.528s] Level 1:colcon.colcon_core.package_identification:_identify(/home/tatsuki/Snake_ws/snakeModule) by extension 'python_setup_py'
[0.528s] Level 1:colcon.colcon_core.package_identification:_identify(/home/tatsuki/Snake_ws/src) by extensions ['ignore', 'ignore_ament_install']
[0.528s] Level 1:colcon.colcon_core.package_identification:_identify(/home/tatsuki/Snake_ws/src) by extension 'ignore'
[0.528s] Level 1:colcon.colcon_core.package_identification:_identify(/home/tatsuki/Snake_ws/src) by extension 'ignore_ament_install'
[0.528s] Level 1:colcon.colcon_core.package_identification:_identify(/home/tatsuki/Snake_ws/src) by extensions ['colcon_pkg']
[0.528s] Level 1:colcon.colcon_core.package_identification:_identify(/home/tatsuki/Snake_ws/src) by extension 'colcon_pkg'
[0.528s] Level 1:colcon.colcon_core.package_identification:_identify(/home/tatsuki/Snake_ws/src) by extensions ['colcon_meta']
[0.528s] Level 1:colcon.colcon_core.package_identification:_identify(/home/tatsuki/Snake_ws/src) by extension 'colcon_meta'
[0.528s] Level 1:colcon.colcon_core.package_identification:_identify(/home/tatsuki/Snake_ws/src) by extensions ['ros']
[0.528s] Level 1:colcon.colcon_core.package_identification:_identify(/home/tatsuki/Snake_ws/src) by extension 'ros'
[0.529s] Level 1:colcon.colcon_core.package_identification:_identify(/home/tatsuki/Snake_ws/src) by extensions ['cmake', 'python']
[0.529s] Level 1:colcon.colcon_core.package_identification:_identify(/home/tatsuki/Snake_ws/src) by extension 'cmake'
[0.529s] Level 1:colcon.colcon_core.package_identification:_identify(/home/tatsuki/Snake_ws/src) by extension 'python'
[0.529s] Level 1:colcon.colcon_core.package_identification:_identify(/home/tatsuki/Snake_ws/src) by extensions ['python_setup_py']
[0.529s] Level 1:colcon.colcon_core.package_identification:_identify(/home/tatsuki/Snake_ws/src) by extension 'python_setup_py'
[0.529s] Level 1:colcon.colcon_core.package_identification:_identify(/home/tatsuki/Snake_ws/src/snake_motors) by extensions ['ignore', 'ignore_ament_install']
[0.529s] Level 1:colcon.colcon_core.package_identification:_identify(/home/tatsuki/Snake_ws/src/snake_motors) by extension 'ignore'
[0.529s] Level 1:colcon.colcon_core.package_identification:_identify(/home/tatsuki/Snake_ws/src/snake_motors) by extension 'ignore_ament_install'
[0.530s] Level 1:colcon.colcon_core.package_identification:_identify(/home/tatsuki/Snake_ws/src/snake_motors) by extensions ['colcon_pkg']
[0.530s] Level 1:colcon.colcon_core.package_identification:_identify(/home/tatsuki/Snake_ws/src/snake_motors) by extension 'colcon_pkg'
[0.530s] Level 1:colcon.colcon_core.package_identification:_identify(/home/tatsuki/Snake_ws/src/snake_motors) by extensions ['colcon_meta']
[0.530s] Level 1:colcon.colcon_core.package_identification:_identify(/home/tatsuki/Snake_ws/src/snake_motors) by extension 'colcon_meta'
[0.530s] Level 1:colcon.colcon_core.package_identification:_identify(/home/tatsuki/Snake_ws/src/snake_motors) by extensions ['ros']
[0.530s] Level 1:colcon.colcon_core.package_identification:_identify(/home/tatsuki/Snake_ws/src/snake_motors) by extension 'ros'
[0.534s] DEBUG:colcon.colcon_core.package_identification:Package '/home/tatsuki/Snake_ws/src/snake_motors' with type 'ros.ament_python' and name 'snake_motors'
[0.534s] Level 1:colcon.colcon_core.package_identification:_identify(/home/tatsuki/Snake_ws/src/snake_msgs) by extensions ['ignore', 'ignore_ament_install']
[0.534s] Level 1:colcon.colcon_core.package_identification:_identify(/home/tatsuki/Snake_ws/src/snake_msgs) by extension 'ignore'
[0.534s] Level 1:colcon.colcon_core.package_identification:_identify(/home/tatsuki/Snake_ws/src/snake_msgs) by extension 'ignore_ament_install'
[0.534s] Level 1:colcon.colcon_core.package_identification:_identify(/home/tatsuki/Snake_ws/src/snake_msgs) by extensions ['colcon_pkg']
[0.534s] Level 1:colcon.colcon_core.package_identification:_identify(/home/tatsuki/Snake_ws/src/snake_msgs) by extension 'colcon_pkg'
[0.534s] Level 1:colcon.colcon_core.package_identification:_identify(/home/tatsuki/Snake_ws/src/snake_msgs) by extensions ['colcon_meta']
[0.534s] Level 1:colcon.colcon_core.package_identification:_identify(/home/tatsuki/Snake_ws/src/snake_msgs) by extension 'colcon_meta'
[0.535s] Level 1:colcon.colcon_core.package_identification:_identify(/home/tatsuki/Snake_ws/src/snake_msgs) by extensions ['ros']
[0.535s] Level 1:colcon.colcon_core.package_identification:_identify(/home/tatsuki/Snake_ws/src/snake_msgs) by extension 'ros'
[0.536s] DEBUG:colcon.colcon_core.package_identification:Package '/home/tatsuki/Snake_ws/src/snake_msgs' with type 'ros.ament_cmake' and name 'snake_msgs'
[0.536s] Level 1:colcon.colcon_core.package_identification:_identify(/home/tatsuki/Snake_ws/src/snake_server) by extensions ['ignore', 'ignore_ament_install']
[0.536s] Level 1:colcon.colcon_core.package_identification:_identify(/home/tatsuki/Snake_ws/src/snake_server) by extension 'ignore'
[0.536s] Level 1:colcon.colcon_core.package_identification:_identify(/home/tatsuki/Snake_ws/src/snake_server) by extension 'ignore_ament_install'
[0.536s] Level 1:colcon.colcon_core.package_identification:_identify(/home/tatsuki/Snake_ws/src/snake_server) by extensions ['colcon_pkg']
[0.536s] Level 1:colcon.colcon_core.package_identification:_identify(/home/tatsuki/Snake_ws/src/snake_server) by extension 'colcon_pkg'
[0.537s] Level 1:colcon.colcon_core.package_identification:_identify(/home/tatsuki/Snake_ws/src/snake_server) by extensions ['colcon_meta']
[0.537s] Level 1:colcon.colcon_core.package_identification:_identify(/home/tatsuki/Snake_ws/src/snake_server) by extension 'colcon_meta'
[0.537s] Level 1:colcon.colcon_core.package_identification:_identify(/home/tatsuki/Snake_ws/src/snake_server) by extensions ['ros']
[0.537s] Level 1:colcon.colcon_core.package_identification:_identify(/home/tatsuki/Snake_ws/src/snake_server) by extension 'ros'
[0.538s] DEBUG:colcon.colcon_core.package_identification:Package '/home/tatsuki/Snake_ws/src/snake_server' with type 'ros.ament_python' and name 'snake_server'
[0.538s] Level 1:colcon.colcon_core.package_discovery:discover_packages(recursive) using defaults
