[0.900s] Invoking command in '/home/tatsuki/Snake_ws/build/snake_motors': PYTHONPATH=/home/tatsuki/Snake_ws/build/snake_motors/prefix_override:/home/tatsuki/Snake_ws/install/snake_motors/lib/python3.10/site-packages:${PYTHONPATH} /usr/bin/python3 -W ignore:setup.py install is deprecated setup.py develop --editable --build-directory /home/tatsuki/Snake_ws/build/snake_motors/build --no-deps symlink_data
[1.152s] running develop
[1.294s] running egg_info
[1.294s] creating snake_motors.egg-info
[1.294s] writing snake_motors.egg-info/PKG-INFO
[1.295s] writing dependency_links to snake_motors.egg-info/dependency_links.txt
[1.295s] writing entry points to snake_motors.egg-info/entry_points.txt
[1.295s] writing requirements to snake_motors.egg-info/requires.txt
[1.295s] writing top-level names to snake_motors.egg-info/top_level.txt
[1.295s] writing manifest file 'snake_motors.egg-info/SOURCES.txt'
[1.296s] reading manifest file 'snake_motors.egg-info/SOURCES.txt'
[1.297s] writing manifest file 'snake_motors.egg-info/SOURCES.txt'
[1.298s] running build_ext
[1.298s] Creating /home/tatsuki/Snake_ws/install/snake_motors/lib/python3.10/site-packages/snake-motors.egg-link (link to .)
[1.298s] 
[1.298s] Installed /home/tatsuki/Snake_ws/build/snake_motors
[1.298s] running symlink_data
[1.299s] creating /home/tatsuki/Snake_ws/install/snake_motors/share/ament_index
[1.299s] creating /home/tatsuki/Snake_ws/install/snake_motors/share/ament_index/resource_index
[1.299s] creating /home/tatsuki/Snake_ws/install/snake_motors/share/ament_index/resource_index/packages
[1.299s] symbolically linking /home/tatsuki/Snake_ws/build/snake_motors/resource/snake_motors -> /home/tatsuki/Snake_ws/install/snake_motors/share/ament_index/resource_index/packages
[1.299s] symbolically linking /home/tatsuki/Snake_ws/build/snake_motors/package.xml -> /home/tatsuki/Snake_ws/install/snake_motors/share/snake_motors
[1.363s] Invoked command in '/home/tatsuki/Snake_ws/build/snake_motors' returned '0': PYTHONPATH=/home/tatsuki/Snake_ws/build/snake_motors/prefix_override:/home/tatsuki/Snake_ws/install/snake_motors/lib/python3.10/site-packages:${PYTHONPATH} /usr/bin/python3 -W ignore:setup.py install is deprecated setup.py develop --editable --build-directory /home/tatsuki/Snake_ws/build/snake_motors/build --no-deps symlink_data
