[0.608s] Invoking command in '/home/tatsuki/Snake_ws/build/snake_msgs': CMAKE_PREFIX_PATH=${CMAKE_PREFIX_PATH}:/home/tatsuki/Snake_ws/install/snake_server:/home/tatsuki/Snake_ws/install/snake_motors:/home/tatsuki/ROS2Dev/repositorio_ws/install/example_description:/home/tatsuki/ROS2Dev/repositorio_ws/install/example_bringup:/home/tatsuki/ROS2Dev/test_ws/install/first_package:/home/tatsuki/MAN_ws/install/motors_processor:/home/tatsuki/MAN_ws/install/image_processor:/opt/ros/humble /usr/bin/cmake --build /home/tatsuki/Snake_ws/build/snake_msgs -- -j12 -l12
[0.695s] [  3%] Built target snake_msgs__cpp
[0.708s] [ 12%] Built target snake_msgs__rosidl_generator_c
[0.712s] [ 12%] Built target ament_cmake_python_symlink_snake_msgs
[0.741s] [ 22%] Built target snake_msgs__rosidl_typesupport_cpp
[0.743s] [ 41%] Built target snake_msgs__rosidl_typesupport_fastrtps_cpp
[0.744s] [ 41%] Built target snake_msgs__rosidl_typesupport_introspection_cpp
[0.756s] [ 61%] Built target snake_msgs__rosidl_typesupport_introspection_c
[0.756s] [ 61%] Built target snake_msgs__rosidl_typesupport_c
[0.759s] [ 70%] Built target snake_msgs__rosidl_typesupport_fastrtps_c
[0.798s] [ 70%] Built target snake_msgs
[0.838s] [ 74%] Built target snake_msgs__py
[0.885s] [ 80%] Built target snake_msgs__rosidl_generator_py
[0.930s] [ 93%] Built target snake_msgs__rosidl_typesupport_c__pyext
[0.930s] [ 93%] Built target snake_msgs__rosidl_typesupport_fastrtps_c__pyext
[0.931s] [100%] Built target snake_msgs__rosidl_typesupport_introspection_c__pyext
[1.238s] running egg_info
[1.240s] writing snake_msgs.egg-info/PKG-INFO
[1.240s] writing dependency_links to snake_msgs.egg-info/dependency_links.txt
[1.240s] writing top-level names to snake_msgs.egg-info/top_level.txt
[1.245s] reading manifest file 'snake_msgs.egg-info/SOURCES.txt'
[1.246s] writing manifest file 'snake_msgs.egg-info/SOURCES.txt'
[1.325s] [100%] Built target ament_cmake_python_build_snake_msgs_egg
[1.349s] Invoked command in '/home/tatsuki/Snake_ws/build/snake_msgs' returned '0': CMAKE_PREFIX_PATH=${CMAKE_PREFIX_PATH}:/home/tatsuki/Snake_ws/install/snake_server:/home/tatsuki/Snake_ws/install/snake_motors:/home/tatsuki/ROS2Dev/repositorio_ws/install/example_description:/home/tatsuki/ROS2Dev/repositorio_ws/install/example_bringup:/home/tatsuki/ROS2Dev/test_ws/install/first_package:/home/tatsuki/MAN_ws/install/motors_processor:/home/tatsuki/MAN_ws/install/image_processor:/opt/ros/humble /usr/bin/cmake --build /home/tatsuki/Snake_ws/build/snake_msgs -- -j12 -l12
[1.484s] Invoking command in '/home/tatsuki/Snake_ws/build/snake_msgs': CMAKE_PREFIX_PATH=${CMAKE_PREFIX_PATH}:/home/tatsuki/Snake_ws/install/snake_server:/home/tatsuki/Snake_ws/install/snake_motors:/home/tatsuki/ROS2Dev/repositorio_ws/install/example_description:/home/tatsuki/ROS2Dev/repositorio_ws/install/example_bringup:/home/tatsuki/ROS2Dev/test_ws/install/first_package:/home/tatsuki/MAN_ws/install/motors_processor:/home/tatsuki/MAN_ws/install/image_processor:/opt/ros/humble /usr/bin/cmake --install /home/tatsuki/Snake_ws/build/snake_msgs
[1.498s] -- Install configuration: ""
[1.499s] -- Execute custom install script
[1.499s] -- Up-to-date symlink: /home/tatsuki/Snake_ws/install/snake_msgs/share/ament_index/resource_index/rosidl_interfaces/snake_msgs
[1.500s] -- Up-to-date symlink: /home/tatsuki/Snake_ws/install/snake_msgs/include/snake_msgs/snake_msgs/msg/detail/module__functions.h
[1.500s] -- Up-to-date symlink: /home/tatsuki/Snake_ws/install/snake_msgs/include/snake_msgs/snake_msgs/msg/detail/module__struct.h
[1.500s] -- Up-to-date symlink: /home/tatsuki/Snake_ws/install/snake_msgs/include/snake_msgs/snake_msgs/msg/detail/module__type_support.h
[1.500s] -- Up-to-date symlink: /home/tatsuki/Snake_ws/install/snake_msgs/include/snake_msgs/snake_msgs/msg/module.h
[1.500s] -- Up-to-date symlink: /home/tatsuki/Snake_ws/install/snake_msgs/include/snake_msgs/snake_msgs/msg/rosidl_generator_c__visibility_control.h
[1.501s] -- Up-to-date symlink: /home/tatsuki/Snake_ws/install/snake_msgs/share/snake_msgs/environment/library_path.sh
[1.501s] -- Up-to-date symlink: /home/tatsuki/Snake_ws/install/snake_msgs/share/snake_msgs/environment/library_path.dsv
[1.502s] -- Up-to-date symlink: /home/tatsuki/Snake_ws/install/snake_msgs/include/snake_msgs/snake_msgs/msg/detail/module__rosidl_typesupport_fastrtps_c.h
[1.502s] -- Up-to-date symlink: /home/tatsuki/Snake_ws/install/snake_msgs/include/snake_msgs/snake_msgs/msg/rosidl_typesupport_fastrtps_c__visibility_control.h
[1.502s] -- Up-to-date symlink: /home/tatsuki/Snake_ws/install/snake_msgs/include/snake_msgs/snake_msgs/msg/detail/module__builder.hpp
[1.503s] -- Up-to-date symlink: /home/tatsuki/Snake_ws/install/snake_msgs/include/snake_msgs/snake_msgs/msg/detail/module__struct.hpp
[1.503s] -- Up-to-date symlink: /home/tatsuki/Snake_ws/install/snake_msgs/include/snake_msgs/snake_msgs/msg/detail/module__traits.hpp
[1.503s] -- Up-to-date symlink: /home/tatsuki/Snake_ws/install/snake_msgs/include/snake_msgs/snake_msgs/msg/module.hpp
[1.504s] -- Up-to-date symlink: /home/tatsuki/Snake_ws/install/snake_msgs/include/snake_msgs/snake_msgs/msg/detail/module__rosidl_typesupport_fastrtps_cpp.hpp
[1.504s] -- Up-to-date symlink: /home/tatsuki/Snake_ws/install/snake_msgs/include/snake_msgs/snake_msgs/msg/rosidl_typesupport_fastrtps_cpp__visibility_control.h
[1.504s] -- Up-to-date symlink: /home/tatsuki/Snake_ws/install/snake_msgs/include/snake_msgs/snake_msgs/msg/detail/module__rosidl_typesupport_introspection_c.h
[1.505s] -- Up-to-date symlink: /home/tatsuki/Snake_ws/install/snake_msgs/include/snake_msgs/snake_msgs/msg/rosidl_typesupport_introspection_c__visibility_control.h
[1.505s] -- Up-to-date symlink: /home/tatsuki/Snake_ws/install/snake_msgs/include/snake_msgs/snake_msgs/msg/detail/module__rosidl_typesupport_introspection_cpp.hpp
[1.506s] -- Up-to-date symlink: /home/tatsuki/Snake_ws/install/snake_msgs/share/snake_msgs/environment/pythonpath.sh
[1.506s] -- Up-to-date symlink: /home/tatsuki/Snake_ws/install/snake_msgs/share/snake_msgs/environment/pythonpath.dsv
[1.506s] -- Up-to-date symlink: /home/tatsuki/Snake_ws/install/snake_msgs/local/lib/python3.10/dist-packages/snake_msgs-0.0.0-py3.10.egg-info/PKG-INFO
[1.507s] -- Up-to-date symlink: /home/tatsuki/Snake_ws/install/snake_msgs/local/lib/python3.10/dist-packages/snake_msgs-0.0.0-py3.10.egg-info/SOURCES.txt
[1.507s] -- Up-to-date symlink: /home/tatsuki/Snake_ws/install/snake_msgs/local/lib/python3.10/dist-packages/snake_msgs-0.0.0-py3.10.egg-info/dependency_links.txt
[1.507s] -- Up-to-date symlink: /home/tatsuki/Snake_ws/install/snake_msgs/local/lib/python3.10/dist-packages/snake_msgs-0.0.0-py3.10.egg-info/top_level.txt
[1.508s] -- Up-to-date symlink: /home/tatsuki/Snake_ws/install/snake_msgs/local/lib/python3.10/dist-packages/snake_msgs/__init__.py
[1.508s] -- Up-to-date symlink: /home/tatsuki/Snake_ws/install/snake_msgs/local/lib/python3.10/dist-packages/snake_msgs/_snake_msgs_s.ep.rosidl_typesupport_c.c
[1.508s] -- Up-to-date symlink: /home/tatsuki/Snake_ws/install/snake_msgs/local/lib/python3.10/dist-packages/snake_msgs/_snake_msgs_s.ep.rosidl_typesupport_fastrtps_c.c
[1.509s] -- Up-to-date symlink: /home/tatsuki/Snake_ws/install/snake_msgs/local/lib/python3.10/dist-packages/snake_msgs/_snake_msgs_s.ep.rosidl_typesupport_introspection_c.c
[1.509s] -- Up-to-date symlink: /home/tatsuki/Snake_ws/install/snake_msgs/local/lib/python3.10/dist-packages/snake_msgs/libsnake_msgs__rosidl_generator_py.so
[1.509s] -- Up-to-date symlink: /home/tatsuki/Snake_ws/install/snake_msgs/local/lib/python3.10/dist-packages/snake_msgs/msg/__init__.py
[1.509s] -- Up-to-date symlink: /home/tatsuki/Snake_ws/install/snake_msgs/local/lib/python3.10/dist-packages/snake_msgs/msg/_module.py
[1.510s] -- Up-to-date symlink: /home/tatsuki/Snake_ws/install/snake_msgs/local/lib/python3.10/dist-packages/snake_msgs/msg/_module_s.c
[1.510s] -- Up-to-date symlink: /home/tatsuki/Snake_ws/install/snake_msgs/local/lib/python3.10/dist-packages/snake_msgs/snake_msgs_s__rosidl_typesupport_c.cpython-310-x86_64-linux-gnu.so
[1.510s] -- Up-to-date symlink: /home/tatsuki/Snake_ws/install/snake_msgs/local/lib/python3.10/dist-packages/snake_msgs/snake_msgs_s__rosidl_typesupport_fastrtps_c.cpython-310-x86_64-linux-gnu.so
[1.510s] -- Up-to-date symlink: /home/tatsuki/Snake_ws/install/snake_msgs/local/lib/python3.10/dist-packages/snake_msgs/snake_msgs_s__rosidl_typesupport_introspection_c.cpython-310-x86_64-linux-gnu.so
[1.511s] -- Up-to-date symlink: /home/tatsuki/Snake_ws/install/snake_msgs/local/lib/python3.10/dist-packages/snake_msgs/snake_msgs_s__rosidl_typesupport_fastrtps_c.cpython-310-x86_64-linux-gnu.so
[1.511s] -- Up-to-date symlink: /home/tatsuki/Snake_ws/install/snake_msgs/local/lib/python3.10/dist-packages/snake_msgs/snake_msgs_s__rosidl_typesupport_introspection_c.cpython-310-x86_64-linux-gnu.so
[1.512s] -- Up-to-date symlink: /home/tatsuki/Snake_ws/install/snake_msgs/local/lib/python3.10/dist-packages/snake_msgs/snake_msgs_s__rosidl_typesupport_c.cpython-310-x86_64-linux-gnu.so
[1.512s] -- Up-to-date symlink: /home/tatsuki/Snake_ws/install/snake_msgs/share/snake_msgs/msg/Module.idl
[1.512s] -- Up-to-date symlink: /home/tatsuki/Snake_ws/install/snake_msgs/share/snake_msgs/msg/Module.msg
[1.513s] -- Up-to-date symlink: /home/tatsuki/Snake_ws/install/snake_msgs/share/ament_index/resource_index/package_run_dependencies/snake_msgs
[1.513s] -- Up-to-date symlink: /home/tatsuki/Snake_ws/install/snake_msgs/share/ament_index/resource_index/parent_prefix_path/snake_msgs
[1.513s] -- Up-to-date symlink: /home/tatsuki/Snake_ws/install/snake_msgs/share/snake_msgs/environment/ament_prefix_path.sh
[1.514s] -- Up-to-date symlink: /home/tatsuki/Snake_ws/install/snake_msgs/share/snake_msgs/environment/ament_prefix_path.dsv
[1.514s] -- Up-to-date symlink: /home/tatsuki/Snake_ws/install/snake_msgs/share/snake_msgs/environment/path.sh
[1.514s] -- Up-to-date symlink: /home/tatsuki/Snake_ws/install/snake_msgs/share/snake_msgs/environment/path.dsv
[1.515s] -- Up-to-date symlink: /home/tatsuki/Snake_ws/install/snake_msgs/share/snake_msgs/local_setup.bash
[1.515s] -- Up-to-date symlink: /home/tatsuki/Snake_ws/install/snake_msgs/share/snake_msgs/local_setup.sh
[1.515s] -- Up-to-date symlink: /home/tatsuki/Snake_ws/install/snake_msgs/share/snake_msgs/local_setup.zsh
[1.516s] -- Up-to-date symlink: /home/tatsuki/Snake_ws/install/snake_msgs/share/snake_msgs/local_setup.dsv
[1.516s] -- Symlinking: /home/tatsuki/Snake_ws/install/snake_msgs/share/snake_msgs/package.dsv
[1.532s] -- Up-to-date symlink: /home/tatsuki/Snake_ws/install/snake_msgs/share/ament_index/resource_index/packages/snake_msgs
[1.533s] -- Up-to-date symlink: /home/tatsuki/Snake_ws/install/snake_msgs/share/snake_msgs/cmake/rosidl_cmake-extras.cmake
[1.533s] -- Up-to-date symlink: /home/tatsuki/Snake_ws/install/snake_msgs/share/snake_msgs/cmake/ament_cmake_export_include_directories-extras.cmake
[1.533s] -- Up-to-date symlink: /home/tatsuki/Snake_ws/install/snake_msgs/share/snake_msgs/cmake/ament_cmake_export_libraries-extras.cmake
[1.534s] -- Up-to-date symlink: /home/tatsuki/Snake_ws/install/snake_msgs/share/snake_msgs/cmake/ament_cmake_export_targets-extras.cmake
[1.534s] -- Up-to-date symlink: /home/tatsuki/Snake_ws/install/snake_msgs/share/snake_msgs/cmake/rosidl_cmake_export_typesupport_targets-extras.cmake
[1.534s] -- Up-to-date symlink: /home/tatsuki/Snake_ws/install/snake_msgs/share/snake_msgs/cmake/ament_cmake_export_dependencies-extras.cmake
[1.534s] -- Up-to-date symlink: /home/tatsuki/Snake_ws/install/snake_msgs/share/snake_msgs/cmake/rosidl_cmake_export_typesupport_libraries-extras.cmake
[1.535s] -- Up-to-date symlink: /home/tatsuki/Snake_ws/install/snake_msgs/share/snake_msgs/cmake/snake_msgsConfig.cmake
[1.535s] -- Up-to-date symlink: /home/tatsuki/Snake_ws/install/snake_msgs/share/snake_msgs/cmake/snake_msgsConfig-version.cmake
[1.535s] -- Up-to-date symlink: /home/tatsuki/Snake_ws/install/snake_msgs/share/snake_msgs/package.xml
[1.536s] -- Up-to-date: /home/tatsuki/Snake_ws/install/snake_msgs/lib/libsnake_msgs__rosidl_generator_c.so
[1.536s] -- Up-to-date: /home/tatsuki/Snake_ws/install/snake_msgs/lib/libsnake_msgs__rosidl_typesupport_fastrtps_c.so
[1.537s] -- Up-to-date: /home/tatsuki/Snake_ws/install/snake_msgs/lib/libsnake_msgs__rosidl_typesupport_fastrtps_cpp.so
[1.537s] -- Up-to-date: /home/tatsuki/Snake_ws/install/snake_msgs/lib/libsnake_msgs__rosidl_typesupport_introspection_c.so
[1.538s] -- Up-to-date: /home/tatsuki/Snake_ws/install/snake_msgs/lib/libsnake_msgs__rosidl_typesupport_c.so
[1.538s] -- Up-to-date: /home/tatsuki/Snake_ws/install/snake_msgs/lib/libsnake_msgs__rosidl_typesupport_introspection_cpp.so
[1.539s] -- Up-to-date: /home/tatsuki/Snake_ws/install/snake_msgs/lib/libsnake_msgs__rosidl_typesupport_cpp.so
[1.601s] Listing '/home/tatsuki/Snake_ws/install/snake_msgs/local/lib/python3.10/dist-packages/snake_msgs'...
[1.601s] Listing '/home/tatsuki/Snake_ws/install/snake_msgs/local/lib/python3.10/dist-packages/snake_msgs/msg'...
[1.609s] -- Up-to-date: /home/tatsuki/Snake_ws/install/snake_msgs/lib/libsnake_msgs__rosidl_generator_py.so
[1.610s] -- Up-to-date: /home/tatsuki/Snake_ws/install/snake_msgs/share/snake_msgs/cmake/export_snake_msgs__rosidl_generator_cExport.cmake
[1.610s] -- Up-to-date: /home/tatsuki/Snake_ws/install/snake_msgs/share/snake_msgs/cmake/export_snake_msgs__rosidl_generator_cExport-noconfig.cmake
[1.610s] -- Up-to-date: /home/tatsuki/Snake_ws/install/snake_msgs/share/snake_msgs/cmake/export_snake_msgs__rosidl_typesupport_fastrtps_cExport.cmake
[1.611s] -- Up-to-date: /home/tatsuki/Snake_ws/install/snake_msgs/share/snake_msgs/cmake/export_snake_msgs__rosidl_typesupport_fastrtps_cExport-noconfig.cmake
[1.611s] -- Up-to-date: /home/tatsuki/Snake_ws/install/snake_msgs/share/snake_msgs/cmake/export_snake_msgs__rosidl_generator_cppExport.cmake
[1.611s] -- Up-to-date: /home/tatsuki/Snake_ws/install/snake_msgs/share/snake_msgs/cmake/export_snake_msgs__rosidl_typesupport_fastrtps_cppExport.cmake
[1.611s] -- Up-to-date: /home/tatsuki/Snake_ws/install/snake_msgs/share/snake_msgs/cmake/export_snake_msgs__rosidl_typesupport_fastrtps_cppExport-noconfig.cmake
[1.612s] -- Up-to-date: /home/tatsuki/Snake_ws/install/snake_msgs/share/snake_msgs/cmake/snake_msgs__rosidl_typesupport_introspection_cExport.cmake
[1.612s] -- Up-to-date: /home/tatsuki/Snake_ws/install/snake_msgs/share/snake_msgs/cmake/snake_msgs__rosidl_typesupport_introspection_cExport-noconfig.cmake
[1.612s] -- Up-to-date: /home/tatsuki/Snake_ws/install/snake_msgs/share/snake_msgs/cmake/snake_msgs__rosidl_typesupport_cExport.cmake
[1.612s] -- Up-to-date: /home/tatsuki/Snake_ws/install/snake_msgs/share/snake_msgs/cmake/snake_msgs__rosidl_typesupport_cExport-noconfig.cmake
[1.613s] -- Up-to-date: /home/tatsuki/Snake_ws/install/snake_msgs/share/snake_msgs/cmake/snake_msgs__rosidl_typesupport_introspection_cppExport.cmake
[1.613s] -- Up-to-date: /home/tatsuki/Snake_ws/install/snake_msgs/share/snake_msgs/cmake/snake_msgs__rosidl_typesupport_introspection_cppExport-noconfig.cmake
[1.613s] -- Up-to-date: /home/tatsuki/Snake_ws/install/snake_msgs/share/snake_msgs/cmake/snake_msgs__rosidl_typesupport_cppExport.cmake
[1.613s] -- Up-to-date: /home/tatsuki/Snake_ws/install/snake_msgs/share/snake_msgs/cmake/snake_msgs__rosidl_typesupport_cppExport-noconfig.cmake
[1.613s] -- Up-to-date: /home/tatsuki/Snake_ws/install/snake_msgs/share/snake_msgs/cmake/export_snake_msgs__rosidl_generator_pyExport.cmake
[1.613s] -- Up-to-date: /home/tatsuki/Snake_ws/install/snake_msgs/share/snake_msgs/cmake/export_snake_msgs__rosidl_generator_pyExport-noconfig.cmake
[1.618s] Invoked command in '/home/tatsuki/Snake_ws/build/snake_msgs' returned '0': CMAKE_PREFIX_PATH=${CMAKE_PREFIX_PATH}:/home/tatsuki/Snake_ws/install/snake_server:/home/tatsuki/Snake_ws/install/snake_motors:/home/tatsuki/ROS2Dev/repositorio_ws/install/example_description:/home/tatsuki/ROS2Dev/repositorio_ws/install/example_bringup:/home/tatsuki/ROS2Dev/test_ws/install/first_package:/home/tatsuki/MAN_ws/install/motors_processor:/home/tatsuki/MAN_ws/install/image_processor:/opt/ros/humble /usr/bin/cmake --install /home/tatsuki/Snake_ws/build/snake_msgs
