[0.349s] Invoking command in '/home/tatsuki/Snake_ws/build/snake_msgs': CMAKE_PREFIX_PATH=${CMAKE_PREFIX_PATH}:/home/tatsuki/Snake_ws/install/snake_server:/home/tatsuki/Snake_ws/install/snake_motors:/home/tatsuki/ROS2Dev/repositorio_ws/install/example_description:/home/tatsuki/ROS2Dev/repositorio_ws/install/example_bringup:/home/tatsuki/ROS2Dev/test_ws/install/first_package:/home/tatsuki/MAN_ws/install/motors_processor:/home/tatsuki/MAN_ws/install/image_processor:/opt/ros/humble /usr/bin/cmake --build /home/tatsuki/Snake_ws/build/snake_msgs -- -j12 -l12
[0.439s] [  9%] Built target snake_msgs__cpp
[0.439s] [ 12%] Built target snake_msgs__rosidl_generator_c
[0.462s] [ 12%] Built target ament_cmake_python_symlink_snake_msgs
[0.464s] [ 22%] Built target snake_msgs__rosidl_typesupport_cpp
[0.465s] [ 32%] Built target snake_msgs__rosidl_typesupport_introspection_cpp
[0.466s] [ 41%] Built target snake_msgs__rosidl_typesupport_c
[0.467s] [ 61%] Built target snake_msgs__rosidl_typesupport_introspection_c
[0.467s] [ 61%] Built target snake_msgs__rosidl_typesupport_fastrtps_cpp
[0.486s] [ 70%] Built target snake_msgs__rosidl_typesupport_fastrtps_c
[0.511s] [ 70%] Built target snake_msgs
[0.534s] [ 74%] Built target snake_msgs__py
[0.565s] [ 80%] Built target snake_msgs__rosidl_generator_py
[0.590s] [ 87%] Built target snake_msgs__rosidl_typesupport_fastrtps_c__pyext
[0.593s] [ 93%] Built target snake_msgs__rosidl_typesupport_introspection_c__pyext
[0.594s] [100%] Built target snake_msgs__rosidl_typesupport_c__pyext
[0.771s] running egg_info
[0.772s] writing snake_msgs.egg-info/PKG-INFO
[0.772s] writing dependency_links to snake_msgs.egg-info/dependency_links.txt
[0.772s] writing top-level names to snake_msgs.egg-info/top_level.txt
[0.775s] reading manifest file 'snake_msgs.egg-info/SOURCES.txt'
[0.775s] writing manifest file 'snake_msgs.egg-info/SOURCES.txt'
[0.813s] [100%] Built target ament_cmake_python_build_snake_msgs_egg
[0.827s] Invoked command in '/home/tatsuki/Snake_ws/build/snake_msgs' returned '0': CMAKE_PREFIX_PATH=${CMAKE_PREFIX_PATH}:/home/tatsuki/Snake_ws/install/snake_server:/home/tatsuki/Snake_ws/install/snake_motors:/home/tatsuki/ROS2Dev/repositorio_ws/install/example_description:/home/tatsuki/ROS2Dev/repositorio_ws/install/example_bringup:/home/tatsuki/ROS2Dev/test_ws/install/first_package:/home/tatsuki/MAN_ws/install/motors_processor:/home/tatsuki/MAN_ws/install/image_processor:/opt/ros/humble /usr/bin/cmake --build /home/tatsuki/Snake_ws/build/snake_msgs -- -j12 -l12
[0.900s] Invoking command in '/home/tatsuki/Snake_ws/build/snake_msgs': CMAKE_PREFIX_PATH=${CMAKE_PREFIX_PATH}:/home/tatsuki/Snake_ws/install/snake_server:/home/tatsuki/Snake_ws/install/snake_motors:/home/tatsuki/ROS2Dev/repositorio_ws/install/example_description:/home/tatsuki/ROS2Dev/repositorio_ws/install/example_bringup:/home/tatsuki/ROS2Dev/test_ws/install/first_package:/home/tatsuki/MAN_ws/install/motors_processor:/home/tatsuki/MAN_ws/install/image_processor:/opt/ros/humble /usr/bin/cmake --install /home/tatsuki/Snake_ws/build/snake_msgs
[0.907s] -- Install configuration: ""
[0.908s] -- Execute custom install script
[0.908s] -- Up-to-date symlink: /home/tatsuki/Snake_ws/install/snake_msgs/share/ament_index/resource_index/rosidl_interfaces/snake_msgs
[0.908s] -- Up-to-date symlink: /home/tatsuki/Snake_ws/install/snake_msgs/include/snake_msgs/snake_msgs/msg/detail/module__functions.h
[0.909s] -- Up-to-date symlink: /home/tatsuki/Snake_ws/install/snake_msgs/include/snake_msgs/snake_msgs/msg/detail/module__struct.h
[0.909s] -- Up-to-date symlink: /home/tatsuki/Snake_ws/install/snake_msgs/include/snake_msgs/snake_msgs/msg/detail/module__type_support.h
[0.909s] -- Up-to-date symlink: /home/tatsuki/Snake_ws/install/snake_msgs/include/snake_msgs/snake_msgs/msg/module.h
[0.909s] -- Up-to-date symlink: /home/tatsuki/Snake_ws/install/snake_msgs/include/snake_msgs/snake_msgs/msg/rosidl_generator_c__visibility_control.h
[0.909s] -- Up-to-date symlink: /home/tatsuki/Snake_ws/install/snake_msgs/share/snake_msgs/environment/library_path.sh
[0.909s] -- Up-to-date symlink: /home/tatsuki/Snake_ws/install/snake_msgs/share/snake_msgs/environment/library_path.dsv
[0.910s] -- Up-to-date symlink: /home/tatsuki/Snake_ws/install/snake_msgs/include/snake_msgs/snake_msgs/msg/detail/module__rosidl_typesupport_fastrtps_c.h
[0.910s] -- Up-to-date symlink: /home/tatsuki/Snake_ws/install/snake_msgs/include/snake_msgs/snake_msgs/msg/rosidl_typesupport_fastrtps_c__visibility_control.h
[0.910s] -- Up-to-date symlink: /home/tatsuki/Snake_ws/install/snake_msgs/include/snake_msgs/snake_msgs/msg/detail/module__builder.hpp
[0.910s] -- Up-to-date symlink: /home/tatsuki/Snake_ws/install/snake_msgs/include/snake_msgs/snake_msgs/msg/detail/module__struct.hpp
[0.910s] -- Up-to-date symlink: /home/tatsuki/Snake_ws/install/snake_msgs/include/snake_msgs/snake_msgs/msg/detail/module__traits.hpp
[0.910s] -- Up-to-date symlink: /home/tatsuki/Snake_ws/install/snake_msgs/include/snake_msgs/snake_msgs/msg/module.hpp
[0.911s] -- Up-to-date symlink: /home/tatsuki/Snake_ws/install/snake_msgs/include/snake_msgs/snake_msgs/msg/detail/module__rosidl_typesupport_fastrtps_cpp.hpp
[0.911s] -- Up-to-date symlink: /home/tatsuki/Snake_ws/install/snake_msgs/include/snake_msgs/snake_msgs/msg/rosidl_typesupport_fastrtps_cpp__visibility_control.h
[0.911s] -- Up-to-date symlink: /home/tatsuki/Snake_ws/install/snake_msgs/include/snake_msgs/snake_msgs/msg/detail/module__rosidl_typesupport_introspection_c.h
[0.911s] -- Up-to-date symlink: /home/tatsuki/Snake_ws/install/snake_msgs/include/snake_msgs/snake_msgs/msg/rosidl_typesupport_introspection_c__visibility_control.h
[0.911s] -- Up-to-date symlink: /home/tatsuki/Snake_ws/install/snake_msgs/include/snake_msgs/snake_msgs/msg/detail/module__rosidl_typesupport_introspection_cpp.hpp
[0.912s] -- Up-to-date symlink: /home/tatsuki/Snake_ws/install/snake_msgs/share/snake_msgs/environment/pythonpath.sh
[0.912s] -- Up-to-date symlink: /home/tatsuki/Snake_ws/install/snake_msgs/share/snake_msgs/environment/pythonpath.dsv
[0.912s] -- Up-to-date symlink: /home/tatsuki/Snake_ws/install/snake_msgs/local/lib/python3.10/dist-packages/snake_msgs-0.0.0-py3.10.egg-info/PKG-INFO
[0.912s] -- Up-to-date symlink: /home/tatsuki/Snake_ws/install/snake_msgs/local/lib/python3.10/dist-packages/snake_msgs-0.0.0-py3.10.egg-info/SOURCES.txt
[0.912s] -- Up-to-date symlink: /home/tatsuki/Snake_ws/install/snake_msgs/local/lib/python3.10/dist-packages/snake_msgs-0.0.0-py3.10.egg-info/dependency_links.txt
[0.912s] -- Up-to-date symlink: /home/tatsuki/Snake_ws/install/snake_msgs/local/lib/python3.10/dist-packages/snake_msgs-0.0.0-py3.10.egg-info/top_level.txt
[0.913s] -- Up-to-date symlink: /home/tatsuki/Snake_ws/install/snake_msgs/local/lib/python3.10/dist-packages/snake_msgs/__init__.py
[0.913s] -- Up-to-date symlink: /home/tatsuki/Snake_ws/install/snake_msgs/local/lib/python3.10/dist-packages/snake_msgs/_snake_msgs_s.ep.rosidl_typesupport_c.c
[0.913s] -- Up-to-date symlink: /home/tatsuki/Snake_ws/install/snake_msgs/local/lib/python3.10/dist-packages/snake_msgs/_snake_msgs_s.ep.rosidl_typesupport_fastrtps_c.c
[0.913s] -- Up-to-date symlink: /home/tatsuki/Snake_ws/install/snake_msgs/local/lib/python3.10/dist-packages/snake_msgs/_snake_msgs_s.ep.rosidl_typesupport_introspection_c.c
[0.913s] -- Up-to-date symlink: /home/tatsuki/Snake_ws/install/snake_msgs/local/lib/python3.10/dist-packages/snake_msgs/libsnake_msgs__rosidl_generator_py.so
[0.914s] -- Up-to-date symlink: /home/tatsuki/Snake_ws/install/snake_msgs/local/lib/python3.10/dist-packages/snake_msgs/msg/__init__.py
[0.914s] -- Up-to-date symlink: /home/tatsuki/Snake_ws/install/snake_msgs/local/lib/python3.10/dist-packages/snake_msgs/msg/_module.py
[0.914s] -- Up-to-date symlink: /home/tatsuki/Snake_ws/install/snake_msgs/local/lib/python3.10/dist-packages/snake_msgs/msg/_module_s.c
[0.914s] -- Up-to-date symlink: /home/tatsuki/Snake_ws/install/snake_msgs/local/lib/python3.10/dist-packages/snake_msgs/snake_msgs_s__rosidl_typesupport_c.cpython-310-x86_64-linux-gnu.so
[0.914s] -- Up-to-date symlink: /home/tatsuki/Snake_ws/install/snake_msgs/local/lib/python3.10/dist-packages/snake_msgs/snake_msgs_s__rosidl_typesupport_fastrtps_c.cpython-310-x86_64-linux-gnu.so
[0.914s] -- Up-to-date symlink: /home/tatsuki/Snake_ws/install/snake_msgs/local/lib/python3.10/dist-packages/snake_msgs/snake_msgs_s__rosidl_typesupport_introspection_c.cpython-310-x86_64-linux-gnu.so
[0.914s] -- Up-to-date symlink: /home/tatsuki/Snake_ws/install/snake_msgs/local/lib/python3.10/dist-packages/snake_msgs/snake_msgs_s__rosidl_typesupport_fastrtps_c.cpython-310-x86_64-linux-gnu.so
[0.915s] -- Up-to-date symlink: /home/tatsuki/Snake_ws/install/snake_msgs/local/lib/python3.10/dist-packages/snake_msgs/snake_msgs_s__rosidl_typesupport_introspection_c.cpython-310-x86_64-linux-gnu.so
[0.915s] -- Up-to-date symlink: /home/tatsuki/Snake_ws/install/snake_msgs/local/lib/python3.10/dist-packages/snake_msgs/snake_msgs_s__rosidl_typesupport_c.cpython-310-x86_64-linux-gnu.so
[0.915s] -- Up-to-date symlink: /home/tatsuki/Snake_ws/install/snake_msgs/share/snake_msgs/msg/Module.idl
[0.915s] -- Up-to-date symlink: /home/tatsuki/Snake_ws/install/snake_msgs/share/snake_msgs/msg/Module.msg
[0.915s] -- Up-to-date symlink: /home/tatsuki/Snake_ws/install/snake_msgs/share/ament_index/resource_index/package_run_dependencies/snake_msgs
[0.915s] -- Up-to-date symlink: /home/tatsuki/Snake_ws/install/snake_msgs/share/ament_index/resource_index/parent_prefix_path/snake_msgs
[0.916s] -- Up-to-date symlink: /home/tatsuki/Snake_ws/install/snake_msgs/share/snake_msgs/environment/ament_prefix_path.sh
[0.916s] -- Up-to-date symlink: /home/tatsuki/Snake_ws/install/snake_msgs/share/snake_msgs/environment/ament_prefix_path.dsv
[0.916s] -- Up-to-date symlink: /home/tatsuki/Snake_ws/install/snake_msgs/share/snake_msgs/environment/path.sh
[0.916s] -- Up-to-date symlink: /home/tatsuki/Snake_ws/install/snake_msgs/share/snake_msgs/environment/path.dsv
[0.916s] -- Up-to-date symlink: /home/tatsuki/Snake_ws/install/snake_msgs/share/snake_msgs/local_setup.bash
[0.916s] -- Up-to-date symlink: /home/tatsuki/Snake_ws/install/snake_msgs/share/snake_msgs/local_setup.sh
[0.917s] -- Up-to-date symlink: /home/tatsuki/Snake_ws/install/snake_msgs/share/snake_msgs/local_setup.zsh
[0.917s] -- Up-to-date symlink: /home/tatsuki/Snake_ws/install/snake_msgs/share/snake_msgs/local_setup.dsv
[0.917s] -- Symlinking: /home/tatsuki/Snake_ws/install/snake_msgs/share/snake_msgs/package.dsv
[0.928s] -- Up-to-date symlink: /home/tatsuki/Snake_ws/install/snake_msgs/share/ament_index/resource_index/packages/snake_msgs
[0.928s] -- Up-to-date symlink: /home/tatsuki/Snake_ws/install/snake_msgs/share/snake_msgs/cmake/rosidl_cmake-extras.cmake
[0.928s] -- Up-to-date symlink: /home/tatsuki/Snake_ws/install/snake_msgs/share/snake_msgs/cmake/ament_cmake_export_include_directories-extras.cmake
[0.928s] -- Up-to-date symlink: /home/tatsuki/Snake_ws/install/snake_msgs/share/snake_msgs/cmake/ament_cmake_export_libraries-extras.cmake
[0.928s] -- Up-to-date symlink: /home/tatsuki/Snake_ws/install/snake_msgs/share/snake_msgs/cmake/ament_cmake_export_targets-extras.cmake
[0.928s] -- Up-to-date symlink: /home/tatsuki/Snake_ws/install/snake_msgs/share/snake_msgs/cmake/rosidl_cmake_export_typesupport_targets-extras.cmake
[0.929s] -- Up-to-date symlink: /home/tatsuki/Snake_ws/install/snake_msgs/share/snake_msgs/cmake/ament_cmake_export_dependencies-extras.cmake
[0.929s] -- Up-to-date symlink: /home/tatsuki/Snake_ws/install/snake_msgs/share/snake_msgs/cmake/rosidl_cmake_export_typesupport_libraries-extras.cmake
[0.929s] -- Up-to-date symlink: /home/tatsuki/Snake_ws/install/snake_msgs/share/snake_msgs/cmake/snake_msgsConfig.cmake
[0.929s] -- Up-to-date symlink: /home/tatsuki/Snake_ws/install/snake_msgs/share/snake_msgs/cmake/snake_msgsConfig-version.cmake
[0.929s] -- Up-to-date symlink: /home/tatsuki/Snake_ws/install/snake_msgs/share/snake_msgs/package.xml
[0.929s] -- Up-to-date: /home/tatsuki/Snake_ws/install/snake_msgs/lib/libsnake_msgs__rosidl_generator_c.so
[0.930s] -- Up-to-date: /home/tatsuki/Snake_ws/install/snake_msgs/lib/libsnake_msgs__rosidl_typesupport_fastrtps_c.so
[0.930s] -- Up-to-date: /home/tatsuki/Snake_ws/install/snake_msgs/lib/libsnake_msgs__rosidl_typesupport_fastrtps_cpp.so
[0.930s] -- Up-to-date: /home/tatsuki/Snake_ws/install/snake_msgs/lib/libsnake_msgs__rosidl_typesupport_introspection_c.so
[0.931s] -- Up-to-date: /home/tatsuki/Snake_ws/install/snake_msgs/lib/libsnake_msgs__rosidl_typesupport_c.so
[0.931s] -- Up-to-date: /home/tatsuki/Snake_ws/install/snake_msgs/lib/libsnake_msgs__rosidl_typesupport_introspection_cpp.so
[0.931s] -- Up-to-date: /home/tatsuki/Snake_ws/install/snake_msgs/lib/libsnake_msgs__rosidl_typesupport_cpp.so
[0.966s] Listing '/home/tatsuki/Snake_ws/install/snake_msgs/local/lib/python3.10/dist-packages/snake_msgs'...
[0.966s] Listing '/home/tatsuki/Snake_ws/install/snake_msgs/local/lib/python3.10/dist-packages/snake_msgs/msg'...
[0.971s] -- Up-to-date: /home/tatsuki/Snake_ws/install/snake_msgs/lib/libsnake_msgs__rosidl_generator_py.so
[0.972s] -- Up-to-date: /home/tatsuki/Snake_ws/install/snake_msgs/share/snake_msgs/cmake/export_snake_msgs__rosidl_generator_cExport.cmake
[0.972s] -- Up-to-date: /home/tatsuki/Snake_ws/install/snake_msgs/share/snake_msgs/cmake/export_snake_msgs__rosidl_generator_cExport-noconfig.cmake
[0.972s] -- Up-to-date: /home/tatsuki/Snake_ws/install/snake_msgs/share/snake_msgs/cmake/export_snake_msgs__rosidl_typesupport_fastrtps_cExport.cmake
[0.972s] -- Up-to-date: /home/tatsuki/Snake_ws/install/snake_msgs/share/snake_msgs/cmake/export_snake_msgs__rosidl_typesupport_fastrtps_cExport-noconfig.cmake
[0.972s] -- Up-to-date: /home/tatsuki/Snake_ws/install/snake_msgs/share/snake_msgs/cmake/export_snake_msgs__rosidl_generator_cppExport.cmake
[0.973s] -- Up-to-date: /home/tatsuki/Snake_ws/install/snake_msgs/share/snake_msgs/cmake/export_snake_msgs__rosidl_typesupport_fastrtps_cppExport.cmake
[0.973s] -- Up-to-date: /home/tatsuki/Snake_ws/install/snake_msgs/share/snake_msgs/cmake/export_snake_msgs__rosidl_typesupport_fastrtps_cppExport-noconfig.cmake
[0.973s] -- Up-to-date: /home/tatsuki/Snake_ws/install/snake_msgs/share/snake_msgs/cmake/snake_msgs__rosidl_typesupport_introspection_cExport.cmake
[0.973s] -- Up-to-date: /home/tatsuki/Snake_ws/install/snake_msgs/share/snake_msgs/cmake/snake_msgs__rosidl_typesupport_introspection_cExport-noconfig.cmake
[0.974s] -- Up-to-date: /home/tatsuki/Snake_ws/install/snake_msgs/share/snake_msgs/cmake/snake_msgs__rosidl_typesupport_cExport.cmake
[0.974s] -- Up-to-date: /home/tatsuki/Snake_ws/install/snake_msgs/share/snake_msgs/cmake/snake_msgs__rosidl_typesupport_cExport-noconfig.cmake
[0.974s] -- Up-to-date: /home/tatsuki/Snake_ws/install/snake_msgs/share/snake_msgs/cmake/snake_msgs__rosidl_typesupport_introspection_cppExport.cmake
[0.974s] -- Up-to-date: /home/tatsuki/Snake_ws/install/snake_msgs/share/snake_msgs/cmake/snake_msgs__rosidl_typesupport_introspection_cppExport-noconfig.cmake
[0.974s] -- Up-to-date: /home/tatsuki/Snake_ws/install/snake_msgs/share/snake_msgs/cmake/snake_msgs__rosidl_typesupport_cppExport.cmake
[0.975s] -- Up-to-date: /home/tatsuki/Snake_ws/install/snake_msgs/share/snake_msgs/cmake/snake_msgs__rosidl_typesupport_cppExport-noconfig.cmake
[0.975s] -- Up-to-date: /home/tatsuki/Snake_ws/install/snake_msgs/share/snake_msgs/cmake/export_snake_msgs__rosidl_generator_pyExport.cmake
[0.975s] -- Up-to-date: /home/tatsuki/Snake_ws/install/snake_msgs/share/snake_msgs/cmake/export_snake_msgs__rosidl_generator_pyExport-noconfig.cmake
[0.979s] Invoked command in '/home/tatsuki/Snake_ws/build/snake_msgs' returned '0': CMAKE_PREFIX_PATH=${CMAKE_PREFIX_PATH}:/home/tatsuki/Snake_ws/install/snake_server:/home/tatsuki/Snake_ws/install/snake_motors:/home/tatsuki/ROS2Dev/repositorio_ws/install/example_description:/home/tatsuki/ROS2Dev/repositorio_ws/install/example_bringup:/home/tatsuki/ROS2Dev/test_ws/install/first_package:/home/tatsuki/MAN_ws/install/motors_processor:/home/tatsuki/MAN_ws/install/image_processor:/opt/ros/humble /usr/bin/cmake --install /home/tatsuki/Snake_ws/build/snake_msgs
