[0.017s] Invoking command in '/home/tatsuki/Snake_ws/build/snake_msgs': CMAKE_PREFIX_PATH=${CMAKE_PREFIX_PATH}:/home/tatsuki/MAN_ws/install/motors_processor:/home/tatsuki/MAN_ws/install/image_processor:/opt/ros/humble /usr/bin/cmake /home/tatsuki/Snake_ws/src/snake_msgs -DAMENT_CMAKE_SYMLINK_INSTALL=1 -DCMAKE_INSTALL_PREFIX=/home/tatsuki/Snake_ws/install/snake_msgs
[0.046s] -- Found ament_cmake: 1.3.8 (/opt/ros/humble/share/ament_cmake/cmake)
[0.199s] -- Override CMake install command with custom implementation using symlinks instead of copying resources
[0.216s] -- Found rclcpp: 16.0.8 (/opt/ros/humble/share/rclcpp/cmake)
[0.281s] -- Found rosidl_generator_c: 3.1.5 (/opt/ros/humble/share/rosidl_generator_c/cmake)
[0.284s] -- Found rosidl_adapter: 3.1.5 (/opt/ros/humble/share/rosidl_adapter/cmake)
[0.289s] -- Found rosidl_generator_cpp: 3.1.5 (/opt/ros/humble/share/rosidl_generator_cpp/cmake)
[0.298s] -- Using all available rosidl_typesupport_c: rosidl_typesupport_fastrtps_c;rosidl_typesupport_introspection_c
[0.312s] -- Using all available rosidl_typesupport_cpp: rosidl_typesupport_fastrtps_cpp;rosidl_typesupport_introspection_cpp
[0.365s] -- Found rmw_implementation_cmake: 6.1.1 (/opt/ros/humble/share/rmw_implementation_cmake/cmake)
[0.366s] -- Found rmw_fastrtps_cpp: 6.2.6 (/opt/ros/humble/share/rmw_fastrtps_cpp/cmake)
[0.496s] -- Using RMW implementation 'rmw_fastrtps_cpp' as default
[0.638s] -- Found rosidl_default_generators: 1.2.0 (/opt/ros/humble/share/rosidl_default_generators/cmake)
[0.958s] -- Found ament_cmake_ros: 0.10.0 (/opt/ros/humble/share/ament_cmake_ros/cmake)
[1.434s] -- Using all available rosidl_typesupport_c: rosidl_typesupport_fastrtps_c;rosidl_typesupport_introspection_c
[1.659s] -- Using all available rosidl_typesupport_cpp: rosidl_typesupport_fastrtps_cpp;rosidl_typesupport_introspection_cpp
[1.720s] -- Found PythonInterp: /usr/bin/python3 (found suitable version "3.10.12", minimum required is "3.6") 
[1.722s] -- Found python_cmake_module: 0.10.0 (/opt/ros/humble/share/python_cmake_module/cmake)
[1.782s] -- Found PythonLibs: /usr/lib/x86_64-linux-gnu/libpython3.10.so (found suitable version "3.10.12", minimum required is "3.5") 
[1.782s] -- Using PYTHON_EXECUTABLE: /usr/bin/python3
[1.782s] -- Using PYTHON_INCLUDE_DIRS: /usr/include/python3.10
[1.782s] -- Using PYTHON_LIBRARIES: /usr/lib/x86_64-linux-gnu/libpython3.10.so
[1.803s] -- Found PythonExtra: .so  
[1.885s] -- Found ament_lint_auto: 0.12.10 (/opt/ros/humble/share/ament_lint_auto/cmake)
[1.942s] -- Added test 'lint_cmake' to check CMake code style
[1.944s] -- Added test 'xmllint' to check XML markup files
[1.948s] -- Configuring done
[1.978s] -- Generating done
[1.981s] -- Build files have been written to: /home/tatsuki/Snake_ws/build/snake_msgs
[1.990s] Invoked command in '/home/tatsuki/Snake_ws/build/snake_msgs' returned '0': CMAKE_PREFIX_PATH=${CMAKE_PREFIX_PATH}:/home/tatsuki/MAN_ws/install/motors_processor:/home/tatsuki/MAN_ws/install/image_processor:/opt/ros/humble /usr/bin/cmake /home/tatsuki/Snake_ws/src/snake_msgs -DAMENT_CMAKE_SYMLINK_INSTALL=1 -DCMAKE_INSTALL_PREFIX=/home/tatsuki/Snake_ws/install/snake_msgs
[1.992s] Invoking command in '/home/tatsuki/Snake_ws/build/snake_msgs': CMAKE_PREFIX_PATH=${CMAKE_PREFIX_PATH}:/home/tatsuki/MAN_ws/install/motors_processor:/home/tatsuki/MAN_ws/install/image_processor:/opt/ros/humble /usr/bin/cmake --build /home/tatsuki/Snake_ws/build/snake_msgs -- -j12 -l12
[2.075s] [  3%] [34m[1mGenerating C code for ROS interfaces[0m
[2.078s] [  6%] [34m[1mGenerating C++ code for ROS interfaces[0m
[2.107s] [  6%] Built target ament_cmake_python_symlink_snake_msgs
[2.327s] [  6%] Built target snake_msgs__cpp
[2.340s] [  9%] [34m[1mGenerating C++ type support for eProsima Fast-RTPS[0m
[2.342s] running egg_info
[2.342s] creating snake_msgs.egg-info
[2.342s] writing snake_msgs.egg-info/PKG-INFO
[2.343s] writing dependency_links to snake_msgs.egg-info/dependency_links.txt
[2.343s] writing top-level names to snake_msgs.egg-info/top_level.txt
[2.343s] writing manifest file 'snake_msgs.egg-info/SOURCES.txt'
[2.345s] reading manifest file 'snake_msgs.egg-info/SOURCES.txt'
[2.346s] writing manifest file 'snake_msgs.egg-info/SOURCES.txt'
[2.349s] [ 12%] [34m[1mGenerating C++ introspection for ROS interfaces[0m
[2.350s] [ 16%] [34m[1mGenerating C++ type support dispatch for ROS interfaces[0m
[2.352s] [ 19%] [32mBuilding C object CMakeFiles/snake_msgs__rosidl_generator_c.dir/rosidl_generator_c/snake_msgs/msg/detail/module__functions.c.o[0m
[2.385s] [ 19%] Built target ament_cmake_python_build_snake_msgs_egg
[2.407s] [ 22%] [32m[1mLinking C shared library libsnake_msgs__rosidl_generator_c.so[0m
[2.447s] [ 22%] Built target snake_msgs__rosidl_generator_c
[2.458s] [ 29%] [34m[1mGenerating C introspection for ROS interfaces[0m
[2.458s] [ 29%] [34m[1mGenerating C type support for eProsima Fast-RTPS[0m
[2.458s] [ 32%] [34m[1mGenerating C type support dispatch for ROS interfaces[0m
[2.559s] [ 35%] [32mBuilding CXX object CMakeFiles/snake_msgs__rosidl_typesupport_cpp.dir/rosidl_typesupport_cpp/snake_msgs/msg/module__type_support.cpp.o[0m
[2.580s] [ 38%] [32mBuilding CXX object CMakeFiles/snake_msgs__rosidl_typesupport_fastrtps_cpp.dir/rosidl_typesupport_fastrtps_cpp/snake_msgs/msg/detail/dds_fastrtps/module__type_support.cpp.o[0m
[2.585s] [ 41%] [32mBuilding CXX object CMakeFiles/snake_msgs__rosidl_typesupport_introspection_cpp.dir/rosidl_typesupport_introspection_cpp/snake_msgs/msg/detail/module__type_support.cpp.o[0m
[2.679s] [ 45%] [32mBuilding CXX object CMakeFiles/snake_msgs__rosidl_typesupport_c.dir/rosidl_typesupport_c/snake_msgs/msg/module__type_support.cpp.o[0m
[2.697s] [ 48%] [32mBuilding C object CMakeFiles/snake_msgs__rosidl_typesupport_introspection_c.dir/rosidl_typesupport_introspection_c/snake_msgs/msg/detail/module__type_support.c.o[0m
[2.705s] [ 51%] [32mBuilding CXX object CMakeFiles/snake_msgs__rosidl_typesupport_fastrtps_c.dir/rosidl_typesupport_fastrtps_c/snake_msgs/msg/detail/module__type_support_c.cpp.o[0m
[2.714s] [ 54%] [32m[1mLinking CXX shared library libsnake_msgs__rosidl_typesupport_c.so[0m
[2.735s] [ 58%] [32m[1mLinking C shared library libsnake_msgs__rosidl_typesupport_introspection_c.so[0m
[2.764s] [ 58%] Built target snake_msgs__rosidl_typesupport_c
[2.771s] [ 58%] Built target snake_msgs__rosidl_typesupport_introspection_c
[2.826s] [ 61%] [32m[1mLinking CXX shared library libsnake_msgs__rosidl_typesupport_cpp.so[0m
[2.871s] [ 61%] Built target snake_msgs__rosidl_typesupport_cpp
[2.927s] [ 64%] [32m[1mLinking CXX shared library libsnake_msgs__rosidl_typesupport_introspection_cpp.so[0m
[2.937s] [ 67%] [32m[1mLinking CXX shared library libsnake_msgs__rosidl_typesupport_fastrtps_cpp.so[0m
[2.972s] [ 67%] Built target snake_msgs__rosidl_typesupport_introspection_cpp
[2.993s] [ 70%] [32m[1mLinking CXX shared library libsnake_msgs__rosidl_typesupport_fastrtps_c.so[0m
[3.048s] [ 70%] Built target snake_msgs__rosidl_typesupport_fastrtps_cpp
[3.091s] [ 70%] Built target snake_msgs__rosidl_typesupport_fastrtps_c
[3.114s] [ 70%] Built target snake_msgs
[3.140s] [ 74%] [34m[1mGenerating Python code for ROS interfaces[0m
[3.422s] [ 74%] Built target snake_msgs__py
[3.449s] [ 77%] [32mBuilding C object CMakeFiles/snake_msgs__rosidl_generator_py.dir/rosidl_generator_py/snake_msgs/msg/_module_s.c.o[0m
[3.572s] [ 80%] [32m[1mLinking C shared library rosidl_generator_py/snake_msgs/libsnake_msgs__rosidl_generator_py.so[0m
[3.643s] [ 80%] Built target snake_msgs__rosidl_generator_py
[3.681s] [ 83%] [32mBuilding C object CMakeFiles/snake_msgs__rosidl_typesupport_c__pyext.dir/rosidl_generator_py/snake_msgs/_snake_msgs_s.ep.rosidl_typesupport_c.c.o[0m
[3.686s] [ 87%] [32mBuilding C object CMakeFiles/snake_msgs__rosidl_typesupport_fastrtps_c__pyext.dir/rosidl_generator_py/snake_msgs/_snake_msgs_s.ep.rosidl_typesupport_fastrtps_c.c.o[0m
[3.691s] [ 90%] [32mBuilding C object CMakeFiles/snake_msgs__rosidl_typesupport_introspection_c__pyext.dir/rosidl_generator_py/snake_msgs/_snake_msgs_s.ep.rosidl_typesupport_introspection_c.c.o[0m
[3.774s] [ 93%] [32m[1mLinking C shared library rosidl_generator_py/snake_msgs/snake_msgs_s__rosidl_typesupport_c.cpython-310-x86_64-linux-gnu.so[0m
[3.808s] [ 96%] [32m[1mLinking C shared library rosidl_generator_py/snake_msgs/snake_msgs_s__rosidl_typesupport_fastrtps_c.cpython-310-x86_64-linux-gnu.so[0m
[3.816s] [100%] [32m[1mLinking C shared library rosidl_generator_py/snake_msgs/snake_msgs_s__rosidl_typesupport_introspection_c.cpython-310-x86_64-linux-gnu.so[0m
[3.841s] [100%] Built target snake_msgs__rosidl_typesupport_c__pyext
[3.855s] [100%] Built target snake_msgs__rosidl_typesupport_introspection_c__pyext
[3.869s] [100%] Built target snake_msgs__rosidl_typesupport_fastrtps_c__pyext
[3.885s] Invoked command in '/home/tatsuki/Snake_ws/build/snake_msgs' returned '0': CMAKE_PREFIX_PATH=${CMAKE_PREFIX_PATH}:/home/tatsuki/MAN_ws/install/motors_processor:/home/tatsuki/MAN_ws/install/image_processor:/opt/ros/humble /usr/bin/cmake --build /home/tatsuki/Snake_ws/build/snake_msgs -- -j12 -l12
[3.993s] Invoking command in '/home/tatsuki/Snake_ws/build/snake_msgs': CMAKE_PREFIX_PATH=${CMAKE_PREFIX_PATH}:/home/tatsuki/MAN_ws/install/motors_processor:/home/tatsuki/MAN_ws/install/image_processor:/opt/ros/humble /usr/bin/cmake --install /home/tatsuki/Snake_ws/build/snake_msgs
[4.001s] -- Install configuration: ""
[4.002s] -- Execute custom install script
[4.002s] -- Symlinking: /home/tatsuki/Snake_ws/install/snake_msgs/share/ament_index/resource_index/rosidl_interfaces/snake_msgs
[4.026s] -- Symlinking: /home/tatsuki/Snake_ws/install/snake_msgs/include/snake_msgs/snake_msgs/msg/detail/module__functions.h
[4.049s] -- Symlinking: /home/tatsuki/Snake_ws/install/snake_msgs/include/snake_msgs/snake_msgs/msg/detail/module__struct.h
[4.073s] -- Symlinking: /home/tatsuki/Snake_ws/install/snake_msgs/include/snake_msgs/snake_msgs/msg/detail/module__type_support.h
[4.096s] -- Symlinking: /home/tatsuki/Snake_ws/install/snake_msgs/include/snake_msgs/snake_msgs/msg/module.h
[4.119s] -- Symlinking: /home/tatsuki/Snake_ws/install/snake_msgs/include/snake_msgs/snake_msgs/msg/rosidl_generator_c__visibility_control.h
[4.145s] -- Symlinking: /home/tatsuki/Snake_ws/install/snake_msgs/share/snake_msgs/environment/library_path.sh
[4.168s] -- Symlinking: /home/tatsuki/Snake_ws/install/snake_msgs/share/snake_msgs/environment/library_path.dsv
[4.192s] -- Symlinking: /home/tatsuki/Snake_ws/install/snake_msgs/include/snake_msgs/snake_msgs/msg/detail/module__rosidl_typesupport_fastrtps_c.h
[4.216s] -- Symlinking: /home/tatsuki/Snake_ws/install/snake_msgs/include/snake_msgs/snake_msgs/msg/rosidl_typesupport_fastrtps_c__visibility_control.h
[4.240s] -- Symlinking: /home/tatsuki/Snake_ws/install/snake_msgs/include/snake_msgs/snake_msgs/msg/detail/module__builder.hpp
[4.263s] -- Symlinking: /home/tatsuki/Snake_ws/install/snake_msgs/include/snake_msgs/snake_msgs/msg/detail/module__struct.hpp
[4.274s] -- Symlinking: /home/tatsuki/Snake_ws/install/snake_msgs/include/snake_msgs/snake_msgs/msg/detail/module__traits.hpp
[4.285s] -- Symlinking: /home/tatsuki/Snake_ws/install/snake_msgs/include/snake_msgs/snake_msgs/msg/module.hpp
[4.297s] -- Symlinking: /home/tatsuki/Snake_ws/install/snake_msgs/include/snake_msgs/snake_msgs/msg/detail/module__rosidl_typesupport_fastrtps_cpp.hpp
[4.307s] -- Symlinking: /home/tatsuki/Snake_ws/install/snake_msgs/include/snake_msgs/snake_msgs/msg/rosidl_typesupport_fastrtps_cpp__visibility_control.h
[4.319s] -- Symlinking: /home/tatsuki/Snake_ws/install/snake_msgs/include/snake_msgs/snake_msgs/msg/detail/module__rosidl_typesupport_introspection_c.h
[4.329s] -- Symlinking: /home/tatsuki/Snake_ws/install/snake_msgs/include/snake_msgs/snake_msgs/msg/rosidl_typesupport_introspection_c__visibility_control.h
[4.341s] -- Symlinking: /home/tatsuki/Snake_ws/install/snake_msgs/include/snake_msgs/snake_msgs/msg/detail/module__rosidl_typesupport_introspection_cpp.hpp
[4.352s] -- Symlinking: /home/tatsuki/Snake_ws/install/snake_msgs/share/snake_msgs/environment/pythonpath.sh
[4.362s] -- Symlinking: /home/tatsuki/Snake_ws/install/snake_msgs/share/snake_msgs/environment/pythonpath.dsv
[4.374s] -- Symlinking: /home/tatsuki/Snake_ws/install/snake_msgs/local/lib/python3.10/dist-packages/snake_msgs-0.0.0-py3.10.egg-info/PKG-INFO
[4.384s] -- Symlinking: /home/tatsuki/Snake_ws/install/snake_msgs/local/lib/python3.10/dist-packages/snake_msgs-0.0.0-py3.10.egg-info/SOURCES.txt
[4.395s] -- Symlinking: /home/tatsuki/Snake_ws/install/snake_msgs/local/lib/python3.10/dist-packages/snake_msgs-0.0.0-py3.10.egg-info/dependency_links.txt
[4.417s] -- Symlinking: /home/tatsuki/Snake_ws/install/snake_msgs/local/lib/python3.10/dist-packages/snake_msgs-0.0.0-py3.10.egg-info/top_level.txt
[4.428s] -- Symlinking: /home/tatsuki/Snake_ws/install/snake_msgs/local/lib/python3.10/dist-packages/snake_msgs/__init__.py
[4.440s] -- Symlinking: /home/tatsuki/Snake_ws/install/snake_msgs/local/lib/python3.10/dist-packages/snake_msgs/_snake_msgs_s.ep.rosidl_typesupport_c.c
[4.452s] -- Symlinking: /home/tatsuki/Snake_ws/install/snake_msgs/local/lib/python3.10/dist-packages/snake_msgs/_snake_msgs_s.ep.rosidl_typesupport_fastrtps_c.c
[4.464s] -- Symlinking: /home/tatsuki/Snake_ws/install/snake_msgs/local/lib/python3.10/dist-packages/snake_msgs/_snake_msgs_s.ep.rosidl_typesupport_introspection_c.c
[4.475s] -- Symlinking: /home/tatsuki/Snake_ws/install/snake_msgs/local/lib/python3.10/dist-packages/snake_msgs/libsnake_msgs__rosidl_generator_py.so
[4.487s] -- Symlinking: /home/tatsuki/Snake_ws/install/snake_msgs/local/lib/python3.10/dist-packages/snake_msgs/msg/__init__.py
[4.499s] -- Symlinking: /home/tatsuki/Snake_ws/install/snake_msgs/local/lib/python3.10/dist-packages/snake_msgs/msg/_module.py
[4.509s] -- Symlinking: /home/tatsuki/Snake_ws/install/snake_msgs/local/lib/python3.10/dist-packages/snake_msgs/msg/_module_s.c
[4.530s] -- Symlinking: /home/tatsuki/Snake_ws/install/snake_msgs/local/lib/python3.10/dist-packages/snake_msgs/snake_msgs_s__rosidl_typesupport_c.cpython-310-x86_64-linux-gnu.so
[4.553s] -- Symlinking: /home/tatsuki/Snake_ws/install/snake_msgs/local/lib/python3.10/dist-packages/snake_msgs/snake_msgs_s__rosidl_typesupport_fastrtps_c.cpython-310-x86_64-linux-gnu.so
[4.575s] -- Symlinking: /home/tatsuki/Snake_ws/install/snake_msgs/local/lib/python3.10/dist-packages/snake_msgs/snake_msgs_s__rosidl_typesupport_introspection_c.cpython-310-x86_64-linux-gnu.so
[4.599s] -- Up-to-date symlink: /home/tatsuki/Snake_ws/install/snake_msgs/local/lib/python3.10/dist-packages/snake_msgs/snake_msgs_s__rosidl_typesupport_fastrtps_c.cpython-310-x86_64-linux-gnu.so
[4.600s] -- Up-to-date symlink: /home/tatsuki/Snake_ws/install/snake_msgs/local/lib/python3.10/dist-packages/snake_msgs/snake_msgs_s__rosidl_typesupport_introspection_c.cpython-310-x86_64-linux-gnu.so
[4.600s] -- Up-to-date symlink: /home/tatsuki/Snake_ws/install/snake_msgs/local/lib/python3.10/dist-packages/snake_msgs/snake_msgs_s__rosidl_typesupport_c.cpython-310-x86_64-linux-gnu.so
[4.600s] -- Symlinking: /home/tatsuki/Snake_ws/install/snake_msgs/share/snake_msgs/msg/Module.idl
[4.610s] -- Symlinking: /home/tatsuki/Snake_ws/install/snake_msgs/share/snake_msgs/msg/Module.msg
[4.633s] -- Symlinking: /home/tatsuki/Snake_ws/install/snake_msgs/share/ament_index/resource_index/package_run_dependencies/snake_msgs
[4.656s] -- Symlinking: /home/tatsuki/Snake_ws/install/snake_msgs/share/ament_index/resource_index/parent_prefix_path/snake_msgs
[4.668s] -- Symlinking: /home/tatsuki/Snake_ws/install/snake_msgs/share/snake_msgs/environment/ament_prefix_path.sh
[4.680s] -- Symlinking: /home/tatsuki/Snake_ws/install/snake_msgs/share/snake_msgs/environment/ament_prefix_path.dsv
[4.692s] -- Symlinking: /home/tatsuki/Snake_ws/install/snake_msgs/share/snake_msgs/environment/path.sh
[4.703s] -- Symlinking: /home/tatsuki/Snake_ws/install/snake_msgs/share/snake_msgs/environment/path.dsv
[4.715s] -- Symlinking: /home/tatsuki/Snake_ws/install/snake_msgs/share/snake_msgs/local_setup.bash
[4.739s] -- Symlinking: /home/tatsuki/Snake_ws/install/snake_msgs/share/snake_msgs/local_setup.sh
[4.751s] -- Symlinking: /home/tatsuki/Snake_ws/install/snake_msgs/share/snake_msgs/local_setup.zsh
[4.762s] -- Symlinking: /home/tatsuki/Snake_ws/install/snake_msgs/share/snake_msgs/local_setup.dsv
[4.774s] -- Symlinking: /home/tatsuki/Snake_ws/install/snake_msgs/share/snake_msgs/package.dsv
[4.786s] -- Symlinking: /home/tatsuki/Snake_ws/install/snake_msgs/share/ament_index/resource_index/packages/snake_msgs
[4.798s] -- Symlinking: /home/tatsuki/Snake_ws/install/snake_msgs/share/snake_msgs/cmake/rosidl_cmake-extras.cmake
[4.809s] -- Symlinking: /home/tatsuki/Snake_ws/install/snake_msgs/share/snake_msgs/cmake/ament_cmake_export_include_directories-extras.cmake
[4.821s] -- Symlinking: /home/tatsuki/Snake_ws/install/snake_msgs/share/snake_msgs/cmake/ament_cmake_export_libraries-extras.cmake
[4.832s] -- Symlinking: /home/tatsuki/Snake_ws/install/snake_msgs/share/snake_msgs/cmake/ament_cmake_export_targets-extras.cmake
[4.854s] -- Symlinking: /home/tatsuki/Snake_ws/install/snake_msgs/share/snake_msgs/cmake/rosidl_cmake_export_typesupport_targets-extras.cmake
[4.867s] -- Symlinking: /home/tatsuki/Snake_ws/install/snake_msgs/share/snake_msgs/cmake/ament_cmake_export_dependencies-extras.cmake
[4.879s] -- Symlinking: /home/tatsuki/Snake_ws/install/snake_msgs/share/snake_msgs/cmake/rosidl_cmake_export_typesupport_libraries-extras.cmake
[4.890s] -- Symlinking: /home/tatsuki/Snake_ws/install/snake_msgs/share/snake_msgs/cmake/snake_msgsConfig.cmake
[4.902s] -- Symlinking: /home/tatsuki/Snake_ws/install/snake_msgs/share/snake_msgs/cmake/snake_msgsConfig-version.cmake
[4.914s] -- Symlinking: /home/tatsuki/Snake_ws/install/snake_msgs/share/snake_msgs/package.xml
[4.925s] -- Installing: /home/tatsuki/Snake_ws/install/snake_msgs/lib/libsnake_msgs__rosidl_generator_c.so
[4.926s] -- Set runtime path of "/home/tatsuki/Snake_ws/install/snake_msgs/lib/libsnake_msgs__rosidl_generator_c.so" to ""
[4.926s] -- Installing: /home/tatsuki/Snake_ws/install/snake_msgs/lib/libsnake_msgs__rosidl_typesupport_fastrtps_c.so
[4.927s] -- Set runtime path of "/home/tatsuki/Snake_ws/install/snake_msgs/lib/libsnake_msgs__rosidl_typesupport_fastrtps_c.so" to ""
[4.928s] -- Installing: /home/tatsuki/Snake_ws/install/snake_msgs/lib/libsnake_msgs__rosidl_typesupport_fastrtps_cpp.so
[4.929s] -- Set runtime path of "/home/tatsuki/Snake_ws/install/snake_msgs/lib/libsnake_msgs__rosidl_typesupport_fastrtps_cpp.so" to ""
[4.929s] -- Installing: /home/tatsuki/Snake_ws/install/snake_msgs/lib/libsnake_msgs__rosidl_typesupport_introspection_c.so
[4.930s] -- Set runtime path of "/home/tatsuki/Snake_ws/install/snake_msgs/lib/libsnake_msgs__rosidl_typesupport_introspection_c.so" to ""
[4.931s] -- Installing: /home/tatsuki/Snake_ws/install/snake_msgs/lib/libsnake_msgs__rosidl_typesupport_c.so
[4.932s] -- Set runtime path of "/home/tatsuki/Snake_ws/install/snake_msgs/lib/libsnake_msgs__rosidl_typesupport_c.so" to ""
[4.932s] -- Installing: /home/tatsuki/Snake_ws/install/snake_msgs/lib/libsnake_msgs__rosidl_typesupport_introspection_cpp.so
[4.933s] -- Set runtime path of "/home/tatsuki/Snake_ws/install/snake_msgs/lib/libsnake_msgs__rosidl_typesupport_introspection_cpp.so" to ""
[4.933s] -- Installing: /home/tatsuki/Snake_ws/install/snake_msgs/lib/libsnake_msgs__rosidl_typesupport_cpp.so
[4.934s] -- Set runtime path of "/home/tatsuki/Snake_ws/install/snake_msgs/lib/libsnake_msgs__rosidl_typesupport_cpp.so" to ""
[4.973s] Listing '/home/tatsuki/Snake_ws/install/snake_msgs/local/lib/python3.10/dist-packages/snake_msgs'...
[4.973s] Compiling '/home/tatsuki/Snake_ws/install/snake_msgs/local/lib/python3.10/dist-packages/snake_msgs/__init__.py'...
[4.973s] Listing '/home/tatsuki/Snake_ws/install/snake_msgs/local/lib/python3.10/dist-packages/snake_msgs/msg'...
[4.973s] Compiling '/home/tatsuki/Snake_ws/install/snake_msgs/local/lib/python3.10/dist-packages/snake_msgs/msg/__init__.py'...
[4.973s] Compiling '/home/tatsuki/Snake_ws/install/snake_msgs/local/lib/python3.10/dist-packages/snake_msgs/msg/_module.py'...
[4.977s] -- Installing: /home/tatsuki/Snake_ws/install/snake_msgs/lib/libsnake_msgs__rosidl_generator_py.so
[4.978s] -- Set runtime path of "/home/tatsuki/Snake_ws/install/snake_msgs/lib/libsnake_msgs__rosidl_generator_py.so" to ""
[4.978s] -- Installing: /home/tatsuki/Snake_ws/install/snake_msgs/share/snake_msgs/cmake/export_snake_msgs__rosidl_generator_cExport.cmake
[4.979s] -- Installing: /home/tatsuki/Snake_ws/install/snake_msgs/share/snake_msgs/cmake/export_snake_msgs__rosidl_generator_cExport-noconfig.cmake
[4.979s] -- Installing: /home/tatsuki/Snake_ws/install/snake_msgs/share/snake_msgs/cmake/export_snake_msgs__rosidl_typesupport_fastrtps_cExport.cmake
[4.980s] -- Installing: /home/tatsuki/Snake_ws/install/snake_msgs/share/snake_msgs/cmake/export_snake_msgs__rosidl_typesupport_fastrtps_cExport-noconfig.cmake
[4.980s] -- Installing: /home/tatsuki/Snake_ws/install/snake_msgs/share/snake_msgs/cmake/export_snake_msgs__rosidl_generator_cppExport.cmake
[4.981s] -- Installing: /home/tatsuki/Snake_ws/install/snake_msgs/share/snake_msgs/cmake/export_snake_msgs__rosidl_typesupport_fastrtps_cppExport.cmake
[4.981s] -- Installing: /home/tatsuki/Snake_ws/install/snake_msgs/share/snake_msgs/cmake/export_snake_msgs__rosidl_typesupport_fastrtps_cppExport-noconfig.cmake
[4.981s] -- Installing: /home/tatsuki/Snake_ws/install/snake_msgs/share/snake_msgs/cmake/snake_msgs__rosidl_typesupport_introspection_cExport.cmake
[4.982s] -- Installing: /home/tatsuki/Snake_ws/install/snake_msgs/share/snake_msgs/cmake/snake_msgs__rosidl_typesupport_introspection_cExport-noconfig.cmake
[4.982s] -- Installing: /home/tatsuki/Snake_ws/install/snake_msgs/share/snake_msgs/cmake/snake_msgs__rosidl_typesupport_cExport.cmake
[4.983s] -- Installing: /home/tatsuki/Snake_ws/install/snake_msgs/share/snake_msgs/cmake/snake_msgs__rosidl_typesupport_cExport-noconfig.cmake
[4.984s] -- Installing: /home/tatsuki/Snake_ws/install/snake_msgs/share/snake_msgs/cmake/snake_msgs__rosidl_typesupport_introspection_cppExport.cmake
[4.984s] -- Installing: /home/tatsuki/Snake_ws/install/snake_msgs/share/snake_msgs/cmake/snake_msgs__rosidl_typesupport_introspection_cppExport-noconfig.cmake
[4.984s] -- Installing: /home/tatsuki/Snake_ws/install/snake_msgs/share/snake_msgs/cmake/snake_msgs__rosidl_typesupport_cppExport.cmake
[4.985s] -- Installing: /home/tatsuki/Snake_ws/install/snake_msgs/share/snake_msgs/cmake/snake_msgs__rosidl_typesupport_cppExport-noconfig.cmake
[4.985s] -- Installing: /home/tatsuki/Snake_ws/install/snake_msgs/share/snake_msgs/cmake/export_snake_msgs__rosidl_generator_pyExport.cmake
[4.986s] -- Installing: /home/tatsuki/Snake_ws/install/snake_msgs/share/snake_msgs/cmake/export_snake_msgs__rosidl_generator_pyExport-noconfig.cmake
[4.992s] Invoked command in '/home/tatsuki/Snake_ws/build/snake_msgs' returned '0': CMAKE_PREFIX_PATH=${CMAKE_PREFIX_PATH}:/home/tatsuki/MAN_ws/install/motors_processor:/home/tatsuki/MAN_ws/install/image_processor:/opt/ros/humble /usr/bin/cmake --install /home/tatsuki/Snake_ws/build/snake_msgs
