[0.028s] Invoking command in '/home/tatsuki/Snake_ws/build/snake_bringup': CMAKE_PREFIX_PATH=${CMAKE_PREFIX_PATH}:/home/tatsuki/Snake_ws/install/snake_server:/home/tatsuki/Snake_ws/install/snake_motors:/home/tatsuki/ROS2Dev/repositorio_ws/install/example_description:/home/tatsuki/ROS2Dev/repositorio_ws/install/example_bringup:/home/tatsuki/ROS2Dev/test_ws/install/first_package:/home/tatsuki/MAN_ws/install/motors_processor:/home/tatsuki/MAN_ws/install/image_processor:/opt/ros/humble /usr/bin/cmake --build /home/tatsuki/Snake_ws/build/snake_bringup -- -j12 -l12
[0.705s] Invoked command in '/home/tatsuki/Snake_ws/build/snake_bringup' returned '0': CMAKE_PREFIX_PATH=${CMAKE_PREFIX_PATH}:/home/tatsuki/Snake_ws/install/snake_server:/home/tatsuki/Snake_ws/install/snake_motors:/home/tatsuki/ROS2Dev/repositorio_ws/install/example_description:/home/tatsuki/ROS2Dev/repositorio_ws/install/example_bringup:/home/tatsuki/ROS2Dev/test_ws/install/first_package:/home/tatsuki/MAN_ws/install/motors_processor:/home/tatsuki/MAN_ws/install/image_processor:/opt/ros/humble /usr/bin/cmake --build /home/tatsuki/Snake_ws/build/snake_bringup -- -j12 -l12
[0.758s] Invoking command in '/home/tatsuki/Snake_ws/build/snake_bringup': CMAKE_PREFIX_PATH=${CMAKE_PREFIX_PATH}:/home/tatsuki/Snake_ws/install/snake_server:/home/tatsuki/Snake_ws/install/snake_motors:/home/tatsuki/ROS2Dev/repositorio_ws/install/example_description:/home/tatsuki/ROS2Dev/repositorio_ws/install/example_bringup:/home/tatsuki/ROS2Dev/test_ws/install/first_package:/home/tatsuki/MAN_ws/install/motors_processor:/home/tatsuki/MAN_ws/install/image_processor:/opt/ros/humble /usr/bin/cmake --install /home/tatsuki/Snake_ws/build/snake_bringup
[0.765s] -- Install configuration: ""
[0.765s] -- Execute custom install script
[0.766s] -- Up-to-date symlink: /home/tatsuki/Snake_ws/install/snake_bringup/share/snake_bringup/launch/snake.launch.py
[0.766s] -- Up-to-date symlink: /home/tatsuki/Snake_ws/install/snake_bringup/share/ament_index/resource_index/package_run_dependencies/snake_bringup
[0.766s] -- Up-to-date symlink: /home/tatsuki/Snake_ws/install/snake_bringup/share/ament_index/resource_index/parent_prefix_path/snake_bringup
[0.766s] -- Up-to-date symlink: /home/tatsuki/Snake_ws/install/snake_bringup/share/snake_bringup/environment/ament_prefix_path.sh
[0.766s] -- Up-to-date symlink: /home/tatsuki/Snake_ws/install/snake_bringup/share/snake_bringup/environment/ament_prefix_path.dsv
[0.766s] -- Up-to-date symlink: /home/tatsuki/Snake_ws/install/snake_bringup/share/snake_bringup/environment/path.sh
[0.767s] -- Up-to-date symlink: /home/tatsuki/Snake_ws/install/snake_bringup/share/snake_bringup/environment/path.dsv
[0.767s] -- Up-to-date symlink: /home/tatsuki/Snake_ws/install/snake_bringup/share/snake_bringup/local_setup.bash
[0.767s] -- Up-to-date symlink: /home/tatsuki/Snake_ws/install/snake_bringup/share/snake_bringup/local_setup.sh
[0.767s] -- Up-to-date symlink: /home/tatsuki/Snake_ws/install/snake_bringup/share/snake_bringup/local_setup.zsh
[0.767s] -- Up-to-date symlink: /home/tatsuki/Snake_ws/install/snake_bringup/share/snake_bringup/local_setup.dsv
[0.767s] -- Symlinking: /home/tatsuki/Snake_ws/install/snake_bringup/share/snake_bringup/package.dsv
[0.778s] -- Up-to-date symlink: /home/tatsuki/Snake_ws/install/snake_bringup/share/ament_index/resource_index/packages/snake_bringup
[0.779s] -- Up-to-date symlink: /home/tatsuki/Snake_ws/install/snake_bringup/share/snake_bringup/cmake/snake_bringupConfig.cmake
[0.779s] -- Up-to-date symlink: /home/tatsuki/Snake_ws/install/snake_bringup/share/snake_bringup/cmake/snake_bringupConfig-version.cmake
[0.779s] -- Up-to-date symlink: /home/tatsuki/Snake_ws/install/snake_bringup/share/snake_bringup/package.xml
[0.782s] Invoked command in '/home/tatsuki/Snake_ws/build/snake_bringup' returned '0': CMAKE_PREFIX_PATH=${CMAKE_PREFIX_PATH}:/home/tatsuki/Snake_ws/install/snake_server:/home/tatsuki/Snake_ws/install/snake_motors:/home/tatsuki/ROS2Dev/repositorio_ws/install/example_description:/home/tatsuki/ROS2Dev/repositorio_ws/install/example_bringup:/home/tatsuki/ROS2Dev/test_ws/install/first_package:/home/tatsuki/MAN_ws/install/motors_processor:/home/tatsuki/MAN_ws/install/image_processor:/opt/ros/humble /usr/bin/cmake --install /home/tatsuki/Snake_ws/build/snake_bringup
