[0.348s] Invoking command in '/home/tatsuki/Snake_ws/build/snake_msgs': CMAKE_PREFIX_PATH=${CMAKE_PREFIX_PATH}:/home/tatsuki/Snake_ws/install/snake_server:/home/tatsuki/Snake_ws/install/snake_motors:/home/tatsuki/ROS2Dev/repositorio_ws/install/example_description:/home/tatsuki/ROS2Dev/repositorio_ws/install/example_bringup:/home/tatsuki/ROS2Dev/test_ws/install/first_package:/home/tatsuki/MAN_ws/install/motors_processor:/home/tatsuki/MAN_ws/install/image_processor:/opt/ros/humble /usr/bin/cmake --build /home/tatsuki/Snake_ws/build/snake_msgs -- -j12 -l12
[0.413s] [  9%] Built target snake_msgs__cpp
[0.413s] [ 12%] Built target snake_msgs__rosidl_generator_c
[0.424s] [ 12%] Built target ament_cmake_python_symlink_snake_msgs
[0.440s] [ 35%] Built target snake_msgs__rosidl_typesupport_fastrtps_c
[0.441s] [ 35%] Built target snake_msgs__rosidl_typesupport_c
[0.441s] [ 41%] Built target snake_msgs__rosidl_typesupport_introspection_c
[0.441s] [ 51%] Built target snake_msgs__rosidl_typesupport_fastrtps_cpp
[0.443s] [ 61%] Built target snake_msgs__rosidl_typesupport_cpp
[0.446s] [ 70%] Built target snake_msgs__rosidl_typesupport_introspection_cpp
[0.470s] [ 70%] Built target snake_msgs
[0.492s] [ 74%] Built target snake_msgs__py
[0.518s] [ 80%] Built target snake_msgs__rosidl_generator_py
[0.543s] [ 87%] Built target snake_msgs__rosidl_typesupport_fastrtps_c__pyext
[0.545s] [100%] Built target snake_msgs__rosidl_typesupport_c__pyext
[0.545s] [100%] Built target snake_msgs__rosidl_typesupport_introspection_c__pyext
[0.737s] running egg_info
[0.738s] writing snake_msgs.egg-info/PKG-INFO
[0.738s] writing dependency_links to snake_msgs.egg-info/dependency_links.txt
[0.739s] writing top-level names to snake_msgs.egg-info/top_level.txt
[0.743s] reading manifest file 'snake_msgs.egg-info/SOURCES.txt'
[0.743s] writing manifest file 'snake_msgs.egg-info/SOURCES.txt'
[0.781s] [100%] Built target ament_cmake_python_build_snake_msgs_egg
[0.795s] Invoked command in '/home/tatsuki/Snake_ws/build/snake_msgs' returned '0': CMAKE_PREFIX_PATH=${CMAKE_PREFIX_PATH}:/home/tatsuki/Snake_ws/install/snake_server:/home/tatsuki/Snake_ws/install/snake_motors:/home/tatsuki/ROS2Dev/repositorio_ws/install/example_description:/home/tatsuki/ROS2Dev/repositorio_ws/install/example_bringup:/home/tatsuki/ROS2Dev/test_ws/install/first_package:/home/tatsuki/MAN_ws/install/motors_processor:/home/tatsuki/MAN_ws/install/image_processor:/opt/ros/humble /usr/bin/cmake --build /home/tatsuki/Snake_ws/build/snake_msgs -- -j12 -l12
[0.864s] Invoking command in '/home/tatsuki/Snake_ws/build/snake_msgs': CMAKE_PREFIX_PATH=${CMAKE_PREFIX_PATH}:/home/tatsuki/Snake_ws/install/snake_server:/home/tatsuki/Snake_ws/install/snake_motors:/home/tatsuki/ROS2Dev/repositorio_ws/install/example_description:/home/tatsuki/ROS2Dev/repositorio_ws/install/example_bringup:/home/tatsuki/ROS2Dev/test_ws/install/first_package:/home/tatsuki/MAN_ws/install/motors_processor:/home/tatsuki/MAN_ws/install/image_processor:/opt/ros/humble /usr/bin/cmake --install /home/tatsuki/Snake_ws/build/snake_msgs
[0.872s] -- Install configuration: ""
[0.872s] -- Execute custom install script
[0.872s] -- Up-to-date symlink: /home/tatsuki/Snake_ws/install/snake_msgs/share/ament_index/resource_index/rosidl_interfaces/snake_msgs
[0.873s] -- Up-to-date symlink: /home/tatsuki/Snake_ws/install/snake_msgs/include/snake_msgs/snake_msgs/msg/detail/module__functions.h
[0.873s] -- Up-to-date symlink: /home/tatsuki/Snake_ws/install/snake_msgs/include/snake_msgs/snake_msgs/msg/detail/module__struct.h
[0.873s] -- Up-to-date symlink: /home/tatsuki/Snake_ws/install/snake_msgs/include/snake_msgs/snake_msgs/msg/detail/module__type_support.h
[0.873s] -- Up-to-date symlink: /home/tatsuki/Snake_ws/install/snake_msgs/include/snake_msgs/snake_msgs/msg/module.h
[0.873s] -- Up-to-date symlink: /home/tatsuki/Snake_ws/install/snake_msgs/include/snake_msgs/snake_msgs/msg/rosidl_generator_c__visibility_control.h
[0.873s] -- Up-to-date symlink: /home/tatsuki/Snake_ws/install/snake_msgs/share/snake_msgs/environment/library_path.sh
[0.873s] -- Up-to-date symlink: /home/tatsuki/Snake_ws/install/snake_msgs/share/snake_msgs/environment/library_path.dsv
[0.874s] -- Up-to-date symlink: /home/tatsuki/Snake_ws/install/snake_msgs/include/snake_msgs/snake_msgs/msg/detail/module__rosidl_typesupport_fastrtps_c.h
[0.874s] -- Up-to-date symlink: /home/tatsuki/Snake_ws/install/snake_msgs/include/snake_msgs/snake_msgs/msg/rosidl_typesupport_fastrtps_c__visibility_control.h
[0.874s] -- Up-to-date symlink: /home/tatsuki/Snake_ws/install/snake_msgs/include/snake_msgs/snake_msgs/msg/detail/module__builder.hpp
[0.874s] -- Up-to-date symlink: /home/tatsuki/Snake_ws/install/snake_msgs/include/snake_msgs/snake_msgs/msg/detail/module__struct.hpp
[0.874s] -- Up-to-date symlink: /home/tatsuki/Snake_ws/install/snake_msgs/include/snake_msgs/snake_msgs/msg/detail/module__traits.hpp
[0.874s] -- Up-to-date symlink: /home/tatsuki/Snake_ws/install/snake_msgs/include/snake_msgs/snake_msgs/msg/module.hpp
[0.875s] -- Up-to-date symlink: /home/tatsuki/Snake_ws/install/snake_msgs/include/snake_msgs/snake_msgs/msg/detail/module__rosidl_typesupport_fastrtps_cpp.hpp
[0.875s] -- Up-to-date symlink: /home/tatsuki/Snake_ws/install/snake_msgs/include/snake_msgs/snake_msgs/msg/rosidl_typesupport_fastrtps_cpp__visibility_control.h
[0.875s] -- Up-to-date symlink: /home/tatsuki/Snake_ws/install/snake_msgs/include/snake_msgs/snake_msgs/msg/detail/module__rosidl_typesupport_introspection_c.h
[0.875s] -- Up-to-date symlink: /home/tatsuki/Snake_ws/install/snake_msgs/include/snake_msgs/snake_msgs/msg/rosidl_typesupport_introspection_c__visibility_control.h
[0.876s] -- Up-to-date symlink: /home/tatsuki/Snake_ws/install/snake_msgs/include/snake_msgs/snake_msgs/msg/detail/module__rosidl_typesupport_introspection_cpp.hpp
[0.876s] -- Up-to-date symlink: /home/tatsuki/Snake_ws/install/snake_msgs/share/snake_msgs/environment/pythonpath.sh
[0.876s] -- Up-to-date symlink: /home/tatsuki/Snake_ws/install/snake_msgs/share/snake_msgs/environment/pythonpath.dsv
[0.876s] -- Up-to-date symlink: /home/tatsuki/Snake_ws/install/snake_msgs/local/lib/python3.10/dist-packages/snake_msgs-0.0.0-py3.10.egg-info/PKG-INFO
[0.876s] -- Up-to-date symlink: /home/tatsuki/Snake_ws/install/snake_msgs/local/lib/python3.10/dist-packages/snake_msgs-0.0.0-py3.10.egg-info/SOURCES.txt
[0.876s] -- Up-to-date symlink: /home/tatsuki/Snake_ws/install/snake_msgs/local/lib/python3.10/dist-packages/snake_msgs-0.0.0-py3.10.egg-info/dependency_links.txt
[0.877s] -- Up-to-date symlink: /home/tatsuki/Snake_ws/install/snake_msgs/local/lib/python3.10/dist-packages/snake_msgs-0.0.0-py3.10.egg-info/top_level.txt
[0.877s] -- Up-to-date symlink: /home/tatsuki/Snake_ws/install/snake_msgs/local/lib/python3.10/dist-packages/snake_msgs/__init__.py
[0.877s] -- Up-to-date symlink: /home/tatsuki/Snake_ws/install/snake_msgs/local/lib/python3.10/dist-packages/snake_msgs/_snake_msgs_s.ep.rosidl_typesupport_c.c
[0.877s] -- Up-to-date symlink: /home/tatsuki/Snake_ws/install/snake_msgs/local/lib/python3.10/dist-packages/snake_msgs/_snake_msgs_s.ep.rosidl_typesupport_fastrtps_c.c
[0.877s] -- Up-to-date symlink: /home/tatsuki/Snake_ws/install/snake_msgs/local/lib/python3.10/dist-packages/snake_msgs/_snake_msgs_s.ep.rosidl_typesupport_introspection_c.c
[0.878s] -- Up-to-date symlink: /home/tatsuki/Snake_ws/install/snake_msgs/local/lib/python3.10/dist-packages/snake_msgs/libsnake_msgs__rosidl_generator_py.so
[0.878s] -- Up-to-date symlink: /home/tatsuki/Snake_ws/install/snake_msgs/local/lib/python3.10/dist-packages/snake_msgs/msg/__init__.py
[0.878s] -- Up-to-date symlink: /home/tatsuki/Snake_ws/install/snake_msgs/local/lib/python3.10/dist-packages/snake_msgs/msg/_module.py
[0.878s] -- Up-to-date symlink: /home/tatsuki/Snake_ws/install/snake_msgs/local/lib/python3.10/dist-packages/snake_msgs/msg/_module_s.c
[0.878s] -- Up-to-date symlink: /home/tatsuki/Snake_ws/install/snake_msgs/local/lib/python3.10/dist-packages/snake_msgs/snake_msgs_s__rosidl_typesupport_c.cpython-310-x86_64-linux-gnu.so
[0.878s] -- Up-to-date symlink: /home/tatsuki/Snake_ws/install/snake_msgs/local/lib/python3.10/dist-packages/snake_msgs/snake_msgs_s__rosidl_typesupport_fastrtps_c.cpython-310-x86_64-linux-gnu.so
[0.878s] -- Up-to-date symlink: /home/tatsuki/Snake_ws/install/snake_msgs/local/lib/python3.10/dist-packages/snake_msgs/snake_msgs_s__rosidl_typesupport_introspection_c.cpython-310-x86_64-linux-gnu.so
[0.879s] -- Up-to-date symlink: /home/tatsuki/Snake_ws/install/snake_msgs/local/lib/python3.10/dist-packages/snake_msgs/snake_msgs_s__rosidl_typesupport_fastrtps_c.cpython-310-x86_64-linux-gnu.so
[0.879s] -- Up-to-date symlink: /home/tatsuki/Snake_ws/install/snake_msgs/local/lib/python3.10/dist-packages/snake_msgs/snake_msgs_s__rosidl_typesupport_introspection_c.cpython-310-x86_64-linux-gnu.so
[0.879s] -- Up-to-date symlink: /home/tatsuki/Snake_ws/install/snake_msgs/local/lib/python3.10/dist-packages/snake_msgs/snake_msgs_s__rosidl_typesupport_c.cpython-310-x86_64-linux-gnu.so
[0.879s] -- Up-to-date symlink: /home/tatsuki/Snake_ws/install/snake_msgs/share/snake_msgs/msg/Module.idl
[0.880s] -- Up-to-date symlink: /home/tatsuki/Snake_ws/install/snake_msgs/share/snake_msgs/msg/Module.msg
[0.880s] -- Up-to-date symlink: /home/tatsuki/Snake_ws/install/snake_msgs/share/ament_index/resource_index/package_run_dependencies/snake_msgs
[0.880s] -- Up-to-date symlink: /home/tatsuki/Snake_ws/install/snake_msgs/share/ament_index/resource_index/parent_prefix_path/snake_msgs
[0.880s] -- Up-to-date symlink: /home/tatsuki/Snake_ws/install/snake_msgs/share/snake_msgs/environment/ament_prefix_path.sh
[0.880s] -- Up-to-date symlink: /home/tatsuki/Snake_ws/install/snake_msgs/share/snake_msgs/environment/ament_prefix_path.dsv
[0.880s] -- Up-to-date symlink: /home/tatsuki/Snake_ws/install/snake_msgs/share/snake_msgs/environment/path.sh
[0.881s] -- Up-to-date symlink: /home/tatsuki/Snake_ws/install/snake_msgs/share/snake_msgs/environment/path.dsv
[0.881s] -- Up-to-date symlink: /home/tatsuki/Snake_ws/install/snake_msgs/share/snake_msgs/local_setup.bash
[0.881s] -- Up-to-date symlink: /home/tatsuki/Snake_ws/install/snake_msgs/share/snake_msgs/local_setup.sh
[0.881s] -- Up-to-date symlink: /home/tatsuki/Snake_ws/install/snake_msgs/share/snake_msgs/local_setup.zsh
[0.881s] -- Up-to-date symlink: /home/tatsuki/Snake_ws/install/snake_msgs/share/snake_msgs/local_setup.dsv
[0.881s] -- Symlinking: /home/tatsuki/Snake_ws/install/snake_msgs/share/snake_msgs/package.dsv
[0.891s] -- Up-to-date symlink: /home/tatsuki/Snake_ws/install/snake_msgs/share/ament_index/resource_index/packages/snake_msgs
[0.891s] -- Up-to-date symlink: /home/tatsuki/Snake_ws/install/snake_msgs/share/snake_msgs/cmake/rosidl_cmake-extras.cmake
[0.892s] -- Up-to-date symlink: /home/tatsuki/Snake_ws/install/snake_msgs/share/snake_msgs/cmake/ament_cmake_export_include_directories-extras.cmake
[0.892s] -- Up-to-date symlink: /home/tatsuki/Snake_ws/install/snake_msgs/share/snake_msgs/cmake/ament_cmake_export_libraries-extras.cmake
[0.892s] -- Up-to-date symlink: /home/tatsuki/Snake_ws/install/snake_msgs/share/snake_msgs/cmake/ament_cmake_export_targets-extras.cmake
[0.892s] -- Up-to-date symlink: /home/tatsuki/Snake_ws/install/snake_msgs/share/snake_msgs/cmake/rosidl_cmake_export_typesupport_targets-extras.cmake
[0.892s] -- Up-to-date symlink: /home/tatsuki/Snake_ws/install/snake_msgs/share/snake_msgs/cmake/ament_cmake_export_dependencies-extras.cmake
[0.893s] -- Up-to-date symlink: /home/tatsuki/Snake_ws/install/snake_msgs/share/snake_msgs/cmake/rosidl_cmake_export_typesupport_libraries-extras.cmake
[0.893s] -- Up-to-date symlink: /home/tatsuki/Snake_ws/install/snake_msgs/share/snake_msgs/cmake/snake_msgsConfig.cmake
[0.893s] -- Up-to-date symlink: /home/tatsuki/Snake_ws/install/snake_msgs/share/snake_msgs/cmake/snake_msgsConfig-version.cmake
[0.893s] -- Up-to-date symlink: /home/tatsuki/Snake_ws/install/snake_msgs/share/snake_msgs/package.xml
[0.893s] -- Up-to-date: /home/tatsuki/Snake_ws/install/snake_msgs/lib/libsnake_msgs__rosidl_generator_c.so
[0.894s] -- Up-to-date: /home/tatsuki/Snake_ws/install/snake_msgs/lib/libsnake_msgs__rosidl_typesupport_fastrtps_c.so
[0.894s] -- Up-to-date: /home/tatsuki/Snake_ws/install/snake_msgs/lib/libsnake_msgs__rosidl_typesupport_fastrtps_cpp.so
[0.894s] -- Up-to-date: /home/tatsuki/Snake_ws/install/snake_msgs/lib/libsnake_msgs__rosidl_typesupport_introspection_c.so
[0.895s] -- Up-to-date: /home/tatsuki/Snake_ws/install/snake_msgs/lib/libsnake_msgs__rosidl_typesupport_c.so
[0.895s] -- Up-to-date: /home/tatsuki/Snake_ws/install/snake_msgs/lib/libsnake_msgs__rosidl_typesupport_introspection_cpp.so
[0.895s] -- Up-to-date: /home/tatsuki/Snake_ws/install/snake_msgs/lib/libsnake_msgs__rosidl_typesupport_cpp.so
[0.940s] Listing '/home/tatsuki/Snake_ws/install/snake_msgs/local/lib/python3.10/dist-packages/snake_msgs'...
[0.940s] Listing '/home/tatsuki/Snake_ws/install/snake_msgs/local/lib/python3.10/dist-packages/snake_msgs/msg'...
[0.945s] -- Up-to-date: /home/tatsuki/Snake_ws/install/snake_msgs/lib/libsnake_msgs__rosidl_generator_py.so
[0.945s] -- Up-to-date: /home/tatsuki/Snake_ws/install/snake_msgs/share/snake_msgs/cmake/export_snake_msgs__rosidl_generator_cExport.cmake
[0.945s] -- Up-to-date: /home/tatsuki/Snake_ws/install/snake_msgs/share/snake_msgs/cmake/export_snake_msgs__rosidl_generator_cExport-noconfig.cmake
[0.945s] -- Up-to-date: /home/tatsuki/Snake_ws/install/snake_msgs/share/snake_msgs/cmake/export_snake_msgs__rosidl_typesupport_fastrtps_cExport.cmake
[0.945s] -- Up-to-date: /home/tatsuki/Snake_ws/install/snake_msgs/share/snake_msgs/cmake/export_snake_msgs__rosidl_typesupport_fastrtps_cExport-noconfig.cmake
[0.945s] -- Up-to-date: /home/tatsuki/Snake_ws/install/snake_msgs/share/snake_msgs/cmake/export_snake_msgs__rosidl_generator_cppExport.cmake
[0.945s] -- Up-to-date: /home/tatsuki/Snake_ws/install/snake_msgs/share/snake_msgs/cmake/export_snake_msgs__rosidl_typesupport_fastrtps_cppExport.cmake
[0.945s] -- Up-to-date: /home/tatsuki/Snake_ws/install/snake_msgs/share/snake_msgs/cmake/export_snake_msgs__rosidl_typesupport_fastrtps_cppExport-noconfig.cmake
[0.946s] -- Up-to-date: /home/tatsuki/Snake_ws/install/snake_msgs/share/snake_msgs/cmake/snake_msgs__rosidl_typesupport_introspection_cExport.cmake
[0.946s] -- Up-to-date: /home/tatsuki/Snake_ws/install/snake_msgs/share/snake_msgs/cmake/snake_msgs__rosidl_typesupport_introspection_cExport-noconfig.cmake
[0.946s] -- Up-to-date: /home/tatsuki/Snake_ws/install/snake_msgs/share/snake_msgs/cmake/snake_msgs__rosidl_typesupport_cExport.cmake
[0.946s] -- Up-to-date: /home/tatsuki/Snake_ws/install/snake_msgs/share/snake_msgs/cmake/snake_msgs__rosidl_typesupport_cExport-noconfig.cmake
[0.946s] -- Up-to-date: /home/tatsuki/Snake_ws/install/snake_msgs/share/snake_msgs/cmake/snake_msgs__rosidl_typesupport_introspection_cppExport.cmake
[0.946s] -- Up-to-date: /home/tatsuki/Snake_ws/install/snake_msgs/share/snake_msgs/cmake/snake_msgs__rosidl_typesupport_introspection_cppExport-noconfig.cmake
[0.946s] -- Up-to-date: /home/tatsuki/Snake_ws/install/snake_msgs/share/snake_msgs/cmake/snake_msgs__rosidl_typesupport_cppExport.cmake
[0.946s] -- Up-to-date: /home/tatsuki/Snake_ws/install/snake_msgs/share/snake_msgs/cmake/snake_msgs__rosidl_typesupport_cppExport-noconfig.cmake
[0.947s] -- Up-to-date: /home/tatsuki/Snake_ws/install/snake_msgs/share/snake_msgs/cmake/export_snake_msgs__rosidl_generator_pyExport.cmake
[0.947s] -- Up-to-date: /home/tatsuki/Snake_ws/install/snake_msgs/share/snake_msgs/cmake/export_snake_msgs__rosidl_generator_pyExport-noconfig.cmake
[0.950s] Invoked command in '/home/tatsuki/Snake_ws/build/snake_msgs' returned '0': CMAKE_PREFIX_PATH=${CMAKE_PREFIX_PATH}:/home/tatsuki/Snake_ws/install/snake_server:/home/tatsuki/Snake_ws/install/snake_motors:/home/tatsuki/ROS2Dev/repositorio_ws/install/example_description:/home/tatsuki/ROS2Dev/repositorio_ws/install/example_bringup:/home/tatsuki/ROS2Dev/test_ws/install/first_package:/home/tatsuki/MAN_ws/install/motors_processor:/home/tatsuki/MAN_ws/install/image_processor:/opt/ros/humble /usr/bin/cmake --install /home/tatsuki/Snake_ws/build/snake_msgs
