running develop
running egg_info
creating snake_server.egg-info
writing snake_server.egg-info/PKG-INFO
writing dependency_links to snake_server.egg-info/dependency_links.txt
writing entry points to snake_server.egg-info/entry_points.txt
writing requirements to snake_server.egg-info/requires.txt
writing top-level names to snake_server.egg-info/top_level.txt
writing manifest file 'snake_server.egg-info/SOURCES.txt'
reading manifest file 'snake_server.egg-info/SOURCES.txt'
writing manifest file 'snake_server.egg-info/SOURCES.txt'
running build_ext
Creating /home/tatsuki/Snake_ws/install/snake_server/lib/python3.10/site-packages/snake-server.egg-link (link to .)

Installed /home/tatsuki/Snake_ws/build/snake_server
running symlink_data
creating /home/tatsuki/Snake_ws/install/snake_server/share/ament_index
creating /home/tatsuki/Snake_ws/install/snake_server/share/ament_index/resource_index
creating /home/tatsuki/Snake_ws/install/snake_server/share/ament_index/resource_index/packages
symbolically linking /home/tatsuki/Snake_ws/build/snake_server/resource/snake_server -> /home/tatsuki/Snake_ws/install/snake_server/share/ament_index/resource_index/packages
symbolically linking /home/tatsuki/Snake_ws/build/snake_server/package.xml -> /home/tatsuki/Snake_ws/install/snake_server/share/snake_server
