[0.619s] Invoking command in '/home/tatsuki/Snake_ws/build/snake_server': PYTHONPATH=/home/tatsuki/Snake_ws/build/snake_server/prefix_override:/home/tatsuki/Snake_ws/install/snake_server/lib/python3.10/site-packages:${PYTHONPATH} /usr/bin/python3 -W ignore:setup.py install is deprecated setup.py develop --editable --build-directory /home/tatsuki/Snake_ws/build/snake_server/build --no-deps symlink_data
[0.890s] running develop
[1.036s] running egg_info
[1.036s] creating snake_server.egg-info
[1.036s] writing snake_server.egg-info/PKG-INFO
[1.036s] writing dependency_links to snake_server.egg-info/dependency_links.txt
[1.036s] writing entry points to snake_server.egg-info/entry_points.txt
[1.036s] writing requirements to snake_server.egg-info/requires.txt
[1.037s] writing top-level names to snake_server.egg-info/top_level.txt
[1.037s] writing manifest file 'snake_server.egg-info/SOURCES.txt'
[1.038s] reading manifest file 'snake_server.egg-info/SOURCES.txt'
[1.038s] writing manifest file 'snake_server.egg-info/SOURCES.txt'
[1.039s] running build_ext
[1.040s] Creating /home/tatsuki/Snake_ws/install/snake_server/lib/python3.10/site-packages/snake-server.egg-link (link to .)
[1.040s] 
[1.040s] Installed /home/tatsuki/Snake_ws/build/snake_server
[1.041s] running symlink_data
[1.041s] creating /home/tatsuki/Snake_ws/install/snake_server/share/ament_index
[1.041s] creating /home/tatsuki/Snake_ws/install/snake_server/share/ament_index/resource_index
[1.041s] creating /home/tatsuki/Snake_ws/install/snake_server/share/ament_index/resource_index/packages
[1.041s] symbolically linking /home/tatsuki/Snake_ws/build/snake_server/resource/snake_server -> /home/tatsuki/Snake_ws/install/snake_server/share/ament_index/resource_index/packages
[1.041s] symbolically linking /home/tatsuki/Snake_ws/build/snake_server/package.xml -> /home/tatsuki/Snake_ws/install/snake_server/share/snake_server
[1.077s] Invoked command in '/home/tatsuki/Snake_ws/build/snake_server' returned '0': PYTHONPATH=/home/tatsuki/Snake_ws/build/snake_server/prefix_override:/home/tatsuki/Snake_ws/install/snake_server/lib/python3.10/site-packages:${PYTHONPATH} /usr/bin/python3 -W ignore:setup.py install is deprecated setup.py develop --editable --build-directory /home/tatsuki/Snake_ws/build/snake_server/build --no-deps symlink_data
