[0.158s] DEBUG:colcon:Command line arguments: ['/usr/bin/colcon', 'build', '--symlink-install']
[0.158s] DEBUG:colcon:Parsed command line arguments: Namespace(log_base=None, log_level=None, verb_name='build', build_base='build', install_base='install', merge_install=False, symlink_install=True, test_result_base=None, continue_on_error=False, executor='parallel', parallel_workers=12, event_handlers=None, ignore_user_meta=False, metas=['./colcon.meta'], base_paths=['.'], packages_ignore=None, packages_ignore_regex=None, paths=None, packages_up_to=None, packages_up_to_regex=None, packages_above=None, packages_above_and_dependencies=None, packages_above_depth=None, packages_select_by_dep=None, packages_skip_by_dep=None, packages_skip_up_to=None, packages_select_build_failed=False, packages_skip_build_finished=False, packages_select_test_failures=False, packages_skip_test_passed=False, packages_select=None, packages_skip=None, packages_select_regex=None, packages_skip_regex=None, packages_start=None, packages_end=None, allow_overriding=[], cmake_args=None, cmake_target=None, cmake_target_skip_unavailable=False, cmake_clean_cache=False, cmake_clean_first=False, cmake_force_configure=False, ament_cmake_args=None, catkin_cmake_args=None, catkin_skip_building_tests=False, verb_parser=<colcon_defaults.argument_parser.defaults.DefaultArgumentsDecorator object at 0x7b8424f0aef0>, verb_extension=<colcon_core.verb.build.BuildVerb object at 0x7b842503b580>, main=<bound method BuildVerb.main of <colcon_core.verb.build.BuildVerb object at 0x7b842503b580>>)
[0.436s] Level 1:colcon.colcon_core.package_discovery:discover_packages(colcon_meta) check parameters
[0.437s] Level 1:colcon.colcon_core.package_discovery:discover_packages(recursive) check parameters
[0.437s] Level 1:colcon.colcon_core.package_discovery:discover_packages(ignore) check parameters
[0.444s] Level 1:colcon.colcon_core.package_discovery:discover_packages(path) check parameters
[0.444s] Level 1:colcon.colcon_core.package_discovery:discover_packages(colcon_meta) discover
[0.444s] Level 1:colcon.colcon_core.package_discovery:discover_packages(recursive) discover
[0.444s] INFO:colcon.colcon_core.package_discovery:Crawling recursively for packages in '/home/tatsuki/Snake_ws'
[0.444s] Level 1:colcon.colcon_core.package_identification:_identify(.) by extensions ['ignore', 'ignore_ament_install']
[0.445s] Level 1:colcon.colcon_core.package_identification:_identify(.) by extension 'ignore'
[0.445s] Level 1:colcon.colcon_core.package_identification:_identify(.) by extension 'ignore_ament_install'
[0.445s] Level 1:colcon.colcon_core.package_identification:_identify(.) by extensions ['colcon_pkg']
[0.445s] Level 1:colcon.colcon_core.package_identification:_identify(.) by extension 'colcon_pkg'
[0.445s] Level 1:colcon.colcon_core.package_identification:_identify(.) by extensions ['colcon_meta']
[0.445s] Level 1:colcon.colcon_core.package_identification:_identify(.) by extension 'colcon_meta'
[0.445s] Level 1:colcon.colcon_core.package_identification:_identify(.) by extensions ['ros']
[0.445s] Level 1:colcon.colcon_core.package_identification:_identify(.) by extension 'ros'
[0.460s] Level 1:colcon.colcon_core.package_identification:_identify(.) by extensions ['cmake', 'python']
[0.461s] Level 1:colcon.colcon_core.package_identification:_identify(.) by extension 'cmake'
[0.461s] Level 1:colcon.colcon_core.package_identification:_identify(.) by extension 'python'
[0.461s] Level 1:colcon.colcon_core.package_identification:_identify(.) by extensions ['python_setup_py']
[0.461s] Level 1:colcon.colcon_core.package_identification:_identify(.) by extension 'python_setup_py'
[0.461s] Level 1:colcon.colcon_core.package_identification:_identify(build) by extensions ['ignore', 'ignore_ament_install']
[0.461s] Level 1:colcon.colcon_core.package_identification:_identify(build) by extension 'ignore'
[0.461s] Level 1:colcon.colcon_core.package_identification:_identify(build) ignored
[0.461s] Level 1:colcon.colcon_core.package_identification:_identify(install) by extensions ['ignore', 'ignore_ament_install']
[0.461s] Level 1:colcon.colcon_core.package_identification:_identify(install) by extension 'ignore'
[0.461s] Level 1:colcon.colcon_core.package_identification:_identify(install) ignored
[0.462s] Level 1:colcon.colcon_core.package_identification:_identify(log) by extensions ['ignore', 'ignore_ament_install']
[0.462s] Level 1:colcon.colcon_core.package_identification:_identify(log) by extension 'ignore'
[0.462s] Level 1:colcon.colcon_core.package_identification:_identify(log) ignored
[0.462s] Level 1:colcon.colcon_core.package_identification:_identify(snakeModule) by extensions ['ignore', 'ignore_ament_install']
[0.462s] Level 1:colcon.colcon_core.package_identification:_identify(snakeModule) by extension 'ignore'
[0.462s] Level 1:colcon.colcon_core.package_identification:_identify(snakeModule) by extension 'ignore_ament_install'
[0.462s] Level 1:colcon.colcon_core.package_identification:_identify(snakeModule) by extensions ['colcon_pkg']
[0.462s] Level 1:colcon.colcon_core.package_identification:_identify(snakeModule) by extension 'colcon_pkg'
[0.462s] Level 1:colcon.colcon_core.package_identification:_identify(snakeModule) by extensions ['colcon_meta']
[0.462s] Level 1:colcon.colcon_core.package_identification:_identify(snakeModule) by extension 'colcon_meta'
[0.462s] Level 1:colcon.colcon_core.package_identification:_identify(snakeModule) by extensions ['ros']
[0.462s] Level 1:colcon.colcon_core.package_identification:_identify(snakeModule) by extension 'ros'
[0.462s] Level 1:colcon.colcon_core.package_identification:_identify(snakeModule) by extensions ['cmake', 'python']
[0.463s] Level 1:colcon.colcon_core.package_identification:_identify(snakeModule) by extension 'cmake'
[0.463s] Level 1:colcon.colcon_core.package_identification:_identify(snakeModule) by extension 'python'
[0.463s] Level 1:colcon.colcon_core.package_identification:_identify(snakeModule) by extensions ['python_setup_py']
[0.463s] Level 1:colcon.colcon_core.package_identification:_identify(snakeModule) by extension 'python_setup_py'
[0.463s] Level 1:colcon.colcon_core.package_identification:_identify(src) by extensions ['ignore', 'ignore_ament_install']
[0.463s] Level 1:colcon.colcon_core.package_identification:_identify(src) by extension 'ignore'
[0.463s] Level 1:colcon.colcon_core.package_identification:_identify(src) by extension 'ignore_ament_install'
[0.463s] Level 1:colcon.colcon_core.package_identification:_identify(src) by extensions ['colcon_pkg']
[0.463s] Level 1:colcon.colcon_core.package_identification:_identify(src) by extension 'colcon_pkg'
[0.463s] Level 1:colcon.colcon_core.package_identification:_identify(src) by extensions ['colcon_meta']
[0.463s] Level 1:colcon.colcon_core.package_identification:_identify(src) by extension 'colcon_meta'
[0.463s] Level 1:colcon.colcon_core.package_identification:_identify(src) by extensions ['ros']
[0.463s] Level 1:colcon.colcon_core.package_identification:_identify(src) by extension 'ros'
[0.463s] Level 1:colcon.colcon_core.package_identification:_identify(src) by extensions ['cmake', 'python']
[0.463s] Level 1:colcon.colcon_core.package_identification:_identify(src) by extension 'cmake'
[0.463s] Level 1:colcon.colcon_core.package_identification:_identify(src) by extension 'python'
[0.463s] Level 1:colcon.colcon_core.package_identification:_identify(src) by extensions ['python_setup_py']
[0.464s] Level 1:colcon.colcon_core.package_identification:_identify(src) by extension 'python_setup_py'
[0.464s] Level 1:colcon.colcon_core.package_identification:_identify(src/snake_bringup) by extensions ['ignore', 'ignore_ament_install']
[0.464s] Level 1:colcon.colcon_core.package_identification:_identify(src/snake_bringup) by extension 'ignore'
[0.464s] Level 1:colcon.colcon_core.package_identification:_identify(src/snake_bringup) by extension 'ignore_ament_install'
[0.464s] Level 1:colcon.colcon_core.package_identification:_identify(src/snake_bringup) by extensions ['colcon_pkg']
[0.464s] Level 1:colcon.colcon_core.package_identification:_identify(src/snake_bringup) by extension 'colcon_pkg'
[0.464s] Level 1:colcon.colcon_core.package_identification:_identify(src/snake_bringup) by extensions ['colcon_meta']
[0.464s] Level 1:colcon.colcon_core.package_identification:_identify(src/snake_bringup) by extension 'colcon_meta'
[0.464s] Level 1:colcon.colcon_core.package_identification:_identify(src/snake_bringup) by extensions ['ros']
[0.464s] Level 1:colcon.colcon_core.package_identification:_identify(src/snake_bringup) by extension 'ros'
[0.469s] DEBUG:colcon.colcon_core.package_identification:Package 'src/snake_bringup' with type 'ros.ament_cmake' and name 'snake_bringup'
[0.469s] Level 1:colcon.colcon_core.package_identification:_identify(src/snake_motors) by extensions ['ignore', 'ignore_ament_install']
[0.469s] Level 1:colcon.colcon_core.package_identification:_identify(src/snake_motors) by extension 'ignore'
[0.469s] Level 1:colcon.colcon_core.package_identification:_identify(src/snake_motors) by extension 'ignore_ament_install'
[0.470s] Level 1:colcon.colcon_core.package_identification:_identify(src/snake_motors) by extensions ['colcon_pkg']
[0.470s] Level 1:colcon.colcon_core.package_identification:_identify(src/snake_motors) by extension 'colcon_pkg'
[0.470s] Level 1:colcon.colcon_core.package_identification:_identify(src/snake_motors) by extensions ['colcon_meta']
[0.470s] Level 1:colcon.colcon_core.package_identification:_identify(src/snake_motors) by extension 'colcon_meta'
[0.470s] Level 1:colcon.colcon_core.package_identification:_identify(src/snake_motors) by extensions ['ros']
[0.470s] Level 1:colcon.colcon_core.package_identification:_identify(src/snake_motors) by extension 'ros'
[0.471s] DEBUG:colcon.colcon_core.package_identification:Package 'src/snake_motors' with type 'ros.ament_python' and name 'snake_motors'
[0.471s] Level 1:colcon.colcon_core.package_identification:_identify(src/snake_msgs) by extensions ['ignore', 'ignore_ament_install']
[0.471s] Level 1:colcon.colcon_core.package_identification:_identify(src/snake_msgs) by extension 'ignore'
[0.471s] Level 1:colcon.colcon_core.package_identification:_identify(src/snake_msgs) by extension 'ignore_ament_install'
[0.471s] Level 1:colcon.colcon_core.package_identification:_identify(src/snake_msgs) by extensions ['colcon_pkg']
[0.471s] Level 1:colcon.colcon_core.package_identification:_identify(src/snake_msgs) by extension 'colcon_pkg'
[0.471s] Level 1:colcon.colcon_core.package_identification:_identify(src/snake_msgs) by extensions ['colcon_meta']
[0.471s] Level 1:colcon.colcon_core.package_identification:_identify(src/snake_msgs) by extension 'colcon_meta'
[0.471s] Level 1:colcon.colcon_core.package_identification:_identify(src/snake_msgs) by extensions ['ros']
[0.471s] Level 1:colcon.colcon_core.package_identification:_identify(src/snake_msgs) by extension 'ros'
[0.472s] DEBUG:colcon.colcon_core.package_identification:Package 'src/snake_msgs' with type 'ros.ament_cmake' and name 'snake_msgs'
[0.472s] Level 1:colcon.colcon_core.package_identification:_identify(src/snake_server) by extensions ['ignore', 'ignore_ament_install']
[0.472s] Level 1:colcon.colcon_core.package_identification:_identify(src/snake_server) by extension 'ignore'
[0.472s] Level 1:colcon.colcon_core.package_identification:_identify(src/snake_server) by extension 'ignore_ament_install'
[0.472s] Level 1:colcon.colcon_core.package_identification:_identify(src/snake_server) by extensions ['colcon_pkg']
[0.472s] Level 1:colcon.colcon_core.package_identification:_identify(src/snake_server) by extension 'colcon_pkg'
[0.473s] Level 1:colcon.colcon_core.package_identification:_identify(src/snake_server) by extensions ['colcon_meta']
[0.473s] Level 1:colcon.colcon_core.package_identification:_identify(src/snake_server) by extension 'colcon_meta'
[0.473s] Level 1:colcon.colcon_core.package_identification:_identify(src/snake_server) by extensions ['ros']
[0.473s] Level 1:colcon.colcon_core.package_identification:_identify(src/snake_server) by extension 'ros'
[0.473s] DEBUG:colcon.colcon_core.package_identification:Package 'src/snake_server' with type 'ros.ament_python' and name 'snake_server'
[0.473s] Level 1:colcon.colcon_core.package_discovery:discover_packages(recursive) using defaults
[0.473s] Level 1:colcon.colcon_core.package_discovery:discover_packages(ignore) discover
[0.473s] Level 1:colcon.colcon_core.package_discovery:discover_packages(ignore) using defaults
[0.474s] Level 1:colcon.colcon_core.package_discovery:discover_packages(path) discover
[0.474s] Level 1:colcon.colcon_core.package_discovery:discover_packages(path) using defaults
[0.523s] Level 1:colcon.colcon_core.package_discovery:discover_packages(prefix_path) check parameters
[0.523s] Level 1:colcon.colcon_core.package_discovery:discover_packages(prefix_path) discover
[0.525s] DEBUG:colcon.colcon_installed_package_information.package_discovery:Found 2 installed packages in /home/tatsuki/ROS2Dev/test_ws/install
[0.526s] DEBUG:colcon.colcon_installed_package_information.package_discovery:Found 4 installed packages in /home/tatsuki/Snake_ws/install
[0.527s] DEBUG:colcon.colcon_installed_package_information.package_discovery:Found 3 installed packages in /home/tatsuki/MAN_ws/install
[0.527s] DEBUG:colcon.colcon_installed_package_information.package_discovery:Found 1 installed packages in /home/tatsuki/ros2_ws/install
[0.529s] DEBUG:colcon.colcon_installed_package_information.package_discovery:Found 276 installed packages in /opt/ros/humble
[0.531s] Level 1:colcon.colcon_core.package_discovery:discover_packages(prefix_path) using defaults
[0.582s] Level 5:colcon.colcon_core.verb:set package 'snake_bringup' build argument 'cmake_args' from command line to 'None'
[0.582s] Level 5:colcon.colcon_core.verb:set package 'snake_bringup' build argument 'cmake_target' from command line to 'None'
[0.582s] Level 5:colcon.colcon_core.verb:set package 'snake_bringup' build argument 'cmake_target_skip_unavailable' from command line to 'False'
[0.583s] Level 5:colcon.colcon_core.verb:set package 'snake_bringup' build argument 'cmake_clean_cache' from command line to 'False'
[0.583s] Level 5:colcon.colcon_core.verb:set package 'snake_bringup' build argument 'cmake_clean_first' from command line to 'False'
[0.583s] Level 5:colcon.colcon_core.verb:set package 'snake_bringup' build argument 'cmake_force_configure' from command line to 'False'
[0.583s] Level 5:colcon.colcon_core.verb:set package 'snake_bringup' build argument 'ament_cmake_args' from command line to 'None'
[0.583s] Level 5:colcon.colcon_core.verb:set package 'snake_bringup' build argument 'catkin_cmake_args' from command line to 'None'
[0.583s] Level 5:colcon.colcon_core.verb:set package 'snake_bringup' build argument 'catkin_skip_building_tests' from command line to 'False'
[0.583s] DEBUG:colcon.colcon_core.verb:Building package 'snake_bringup' with the following arguments: {'ament_cmake_args': None, 'build_base': '/home/tatsuki/Snake_ws/build/snake_bringup', 'catkin_cmake_args': None, 'catkin_skip_building_tests': False, 'cmake_args': None, 'cmake_clean_cache': False, 'cmake_clean_first': False, 'cmake_force_configure': False, 'cmake_target': None, 'cmake_target_skip_unavailable': False, 'install_base': '/home/tatsuki/Snake_ws/install/snake_bringup', 'merge_install': False, 'path': '/home/tatsuki/Snake_ws/src/snake_bringup', 'symlink_install': True, 'test_result_base': None}
[0.583s] Level 5:colcon.colcon_core.verb:set package 'snake_motors' build argument 'cmake_args' from command line to 'None'
[0.583s] Level 5:colcon.colcon_core.verb:set package 'snake_motors' build argument 'cmake_target' from command line to 'None'
[0.583s] Level 5:colcon.colcon_core.verb:set package 'snake_motors' build argument 'cmake_target_skip_unavailable' from command line to 'False'
[0.583s] Level 5:colcon.colcon_core.verb:set package 'snake_motors' build argument 'cmake_clean_cache' from command line to 'False'
[0.583s] Level 5:colcon.colcon_core.verb:set package 'snake_motors' build argument 'cmake_clean_first' from command line to 'False'
[0.583s] Level 5:colcon.colcon_core.verb:set package 'snake_motors' build argument 'cmake_force_configure' from command line to 'False'
[0.583s] Level 5:colcon.colcon_core.verb:set package 'snake_motors' build argument 'ament_cmake_args' from command line to 'None'
[0.583s] Level 5:colcon.colcon_core.verb:set package 'snake_motors' build argument 'catkin_cmake_args' from command line to 'None'
[0.583s] Level 5:colcon.colcon_core.verb:set package 'snake_motors' build argument 'catkin_skip_building_tests' from command line to 'False'
[0.583s] DEBUG:colcon.colcon_core.verb:Building package 'snake_motors' with the following arguments: {'ament_cmake_args': None, 'build_base': '/home/tatsuki/Snake_ws/build/snake_motors', 'catkin_cmake_args': None, 'catkin_skip_building_tests': False, 'cmake_args': None, 'cmake_clean_cache': False, 'cmake_clean_first': False, 'cmake_force_configure': False, 'cmake_target': None, 'cmake_target_skip_unavailable': False, 'install_base': '/home/tatsuki/Snake_ws/install/snake_motors', 'merge_install': False, 'path': '/home/tatsuki/Snake_ws/src/snake_motors', 'symlink_install': True, 'test_result_base': None}
[0.584s] Level 5:colcon.colcon_core.verb:set package 'snake_msgs' build argument 'cmake_args' from command line to 'None'
[0.584s] Level 5:colcon.colcon_core.verb:set package 'snake_msgs' build argument 'cmake_target' from command line to 'None'
[0.584s] Level 5:colcon.colcon_core.verb:set package 'snake_msgs' build argument 'cmake_target_skip_unavailable' from command line to 'False'
[0.584s] Level 5:colcon.colcon_core.verb:set package 'snake_msgs' build argument 'cmake_clean_cache' from command line to 'False'
[0.584s] Level 5:colcon.colcon_core.verb:set package 'snake_msgs' build argument 'cmake_clean_first' from command line to 'False'
[0.584s] Level 5:colcon.colcon_core.verb:set package 'snake_msgs' build argument 'cmake_force_configure' from command line to 'False'
[0.584s] Level 5:colcon.colcon_core.verb:set package 'snake_msgs' build argument 'ament_cmake_args' from command line to 'None'
[0.584s] Level 5:colcon.colcon_core.verb:set package 'snake_msgs' build argument 'catkin_cmake_args' from command line to 'None'
[0.584s] Level 5:colcon.colcon_core.verb:set package 'snake_msgs' build argument 'catkin_skip_building_tests' from command line to 'False'
[0.584s] DEBUG:colcon.colcon_core.verb:Building package 'snake_msgs' with the following arguments: {'ament_cmake_args': None, 'build_base': '/home/tatsuki/Snake_ws/build/snake_msgs', 'catkin_cmake_args': None, 'catkin_skip_building_tests': False, 'cmake_args': None, 'cmake_clean_cache': False, 'cmake_clean_first': False, 'cmake_force_configure': False, 'cmake_target': None, 'cmake_target_skip_unavailable': False, 'install_base': '/home/tatsuki/Snake_ws/install/snake_msgs', 'merge_install': False, 'path': '/home/tatsuki/Snake_ws/src/snake_msgs', 'symlink_install': True, 'test_result_base': None}
[0.585s] Level 5:colcon.colcon_core.verb:set package 'snake_server' build argument 'cmake_args' from command line to 'None'
[0.585s] Level 5:colcon.colcon_core.verb:set package 'snake_server' build argument 'cmake_target' from command line to 'None'
[0.585s] Level 5:colcon.colcon_core.verb:set package 'snake_server' build argument 'cmake_target_skip_unavailable' from command line to 'False'
[0.585s] Level 5:colcon.colcon_core.verb:set package 'snake_server' build argument 'cmake_clean_cache' from command line to 'False'
[0.585s] Level 5:colcon.colcon_core.verb:set package 'snake_server' build argument 'cmake_clean_first' from command line to 'False'
[0.585s] Level 5:colcon.colcon_core.verb:set package 'snake_server' build argument 'cmake_force_configure' from command line to 'False'
[0.585s] Level 5:colcon.colcon_core.verb:set package 'snake_server' build argument 'ament_cmake_args' from command line to 'None'
[0.585s] Level 5:colcon.colcon_core.verb:set package 'snake_server' build argument 'catkin_cmake_args' from command line to 'None'
[0.585s] Level 5:colcon.colcon_core.verb:set package 'snake_server' build argument 'catkin_skip_building_tests' from command line to 'False'
[0.585s] DEBUG:colcon.colcon_core.verb:Building package 'snake_server' with the following arguments: {'ament_cmake_args': None, 'build_base': '/home/tatsuki/Snake_ws/build/snake_server', 'catkin_cmake_args': None, 'catkin_skip_building_tests': False, 'cmake_args': None, 'cmake_clean_cache': False, 'cmake_clean_first': False, 'cmake_force_configure': False, 'cmake_target': None, 'cmake_target_skip_unavailable': False, 'install_base': '/home/tatsuki/Snake_ws/install/snake_server', 'merge_install': False, 'path': '/home/tatsuki/Snake_ws/src/snake_server', 'symlink_install': True, 'test_result_base': None}
[0.585s] INFO:colcon.colcon_core.executor:Executing jobs using 'parallel' executor
[0.587s] DEBUG:colcon.colcon_parallel_executor.executor.parallel:run_until_complete
[0.587s] INFO:colcon.colcon_ros.task.ament_cmake.build:Building ROS package in '/home/tatsuki/Snake_ws/src/snake_bringup' with build type 'ament_cmake'
[0.587s] INFO:colcon.colcon_cmake.task.cmake.build:Building CMake package in '/home/tatsuki/Snake_ws/src/snake_bringup'
[0.591s] INFO:colcon.colcon_core.plugin_system:Skipping extension 'colcon_core.shell.bat': Not used on non-Windows systems
[0.591s] INFO:colcon.colcon_core.shell:Skip shell extension 'powershell' for command environment: Not usable outside of PowerShell
[0.591s] DEBUG:colcon.colcon_core.shell:Skip shell extension 'dsv' for command environment
[0.598s] INFO:colcon.colcon_ros.task.ament_python.build:Building ROS package in '/home/tatsuki/Snake_ws/src/snake_motors' with build type 'ament_python'
[0.598s] Level 1:colcon.colcon_core.shell:create_environment_hook('snake_motors', 'ament_prefix_path')
[0.599s] INFO:colcon.colcon_core.shell:Creating environment hook '/home/tatsuki/Snake_ws/install/snake_motors/share/snake_motors/hook/ament_prefix_path.ps1'
[0.600s] INFO:colcon.colcon_core.shell:Creating environment descriptor '/home/tatsuki/Snake_ws/install/snake_motors/share/snake_motors/hook/ament_prefix_path.dsv'
[0.600s] INFO:colcon.colcon_core.shell:Creating environment hook '/home/tatsuki/Snake_ws/install/snake_motors/share/snake_motors/hook/ament_prefix_path.sh'
[0.602s] INFO:colcon.colcon_core.shell:Skip shell extension 'powershell' for command environment: Not usable outside of PowerShell
[0.602s] DEBUG:colcon.colcon_core.shell:Skip shell extension 'dsv' for command environment
[0.608s] INFO:colcon.colcon_ros.task.ament_cmake.build:Building ROS package in '/home/tatsuki/Snake_ws/src/snake_msgs' with build type 'ament_cmake'
[0.609s] INFO:colcon.colcon_cmake.task.cmake.build:Building CMake package in '/home/tatsuki/Snake_ws/src/snake_msgs'
[0.609s] INFO:colcon.colcon_core.shell:Skip shell extension 'powershell' for command environment: Not usable outside of PowerShell
[0.609s] DEBUG:colcon.colcon_core.shell:Skip shell extension 'dsv' for command environment
[0.616s] INFO:colcon.colcon_ros.task.ament_python.build:Building ROS package in '/home/tatsuki/Snake_ws/src/snake_server' with build type 'ament_python'
[0.616s] Level 1:colcon.colcon_core.shell:create_environment_hook('snake_server', 'ament_prefix_path')
[0.616s] INFO:colcon.colcon_core.shell:Creating environment hook '/home/tatsuki/Snake_ws/install/snake_server/share/snake_server/hook/ament_prefix_path.ps1'
[0.618s] INFO:colcon.colcon_core.shell:Creating environment descriptor '/home/tatsuki/Snake_ws/install/snake_server/share/snake_server/hook/ament_prefix_path.dsv'
[0.619s] INFO:colcon.colcon_core.shell:Creating environment hook '/home/tatsuki/Snake_ws/install/snake_server/share/snake_server/hook/ament_prefix_path.sh'
[0.621s] INFO:colcon.colcon_core.shell:Skip shell extension 'powershell' for command environment: Not usable outside of PowerShell
[0.621s] DEBUG:colcon.colcon_core.shell:Skip shell extension 'dsv' for command environment
[0.636s] DEBUG:colcon.colcon_core.event_handler.log_command:Invoking command in '/home/tatsuki/Snake_ws/build/snake_bringup': CMAKE_PREFIX_PATH=${CMAKE_PREFIX_PATH}:/home/tatsuki/ROS2Dev/test_ws/install/first_package:/home/tatsuki/Snake_ws/install/snake_server:/home/tatsuki/Snake_ws/install/snake_motors:/home/tatsuki/MAN_ws/install/motors_processor:/home/tatsuki/MAN_ws/install/image_processor:/opt/ros/humble /usr/bin/cmake --build /home/tatsuki/Snake_ws/build/snake_bringup -- -j12 -l12
[1.090s] INFO:colcon.colcon_core.task.python.build:Building Python package in '/home/tatsuki/Snake_ws/src/snake_motors'
[1.091s] INFO:colcon.colcon_core.shell:Skip shell extension 'powershell' for command environment: Not usable outside of PowerShell
[1.091s] DEBUG:colcon.colcon_core.shell:Skip shell extension 'dsv' for command environment
[1.104s] DEBUG:colcon.colcon_core.event_handler.log_command:Invoking command in '/home/tatsuki/Snake_ws/build/snake_msgs': CMAKE_PREFIX_PATH=${CMAKE_PREFIX_PATH}:/home/tatsuki/ROS2Dev/test_ws/install/first_package:/home/tatsuki/Snake_ws/install/snake_server:/home/tatsuki/Snake_ws/install/snake_motors:/home/tatsuki/MAN_ws/install/motors_processor:/home/tatsuki/MAN_ws/install/image_processor:/opt/ros/humble /usr/bin/cmake --build /home/tatsuki/Snake_ws/build/snake_msgs -- -j12 -l12
[1.557s] INFO:colcon.colcon_core.task.python.build:Building Python package in '/home/tatsuki/Snake_ws/src/snake_server'
[1.558s] INFO:colcon.colcon_core.shell:Skip shell extension 'powershell' for command environment: Not usable outside of PowerShell
[1.558s] DEBUG:colcon.colcon_core.shell:Skip shell extension 'dsv' for command environment
[1.574s] DEBUG:colcon.colcon_core.event_handler.log_command:Invoked command in '/home/tatsuki/Snake_ws/build/snake_bringup' returned '0': CMAKE_PREFIX_PATH=${CMAKE_PREFIX_PATH}:/home/tatsuki/ROS2Dev/test_ws/install/first_package:/home/tatsuki/Snake_ws/install/snake_server:/home/tatsuki/Snake_ws/install/snake_motors:/home/tatsuki/MAN_ws/install/motors_processor:/home/tatsuki/MAN_ws/install/image_processor:/opt/ros/humble /usr/bin/cmake --build /home/tatsuki/Snake_ws/build/snake_bringup -- -j12 -l12
[1.641s] DEBUG:colcon.colcon_core.event_handler.log_command:Invoking command in '/home/tatsuki/Snake_ws/build/snake_bringup': CMAKE_PREFIX_PATH=${CMAKE_PREFIX_PATH}:/home/tatsuki/ROS2Dev/test_ws/install/first_package:/home/tatsuki/Snake_ws/install/snake_server:/home/tatsuki/Snake_ws/install/snake_motors:/home/tatsuki/MAN_ws/install/motors_processor:/home/tatsuki/MAN_ws/install/image_processor:/opt/ros/humble /usr/bin/cmake --install /home/tatsuki/Snake_ws/build/snake_bringup
[1.686s] Level 1:colcon.colcon_core.environment:create_environment_scripts_only(snake_bringup)
[1.687s] DEBUG:colcon.colcon_core.event_handler.log_command:Invoked command in '/home/tatsuki/Snake_ws/build/snake_bringup' returned '0': CMAKE_PREFIX_PATH=${CMAKE_PREFIX_PATH}:/home/tatsuki/ROS2Dev/test_ws/install/first_package:/home/tatsuki/Snake_ws/install/snake_server:/home/tatsuki/Snake_ws/install/snake_motors:/home/tatsuki/MAN_ws/install/motors_processor:/home/tatsuki/MAN_ws/install/image_processor:/opt/ros/humble /usr/bin/cmake --install /home/tatsuki/Snake_ws/build/snake_bringup
[1.693s] Level 1:colcon.colcon_core.environment:checking '/home/tatsuki/Snake_ws/install/snake_bringup' for CMake module files
[1.694s] Level 1:colcon.colcon_core.environment:checking '/home/tatsuki/Snake_ws/install/snake_bringup' for CMake config files
[1.695s] Level 1:colcon.colcon_core.shell:create_environment_hook('snake_bringup', 'cmake_prefix_path')
[1.695s] INFO:colcon.colcon_core.shell:Creating environment hook '/home/tatsuki/Snake_ws/install/snake_bringup/share/snake_bringup/hook/cmake_prefix_path.ps1'
[1.696s] INFO:colcon.colcon_core.shell:Creating environment descriptor '/home/tatsuki/Snake_ws/install/snake_bringup/share/snake_bringup/hook/cmake_prefix_path.dsv'
[1.697s] INFO:colcon.colcon_core.shell:Creating environment hook '/home/tatsuki/Snake_ws/install/snake_bringup/share/snake_bringup/hook/cmake_prefix_path.sh'
[1.698s] Level 1:colcon.colcon_core.environment:checking '/home/tatsuki/Snake_ws/install/snake_bringup/bin'
[1.699s] Level 1:colcon.colcon_core.environment:checking '/home/tatsuki/Snake_ws/install/snake_bringup/lib/pkgconfig/snake_bringup.pc'
[1.699s] Level 1:colcon.colcon_core.environment:checking '/home/tatsuki/Snake_ws/install/snake_bringup/lib/python3.10/site-packages'
[1.700s] Level 1:colcon.colcon_core.environment:checking '/home/tatsuki/Snake_ws/install/snake_bringup/bin'
[1.700s] INFO:colcon.colcon_core.shell:Creating package script '/home/tatsuki/Snake_ws/install/snake_bringup/share/snake_bringup/package.ps1'
[1.702s] INFO:colcon.colcon_core.shell:Creating package descriptor '/home/tatsuki/Snake_ws/install/snake_bringup/share/snake_bringup/package.dsv'
[1.703s] INFO:colcon.colcon_core.shell:Creating package script '/home/tatsuki/Snake_ws/install/snake_bringup/share/snake_bringup/package.sh'
[1.705s] INFO:colcon.colcon_core.shell:Creating package script '/home/tatsuki/Snake_ws/install/snake_bringup/share/snake_bringup/package.bash'
[1.707s] INFO:colcon.colcon_core.shell:Creating package script '/home/tatsuki/Snake_ws/install/snake_bringup/share/snake_bringup/package.zsh'
[1.708s] Level 1:colcon.colcon_core.environment:create_file_with_runtime_dependencies(/home/tatsuki/Snake_ws/install/snake_bringup/share/colcon-core/packages/snake_bringup)
[1.745s] DEBUG:colcon.colcon_core.event_handler.log_command:Invoked command in '/home/tatsuki/Snake_ws/build/snake_msgs' returned '0': CMAKE_PREFIX_PATH=${CMAKE_PREFIX_PATH}:/home/tatsuki/ROS2Dev/test_ws/install/first_package:/home/tatsuki/Snake_ws/install/snake_server:/home/tatsuki/Snake_ws/install/snake_motors:/home/tatsuki/MAN_ws/install/motors_processor:/home/tatsuki/MAN_ws/install/image_processor:/opt/ros/humble /usr/bin/cmake --build /home/tatsuki/Snake_ws/build/snake_msgs -- -j12 -l12
[1.753s] Level 1:colcon.colcon_core.environment:create_environment_scripts_only(snake_bringup)
[1.754s] Level 1:colcon.colcon_core.environment:checking '/home/tatsuki/Snake_ws/install/snake_bringup' for CMake module files
[1.755s] Level 1:colcon.colcon_core.environment:checking '/home/tatsuki/Snake_ws/install/snake_bringup' for CMake config files
[1.755s] Level 1:colcon.colcon_core.shell:create_environment_hook('snake_bringup', 'cmake_prefix_path')
[1.756s] INFO:colcon.colcon_core.shell:Creating environment hook '/home/tatsuki/Snake_ws/install/snake_bringup/share/snake_bringup/hook/cmake_prefix_path.ps1'
[1.756s] INFO:colcon.colcon_core.shell:Creating environment descriptor '/home/tatsuki/Snake_ws/install/snake_bringup/share/snake_bringup/hook/cmake_prefix_path.dsv'
[1.757s] INFO:colcon.colcon_core.shell:Creating environment hook '/home/tatsuki/Snake_ws/install/snake_bringup/share/snake_bringup/hook/cmake_prefix_path.sh'
[1.757s] Level 1:colcon.colcon_core.environment:checking '/home/tatsuki/Snake_ws/install/snake_bringup/bin'
[1.758s] Level 1:colcon.colcon_core.environment:checking '/home/tatsuki/Snake_ws/install/snake_bringup/lib/pkgconfig/snake_bringup.pc'
[1.758s] Level 1:colcon.colcon_core.environment:checking '/home/tatsuki/Snake_ws/install/snake_bringup/lib/python3.10/site-packages'
[1.758s] Level 1:colcon.colcon_core.environment:checking '/home/tatsuki/Snake_ws/install/snake_bringup/bin'
[1.759s] INFO:colcon.colcon_core.shell:Creating package script '/home/tatsuki/Snake_ws/install/snake_bringup/share/snake_bringup/package.ps1'
[1.759s] INFO:colcon.colcon_core.shell:Creating package descriptor '/home/tatsuki/Snake_ws/install/snake_bringup/share/snake_bringup/package.dsv'
[1.760s] INFO:colcon.colcon_core.shell:Creating package script '/home/tatsuki/Snake_ws/install/snake_bringup/share/snake_bringup/package.sh'
[1.760s] INFO:colcon.colcon_core.shell:Creating package script '/home/tatsuki/Snake_ws/install/snake_bringup/share/snake_bringup/package.bash'
[1.761s] INFO:colcon.colcon_core.shell:Creating package script '/home/tatsuki/Snake_ws/install/snake_bringup/share/snake_bringup/package.zsh'
[1.761s] Level 1:colcon.colcon_core.environment:create_file_with_runtime_dependencies(/home/tatsuki/Snake_ws/install/snake_bringup/share/colcon-core/packages/snake_bringup)
[1.869s] DEBUG:colcon.colcon_core.event_handler.log_command:Invoking command in '/home/tatsuki/Snake_ws/build/snake_msgs': CMAKE_PREFIX_PATH=${CMAKE_PREFIX_PATH}:/home/tatsuki/ROS2Dev/test_ws/install/first_package:/home/tatsuki/Snake_ws/install/snake_server:/home/tatsuki/Snake_ws/install/snake_motors:/home/tatsuki/MAN_ws/install/motors_processor:/home/tatsuki/MAN_ws/install/image_processor:/opt/ros/humble /usr/bin/cmake --install /home/tatsuki/Snake_ws/build/snake_msgs
[1.997s] Level 1:colcon.colcon_core.environment:create_environment_scripts_only(snake_msgs)
[1.998s] Level 1:colcon.colcon_core.environment:checking '/home/tatsuki/Snake_ws/install/snake_msgs' for CMake module files
[1.999s] DEBUG:colcon.colcon_core.event_handler.log_command:Invoked command in '/home/tatsuki/Snake_ws/build/snake_msgs' returned '0': CMAKE_PREFIX_PATH=${CMAKE_PREFIX_PATH}:/home/tatsuki/ROS2Dev/test_ws/install/first_package:/home/tatsuki/Snake_ws/install/snake_server:/home/tatsuki/Snake_ws/install/snake_motors:/home/tatsuki/MAN_ws/install/motors_processor:/home/tatsuki/MAN_ws/install/image_processor:/opt/ros/humble /usr/bin/cmake --install /home/tatsuki/Snake_ws/build/snake_msgs
[2.000s] Level 1:colcon.colcon_core.environment:checking '/home/tatsuki/Snake_ws/install/snake_msgs' for CMake config files
[2.002s] Level 1:colcon.colcon_core.shell:create_environment_hook('snake_msgs', 'cmake_prefix_path')
[2.002s] INFO:colcon.colcon_core.shell:Creating environment hook '/home/tatsuki/Snake_ws/install/snake_msgs/share/snake_msgs/hook/cmake_prefix_path.ps1'
[2.003s] INFO:colcon.colcon_core.shell:Creating environment descriptor '/home/tatsuki/Snake_ws/install/snake_msgs/share/snake_msgs/hook/cmake_prefix_path.dsv'
[2.003s] INFO:colcon.colcon_core.shell:Creating environment hook '/home/tatsuki/Snake_ws/install/snake_msgs/share/snake_msgs/hook/cmake_prefix_path.sh'
[2.004s] Level 1:colcon.colcon_core.environment:checking '/home/tatsuki/Snake_ws/install/snake_msgs/lib'
[2.005s] Level 1:colcon.colcon_core.shell:create_environment_hook('snake_msgs', 'ld_library_path_lib')
[2.005s] INFO:colcon.colcon_core.shell:Creating environment hook '/home/tatsuki/Snake_ws/install/snake_msgs/share/snake_msgs/hook/ld_library_path_lib.ps1'
[2.006s] INFO:colcon.colcon_core.shell:Creating environment descriptor '/home/tatsuki/Snake_ws/install/snake_msgs/share/snake_msgs/hook/ld_library_path_lib.dsv'
[2.007s] INFO:colcon.colcon_core.shell:Creating environment hook '/home/tatsuki/Snake_ws/install/snake_msgs/share/snake_msgs/hook/ld_library_path_lib.sh'
[2.007s] Level 1:colcon.colcon_core.environment:checking '/home/tatsuki/Snake_ws/install/snake_msgs/bin'
[2.007s] Level 1:colcon.colcon_core.environment:checking '/home/tatsuki/Snake_ws/install/snake_msgs/lib/pkgconfig/snake_msgs.pc'
[2.008s] Level 1:colcon.colcon_core.environment:checking '/home/tatsuki/Snake_ws/install/snake_msgs/lib/python3.10/site-packages'
[2.008s] Level 1:colcon.colcon_core.environment:checking '/home/tatsuki/Snake_ws/install/snake_msgs/bin'
[2.009s] INFO:colcon.colcon_core.shell:Creating package script '/home/tatsuki/Snake_ws/install/snake_msgs/share/snake_msgs/package.ps1'
[2.010s] INFO:colcon.colcon_core.shell:Creating package descriptor '/home/tatsuki/Snake_ws/install/snake_msgs/share/snake_msgs/package.dsv'
[2.011s] INFO:colcon.colcon_core.shell:Creating package script '/home/tatsuki/Snake_ws/install/snake_msgs/share/snake_msgs/package.sh'
[2.011s] INFO:colcon.colcon_core.shell:Creating package script '/home/tatsuki/Snake_ws/install/snake_msgs/share/snake_msgs/package.bash'
[2.012s] INFO:colcon.colcon_core.shell:Creating package script '/home/tatsuki/Snake_ws/install/snake_msgs/share/snake_msgs/package.zsh'
[2.012s] Level 1:colcon.colcon_core.environment:create_file_with_runtime_dependencies(/home/tatsuki/Snake_ws/install/snake_msgs/share/colcon-core/packages/snake_msgs)
[2.198s] Level 1:colcon.colcon_core.environment:create_environment_scripts_only(snake_msgs)
[2.199s] Level 1:colcon.colcon_core.environment:checking '/home/tatsuki/Snake_ws/install/snake_msgs' for CMake module files
[2.200s] Level 1:colcon.colcon_core.environment:checking '/home/tatsuki/Snake_ws/install/snake_msgs' for CMake config files
[2.202s] Level 1:colcon.colcon_core.shell:create_environment_hook('snake_msgs', 'cmake_prefix_path')
[2.203s] INFO:colcon.colcon_core.shell:Creating environment hook '/home/tatsuki/Snake_ws/install/snake_msgs/share/snake_msgs/hook/cmake_prefix_path.ps1'
[2.204s] INFO:colcon.colcon_core.shell:Creating environment descriptor '/home/tatsuki/Snake_ws/install/snake_msgs/share/snake_msgs/hook/cmake_prefix_path.dsv'
[2.204s] INFO:colcon.colcon_core.shell:Creating environment hook '/home/tatsuki/Snake_ws/install/snake_msgs/share/snake_msgs/hook/cmake_prefix_path.sh'
[2.205s] Level 1:colcon.colcon_core.environment:checking '/home/tatsuki/Snake_ws/install/snake_msgs/lib'
[2.206s] Level 1:colcon.colcon_core.shell:create_environment_hook('snake_msgs', 'ld_library_path_lib')
[2.206s] INFO:colcon.colcon_core.shell:Creating environment hook '/home/tatsuki/Snake_ws/install/snake_msgs/share/snake_msgs/hook/ld_library_path_lib.ps1'
[2.207s] INFO:colcon.colcon_core.shell:Creating environment descriptor '/home/tatsuki/Snake_ws/install/snake_msgs/share/snake_msgs/hook/ld_library_path_lib.dsv'
[2.207s] INFO:colcon.colcon_core.shell:Creating environment hook '/home/tatsuki/Snake_ws/install/snake_msgs/share/snake_msgs/hook/ld_library_path_lib.sh'
[2.208s] Level 1:colcon.colcon_core.environment:checking '/home/tatsuki/Snake_ws/install/snake_msgs/bin'
[2.208s] Level 1:colcon.colcon_core.environment:checking '/home/tatsuki/Snake_ws/install/snake_msgs/lib/pkgconfig/snake_msgs.pc'
[2.209s] Level 1:colcon.colcon_core.environment:checking '/home/tatsuki/Snake_ws/install/snake_msgs/lib/python3.10/site-packages'
[2.209s] Level 1:colcon.colcon_core.environment:checking '/home/tatsuki/Snake_ws/install/snake_msgs/bin'
[2.210s] INFO:colcon.colcon_core.shell:Creating package script '/home/tatsuki/Snake_ws/install/snake_msgs/share/snake_msgs/package.ps1'
[2.211s] INFO:colcon.colcon_core.shell:Creating package descriptor '/home/tatsuki/Snake_ws/install/snake_msgs/share/snake_msgs/package.dsv'
[2.212s] INFO:colcon.colcon_core.shell:Creating package script '/home/tatsuki/Snake_ws/install/snake_msgs/share/snake_msgs/package.sh'
[2.213s] INFO:colcon.colcon_core.shell:Creating package script '/home/tatsuki/Snake_ws/install/snake_msgs/share/snake_msgs/package.bash'
[2.214s] INFO:colcon.colcon_core.shell:Creating package script '/home/tatsuki/Snake_ws/install/snake_msgs/share/snake_msgs/package.zsh'
[2.214s] Level 1:colcon.colcon_core.environment:create_file_with_runtime_dependencies(/home/tatsuki/Snake_ws/install/snake_msgs/share/colcon-core/packages/snake_msgs)
[2.221s] DEBUG:colcon.colcon_core.event_handler.log_command:Invoking command in '/home/tatsuki/Snake_ws/build/snake_server': PYTHONPATH=/home/tatsuki/Snake_ws/build/snake_server/prefix_override:/home/tatsuki/Snake_ws/install/snake_server/lib/python3.10/site-packages:${PYTHONPATH} /usr/bin/python3 -W ignore:setup.py install is deprecated setup.py develop --editable --build-directory /home/tatsuki/Snake_ws/build/snake_server/build --no-deps symlink_data
[2.226s] DEBUG:colcon.colcon_core.event_handler.log_command:Invoking command in '/home/tatsuki/Snake_ws/build/snake_motors': PYTHONPATH=/home/tatsuki/Snake_ws/build/snake_motors/prefix_override:/home/tatsuki/Snake_ws/install/snake_motors/lib/python3.10/site-packages:${PYTHONPATH} /usr/bin/python3 -W ignore:setup.py install is deprecated setup.py develop --editable --build-directory /home/tatsuki/Snake_ws/build/snake_motors/build --no-deps symlink_data
[2.977s] Level 1:colcon.colcon_core.shell:create_environment_hook('snake_server', 'pythonpath_develop')
[2.978s] INFO:colcon.colcon_core.shell:Creating environment hook '/home/tatsuki/Snake_ws/build/snake_server/share/snake_server/hook/pythonpath_develop.ps1'
[2.978s] DEBUG:colcon.colcon_core.event_handler.log_command:Invoked command in '/home/tatsuki/Snake_ws/build/snake_server' returned '0': PYTHONPATH=/home/tatsuki/Snake_ws/build/snake_server/prefix_override:/home/tatsuki/Snake_ws/install/snake_server/lib/python3.10/site-packages:${PYTHONPATH} /usr/bin/python3 -W ignore:setup.py install is deprecated setup.py develop --editable --build-directory /home/tatsuki/Snake_ws/build/snake_server/build --no-deps symlink_data
[2.979s] INFO:colcon.colcon_core.shell:Creating environment descriptor '/home/tatsuki/Snake_ws/build/snake_server/share/snake_server/hook/pythonpath_develop.dsv'
[2.979s] INFO:colcon.colcon_core.shell:Creating environment hook '/home/tatsuki/Snake_ws/build/snake_server/share/snake_server/hook/pythonpath_develop.sh'
[2.980s] Level 1:colcon.colcon_core.environment:checking '/home/tatsuki/Snake_ws/install/snake_server' for CMake module files
[2.981s] Level 1:colcon.colcon_core.environment:checking '/home/tatsuki/Snake_ws/install/snake_server' for CMake config files
[2.981s] Level 1:colcon.colcon_core.environment:checking '/home/tatsuki/Snake_ws/install/snake_server/lib'
[2.981s] Level 1:colcon.colcon_core.environment:checking '/home/tatsuki/Snake_ws/install/snake_server/bin'
[2.981s] Level 1:colcon.colcon_core.environment:checking '/home/tatsuki/Snake_ws/install/snake_server/lib/pkgconfig/snake_server.pc'
[2.982s] Level 1:colcon.colcon_core.environment:checking '/home/tatsuki/Snake_ws/install/snake_server/lib/python3.10/site-packages'
[2.982s] Level 1:colcon.colcon_core.shell:create_environment_hook('snake_server', 'pythonpath')
[2.982s] INFO:colcon.colcon_core.shell:Creating environment hook '/home/tatsuki/Snake_ws/install/snake_server/share/snake_server/hook/pythonpath.ps1'
[2.982s] INFO:colcon.colcon_core.shell:Creating environment descriptor '/home/tatsuki/Snake_ws/install/snake_server/share/snake_server/hook/pythonpath.dsv'
[2.983s] INFO:colcon.colcon_core.shell:Creating environment hook '/home/tatsuki/Snake_ws/install/snake_server/share/snake_server/hook/pythonpath.sh'
[2.983s] Level 1:colcon.colcon_core.environment:checking '/home/tatsuki/Snake_ws/install/snake_server/bin'
[2.984s] Level 1:colcon.colcon_core.environment:create_environment_scripts_only(snake_server)
[2.984s] INFO:colcon.colcon_core.shell:Creating package script '/home/tatsuki/Snake_ws/install/snake_server/share/snake_server/package.ps1'
[2.985s] INFO:colcon.colcon_core.shell:Creating package descriptor '/home/tatsuki/Snake_ws/install/snake_server/share/snake_server/package.dsv'
[2.985s] INFO:colcon.colcon_core.shell:Creating package script '/home/tatsuki/Snake_ws/install/snake_server/share/snake_server/package.sh'
[2.986s] INFO:colcon.colcon_core.shell:Creating package script '/home/tatsuki/Snake_ws/install/snake_server/share/snake_server/package.bash'
[2.986s] INFO:colcon.colcon_core.shell:Creating package script '/home/tatsuki/Snake_ws/install/snake_server/share/snake_server/package.zsh'
[2.987s] Level 1:colcon.colcon_core.environment:create_file_with_runtime_dependencies(/home/tatsuki/Snake_ws/install/snake_server/share/colcon-core/packages/snake_server)
[2.988s] Level 1:colcon.colcon_core.shell:create_environment_hook('snake_motors', 'pythonpath_develop')
[2.989s] INFO:colcon.colcon_core.shell:Creating environment hook '/home/tatsuki/Snake_ws/build/snake_motors/share/snake_motors/hook/pythonpath_develop.ps1'
[2.990s] DEBUG:colcon.colcon_core.event_handler.log_command:Invoked command in '/home/tatsuki/Snake_ws/build/snake_motors' returned '0': PYTHONPATH=/home/tatsuki/Snake_ws/build/snake_motors/prefix_override:/home/tatsuki/Snake_ws/install/snake_motors/lib/python3.10/site-packages:${PYTHONPATH} /usr/bin/python3 -W ignore:setup.py install is deprecated setup.py develop --editable --build-directory /home/tatsuki/Snake_ws/build/snake_motors/build --no-deps symlink_data
[2.990s] INFO:colcon.colcon_core.shell:Creating environment descriptor '/home/tatsuki/Snake_ws/build/snake_motors/share/snake_motors/hook/pythonpath_develop.dsv'
[2.991s] INFO:colcon.colcon_core.shell:Creating environment hook '/home/tatsuki/Snake_ws/build/snake_motors/share/snake_motors/hook/pythonpath_develop.sh'
[2.992s] Level 1:colcon.colcon_core.environment:checking '/home/tatsuki/Snake_ws/install/snake_motors' for CMake module files
[2.993s] Level 1:colcon.colcon_core.environment:checking '/home/tatsuki/Snake_ws/install/snake_motors' for CMake config files
[2.994s] Level 1:colcon.colcon_core.environment:checking '/home/tatsuki/Snake_ws/install/snake_motors/lib'
[2.994s] Level 1:colcon.colcon_core.environment:checking '/home/tatsuki/Snake_ws/install/snake_motors/bin'
[2.995s] Level 1:colcon.colcon_core.environment:checking '/home/tatsuki/Snake_ws/install/snake_motors/lib/pkgconfig/snake_motors.pc'
[2.995s] Level 1:colcon.colcon_core.environment:checking '/home/tatsuki/Snake_ws/install/snake_motors/lib/python3.10/site-packages'
[2.995s] Level 1:colcon.colcon_core.shell:create_environment_hook('snake_motors', 'pythonpath')
[2.996s] INFO:colcon.colcon_core.shell:Creating environment hook '/home/tatsuki/Snake_ws/install/snake_motors/share/snake_motors/hook/pythonpath.ps1'
[2.996s] INFO:colcon.colcon_core.shell:Creating environment descriptor '/home/tatsuki/Snake_ws/install/snake_motors/share/snake_motors/hook/pythonpath.dsv'
[2.997s] INFO:colcon.colcon_core.shell:Creating environment hook '/home/tatsuki/Snake_ws/install/snake_motors/share/snake_motors/hook/pythonpath.sh'
[2.998s] Level 1:colcon.colcon_core.environment:checking '/home/tatsuki/Snake_ws/install/snake_motors/bin'
[2.998s] Level 1:colcon.colcon_core.environment:create_environment_scripts_only(snake_motors)
[2.999s] INFO:colcon.colcon_core.shell:Creating package script '/home/tatsuki/Snake_ws/install/snake_motors/share/snake_motors/package.ps1'
[3.000s] INFO:colcon.colcon_core.shell:Creating package descriptor '/home/tatsuki/Snake_ws/install/snake_motors/share/snake_motors/package.dsv'
[3.001s] INFO:colcon.colcon_core.shell:Creating package script '/home/tatsuki/Snake_ws/install/snake_motors/share/snake_motors/package.sh'
[3.002s] INFO:colcon.colcon_core.shell:Creating package script '/home/tatsuki/Snake_ws/install/snake_motors/share/snake_motors/package.bash'
[3.002s] INFO:colcon.colcon_core.shell:Creating package script '/home/tatsuki/Snake_ws/install/snake_motors/share/snake_motors/package.zsh'
[3.003s] Level 1:colcon.colcon_core.environment:create_file_with_runtime_dependencies(/home/tatsuki/Snake_ws/install/snake_motors/share/colcon-core/packages/snake_motors)
[3.004s] DEBUG:colcon.colcon_parallel_executor.executor.parallel:closing loop
[3.004s] DEBUG:colcon.colcon_parallel_executor.executor.parallel:loop closed
[3.004s] DEBUG:colcon.colcon_parallel_executor.executor.parallel:run_until_complete finished with '0'
[3.005s] DEBUG:colcon.colcon_core.event_reactor:joining thread
[3.016s] INFO:colcon.colcon_core.plugin_system:Skipping extension 'colcon_notification.desktop_notification.terminal_notifier': Not used on non-Darwin systems
[3.016s] INFO:colcon.colcon_core.plugin_system:Skipping extension 'colcon_notification.desktop_notification.win32': Not used on non-Windows systems
[3.016s] INFO:colcon.colcon_notification.desktop_notification:Sending desktop notification using 'notify2'
[3.040s] DEBUG:colcon.colcon_core.event_reactor:joined thread
[3.040s] INFO:colcon.colcon_core.shell:Creating prefix script '/home/tatsuki/Snake_ws/install/local_setup.ps1'
[3.042s] INFO:colcon.colcon_core.shell:Creating prefix util module '/home/tatsuki/Snake_ws/install/_local_setup_util_ps1.py'
[3.045s] INFO:colcon.colcon_core.shell:Creating prefix chain script '/home/tatsuki/Snake_ws/install/setup.ps1'
[3.048s] INFO:colcon.colcon_core.shell:Creating prefix script '/home/tatsuki/Snake_ws/install/local_setup.sh'
[3.049s] INFO:colcon.colcon_core.shell:Creating prefix util module '/home/tatsuki/Snake_ws/install/_local_setup_util_sh.py'
[3.050s] INFO:colcon.colcon_core.shell:Creating prefix chain script '/home/tatsuki/Snake_ws/install/setup.sh'
[3.053s] INFO:colcon.colcon_core.shell:Creating prefix script '/home/tatsuki/Snake_ws/install/local_setup.bash'
[3.054s] INFO:colcon.colcon_core.shell:Creating prefix chain script '/home/tatsuki/Snake_ws/install/setup.bash'
[3.056s] INFO:colcon.colcon_core.shell:Creating prefix script '/home/tatsuki/Snake_ws/install/local_setup.zsh'
[3.057s] INFO:colcon.colcon_core.shell:Creating prefix chain script '/home/tatsuki/Snake_ws/install/setup.zsh'
