[0.278s] DEBUG:colcon:Command line arguments: ['/usr/bin/colcon', 'build', '--symlink-install']
[0.278s] DEBUG:colcon:Parsed command line arguments: Namespace(log_base=None, log_level=None, verb_name='build', build_base='build', install_base='install', merge_install=False, symlink_install=True, test_result_base=None, continue_on_error=False, executor='parallel', parallel_workers=12, event_handlers=None, ignore_user_meta=False, metas=['./colcon.meta'], base_paths=['.'], packages_ignore=None, packages_ignore_regex=None, paths=None, packages_up_to=None, packages_up_to_regex=None, packages_above=None, packages_above_and_dependencies=None, packages_above_depth=None, packages_select_by_dep=None, packages_skip_by_dep=None, packages_skip_up_to=None, packages_select_build_failed=False, packages_skip_build_finished=False, packages_select_test_failures=False, packages_skip_test_passed=False, packages_select=None, packages_skip=None, packages_select_regex=None, packages_skip_regex=None, packages_start=None, packages_end=None, allow_overriding=[], cmake_args=None, cmake_target=None, cmake_target_skip_unavailable=False, cmake_clean_cache=False, cmake_clean_first=False, cmake_force_configure=False, ament_cmake_args=None, catkin_cmake_args=None, catkin_skip_building_tests=False, verb_parser=<colcon_defaults.argument_parser.defaults.DefaultArgumentsDecorator object at 0x775d49c15ba0>, verb_extension=<colcon_core.verb.build.BuildVerb object at 0x775d49d2a800>, main=<bound method BuildVerb.main of <colcon_core.verb.build.BuildVerb object at 0x775d49d2a800>>)
[0.604s] Level 1:colcon.colcon_core.package_discovery:discover_packages(colcon_meta) check parameters
[0.604s] Level 1:colcon.colcon_core.package_discovery:discover_packages(recursive) check parameters
[0.604s] Level 1:colcon.colcon_core.package_discovery:discover_packages(ignore) check parameters
[0.604s] Level 1:colcon.colcon_core.package_discovery:discover_packages(path) check parameters
[0.604s] Level 1:colcon.colcon_core.package_discovery:discover_packages(colcon_meta) discover
[0.604s] Level 1:colcon.colcon_core.package_discovery:discover_packages(recursive) discover
[0.604s] INFO:colcon.colcon_core.package_discovery:Crawling recursively for packages in '/home/tatsuki/Snake_ws'
[0.604s] Level 1:colcon.colcon_core.package_identification:_identify(.) by extensions ['ignore', 'ignore_ament_install']
[0.604s] Level 1:colcon.colcon_core.package_identification:_identify(.) by extension 'ignore'
[0.604s] Level 1:colcon.colcon_core.package_identification:_identify(.) by extension 'ignore_ament_install'
[0.604s] Level 1:colcon.colcon_core.package_identification:_identify(.) by extensions ['colcon_pkg']
[0.605s] Level 1:colcon.colcon_core.package_identification:_identify(.) by extension 'colcon_pkg'
[0.605s] Level 1:colcon.colcon_core.package_identification:_identify(.) by extensions ['colcon_meta']
[0.605s] Level 1:colcon.colcon_core.package_identification:_identify(.) by extension 'colcon_meta'
[0.605s] Level 1:colcon.colcon_core.package_identification:_identify(.) by extensions ['ros']
[0.605s] Level 1:colcon.colcon_core.package_identification:_identify(.) by extension 'ros'
[0.622s] Level 1:colcon.colcon_core.package_identification:_identify(.) by extensions ['cmake', 'python']
[0.622s] Level 1:colcon.colcon_core.package_identification:_identify(.) by extension 'cmake'
[0.622s] Level 1:colcon.colcon_core.package_identification:_identify(.) by extension 'python'
[0.623s] Level 1:colcon.colcon_core.package_identification:_identify(.) by extensions ['python_setup_py']
[0.623s] Level 1:colcon.colcon_core.package_identification:_identify(.) by extension 'python_setup_py'
[0.623s] Level 1:colcon.colcon_core.package_identification:_identify(build) by extensions ['ignore', 'ignore_ament_install']
[0.623s] Level 1:colcon.colcon_core.package_identification:_identify(build) by extension 'ignore'
[0.623s] Level 1:colcon.colcon_core.package_identification:_identify(build) ignored
[0.623s] Level 1:colcon.colcon_core.package_identification:_identify(install) by extensions ['ignore', 'ignore_ament_install']
[0.623s] Level 1:colcon.colcon_core.package_identification:_identify(install) by extension 'ignore'
[0.623s] Level 1:colcon.colcon_core.package_identification:_identify(install) ignored
[0.624s] Level 1:colcon.colcon_core.package_identification:_identify(log) by extensions ['ignore', 'ignore_ament_install']
[0.624s] Level 1:colcon.colcon_core.package_identification:_identify(log) by extension 'ignore'
[0.624s] Level 1:colcon.colcon_core.package_identification:_identify(log) ignored
[0.624s] Level 1:colcon.colcon_core.package_identification:_identify(snakeModule) by extensions ['ignore', 'ignore_ament_install']
[0.624s] Level 1:colcon.colcon_core.package_identification:_identify(snakeModule) by extension 'ignore'
[0.624s] Level 1:colcon.colcon_core.package_identification:_identify(snakeModule) by extension 'ignore_ament_install'
[0.624s] Level 1:colcon.colcon_core.package_identification:_identify(snakeModule) by extensions ['colcon_pkg']
[0.624s] Level 1:colcon.colcon_core.package_identification:_identify(snakeModule) by extension 'colcon_pkg'
[0.624s] Level 1:colcon.colcon_core.package_identification:_identify(snakeModule) by extensions ['colcon_meta']
[0.624s] Level 1:colcon.colcon_core.package_identification:_identify(snakeModule) by extension 'colcon_meta'
[0.624s] Level 1:colcon.colcon_core.package_identification:_identify(snakeModule) by extensions ['ros']
[0.624s] Level 1:colcon.colcon_core.package_identification:_identify(snakeModule) by extension 'ros'
[0.624s] Level 1:colcon.colcon_core.package_identification:_identify(snakeModule) by extensions ['cmake', 'python']
[0.624s] Level 1:colcon.colcon_core.package_identification:_identify(snakeModule) by extension 'cmake'
[0.624s] Level 1:colcon.colcon_core.package_identification:_identify(snakeModule) by extension 'python'
[0.625s] Level 1:colcon.colcon_core.package_identification:_identify(snakeModule) by extensions ['python_setup_py']
[0.625s] Level 1:colcon.colcon_core.package_identification:_identify(snakeModule) by extension 'python_setup_py'
[0.625s] Level 1:colcon.colcon_core.package_identification:_identify(src) by extensions ['ignore', 'ignore_ament_install']
[0.625s] Level 1:colcon.colcon_core.package_identification:_identify(src) by extension 'ignore'
[0.625s] Level 1:colcon.colcon_core.package_identification:_identify(src) by extension 'ignore_ament_install'
[0.625s] Level 1:colcon.colcon_core.package_identification:_identify(src) by extensions ['colcon_pkg']
[0.625s] Level 1:colcon.colcon_core.package_identification:_identify(src) by extension 'colcon_pkg'
[0.625s] Level 1:colcon.colcon_core.package_identification:_identify(src) by extensions ['colcon_meta']
[0.625s] Level 1:colcon.colcon_core.package_identification:_identify(src) by extension 'colcon_meta'
[0.625s] Level 1:colcon.colcon_core.package_identification:_identify(src) by extensions ['ros']
[0.625s] Level 1:colcon.colcon_core.package_identification:_identify(src) by extension 'ros'
[0.625s] Level 1:colcon.colcon_core.package_identification:_identify(src) by extensions ['cmake', 'python']
[0.626s] Level 1:colcon.colcon_core.package_identification:_identify(src) by extension 'cmake'
[0.626s] Level 1:colcon.colcon_core.package_identification:_identify(src) by extension 'python'
[0.626s] Level 1:colcon.colcon_core.package_identification:_identify(src) by extensions ['python_setup_py']
[0.626s] Level 1:colcon.colcon_core.package_identification:_identify(src) by extension 'python_setup_py'
[0.626s] Level 1:colcon.colcon_core.package_identification:_identify(src/snake_motors) by extensions ['ignore', 'ignore_ament_install']
[0.626s] Level 1:colcon.colcon_core.package_identification:_identify(src/snake_motors) by extension 'ignore'
[0.626s] Level 1:colcon.colcon_core.package_identification:_identify(src/snake_motors) by extension 'ignore_ament_install'
[0.626s] Level 1:colcon.colcon_core.package_identification:_identify(src/snake_motors) by extensions ['colcon_pkg']
[0.626s] Level 1:colcon.colcon_core.package_identification:_identify(src/snake_motors) by extension 'colcon_pkg'
[0.626s] Level 1:colcon.colcon_core.package_identification:_identify(src/snake_motors) by extensions ['colcon_meta']
[0.626s] Level 1:colcon.colcon_core.package_identification:_identify(src/snake_motors) by extension 'colcon_meta'
[0.626s] Level 1:colcon.colcon_core.package_identification:_identify(src/snake_motors) by extensions ['ros']
[0.626s] Level 1:colcon.colcon_core.package_identification:_identify(src/snake_motors) by extension 'ros'
[0.630s] DEBUG:colcon.colcon_core.package_identification:Package 'src/snake_motors' with type 'ros.ament_python' and name 'snake_motors'
[0.631s] Level 1:colcon.colcon_core.package_identification:_identify(src/snake_msgs) by extensions ['ignore', 'ignore_ament_install']
[0.631s] Level 1:colcon.colcon_core.package_identification:_identify(src/snake_msgs) by extension 'ignore'
[0.631s] Level 1:colcon.colcon_core.package_identification:_identify(src/snake_msgs) by extension 'ignore_ament_install'
[0.631s] Level 1:colcon.colcon_core.package_identification:_identify(src/snake_msgs) by extensions ['colcon_pkg']
[0.631s] Level 1:colcon.colcon_core.package_identification:_identify(src/snake_msgs) by extension 'colcon_pkg'
[0.631s] Level 1:colcon.colcon_core.package_identification:_identify(src/snake_msgs) by extensions ['colcon_meta']
[0.631s] Level 1:colcon.colcon_core.package_identification:_identify(src/snake_msgs) by extension 'colcon_meta'
[0.631s] Level 1:colcon.colcon_core.package_identification:_identify(src/snake_msgs) by extensions ['ros']
[0.631s] Level 1:colcon.colcon_core.package_identification:_identify(src/snake_msgs) by extension 'ros'
[0.633s] DEBUG:colcon.colcon_core.package_identification:Package 'src/snake_msgs' with type 'ros.ament_cmake' and name 'snake_msgs'
[0.633s] Level 1:colcon.colcon_core.package_identification:_identify(src/snake_server) by extensions ['ignore', 'ignore_ament_install']
[0.633s] Level 1:colcon.colcon_core.package_identification:_identify(src/snake_server) by extension 'ignore'
[0.633s] Level 1:colcon.colcon_core.package_identification:_identify(src/snake_server) by extension 'ignore_ament_install'
[0.633s] Level 1:colcon.colcon_core.package_identification:_identify(src/snake_server) by extensions ['colcon_pkg']
[0.633s] Level 1:colcon.colcon_core.package_identification:_identify(src/snake_server) by extension 'colcon_pkg'
[0.633s] Level 1:colcon.colcon_core.package_identification:_identify(src/snake_server) by extensions ['colcon_meta']
[0.633s] Level 1:colcon.colcon_core.package_identification:_identify(src/snake_server) by extension 'colcon_meta'
[0.633s] Level 1:colcon.colcon_core.package_identification:_identify(src/snake_server) by extensions ['ros']
[0.633s] Level 1:colcon.colcon_core.package_identification:_identify(src/snake_server) by extension 'ros'
[0.634s] DEBUG:colcon.colcon_core.package_identification:Package 'src/snake_server' with type 'ros.ament_python' and name 'snake_server'
[0.634s] Level 1:colcon.colcon_core.package_discovery:discover_packages(recursive) using defaults
[0.634s] Level 1:colcon.colcon_core.package_discovery:discover_packages(ignore) discover
[0.634s] Level 1:colcon.colcon_core.package_discovery:discover_packages(ignore) using defaults
[0.634s] Level 1:colcon.colcon_core.package_discovery:discover_packages(path) discover
[0.634s] Level 1:colcon.colcon_core.package_discovery:discover_packages(path) using defaults
[0.691s] Level 1:colcon.colcon_core.package_discovery:discover_packages(prefix_path) check parameters
[0.691s] Level 1:colcon.colcon_core.package_discovery:discover_packages(prefix_path) discover
[0.695s] DEBUG:colcon.colcon_installed_package_information.package_discovery:Found 3 installed packages in /home/tatsuki/Snake_ws/install
[0.696s] DEBUG:colcon.colcon_installed_package_information.package_discovery:Found 3 installed packages in /home/tatsuki/MAN_ws/install
[0.696s] DEBUG:colcon.colcon_installed_package_information.package_discovery:Found 1 installed packages in /home/tatsuki/ros2_ws/install
[0.698s] DEBUG:colcon.colcon_installed_package_information.package_discovery:Found 271 installed packages in /opt/ros/humble
[0.700s] Level 1:colcon.colcon_core.package_discovery:discover_packages(prefix_path) using defaults
[0.757s] Level 5:colcon.colcon_core.verb:set package 'snake_motors' build argument 'cmake_args' from command line to 'None'
[0.758s] Level 5:colcon.colcon_core.verb:set package 'snake_motors' build argument 'cmake_target' from command line to 'None'
[0.758s] Level 5:colcon.colcon_core.verb:set package 'snake_motors' build argument 'cmake_target_skip_unavailable' from command line to 'False'
[0.758s] Level 5:colcon.colcon_core.verb:set package 'snake_motors' build argument 'cmake_clean_cache' from command line to 'False'
[0.758s] Level 5:colcon.colcon_core.verb:set package 'snake_motors' build argument 'cmake_clean_first' from command line to 'False'
[0.758s] Level 5:colcon.colcon_core.verb:set package 'snake_motors' build argument 'cmake_force_configure' from command line to 'False'
[0.758s] Level 5:colcon.colcon_core.verb:set package 'snake_motors' build argument 'ament_cmake_args' from command line to 'None'
[0.758s] Level 5:colcon.colcon_core.verb:set package 'snake_motors' build argument 'catkin_cmake_args' from command line to 'None'
[0.758s] Level 5:colcon.colcon_core.verb:set package 'snake_motors' build argument 'catkin_skip_building_tests' from command line to 'False'
[0.758s] DEBUG:colcon.colcon_core.verb:Building package 'snake_motors' with the following arguments: {'ament_cmake_args': None, 'build_base': '/home/tatsuki/Snake_ws/build/snake_motors', 'catkin_cmake_args': None, 'catkin_skip_building_tests': False, 'cmake_args': None, 'cmake_clean_cache': False, 'cmake_clean_first': False, 'cmake_force_configure': False, 'cmake_target': None, 'cmake_target_skip_unavailable': False, 'install_base': '/home/tatsuki/Snake_ws/install/snake_motors', 'merge_install': False, 'path': '/home/tatsuki/Snake_ws/src/snake_motors', 'symlink_install': True, 'test_result_base': None}
[0.758s] Level 5:colcon.colcon_core.verb:set package 'snake_msgs' build argument 'cmake_args' from command line to 'None'
[0.758s] Level 5:colcon.colcon_core.verb:set package 'snake_msgs' build argument 'cmake_target' from command line to 'None'
[0.758s] Level 5:colcon.colcon_core.verb:set package 'snake_msgs' build argument 'cmake_target_skip_unavailable' from command line to 'False'
[0.758s] Level 5:colcon.colcon_core.verb:set package 'snake_msgs' build argument 'cmake_clean_cache' from command line to 'False'
[0.759s] Level 5:colcon.colcon_core.verb:set package 'snake_msgs' build argument 'cmake_clean_first' from command line to 'False'
[0.759s] Level 5:colcon.colcon_core.verb:set package 'snake_msgs' build argument 'cmake_force_configure' from command line to 'False'
[0.759s] Level 5:colcon.colcon_core.verb:set package 'snake_msgs' build argument 'ament_cmake_args' from command line to 'None'
[0.759s] Level 5:colcon.colcon_core.verb:set package 'snake_msgs' build argument 'catkin_cmake_args' from command line to 'None'
[0.759s] Level 5:colcon.colcon_core.verb:set package 'snake_msgs' build argument 'catkin_skip_building_tests' from command line to 'False'
[0.759s] DEBUG:colcon.colcon_core.verb:Building package 'snake_msgs' with the following arguments: {'ament_cmake_args': None, 'build_base': '/home/tatsuki/Snake_ws/build/snake_msgs', 'catkin_cmake_args': None, 'catkin_skip_building_tests': False, 'cmake_args': None, 'cmake_clean_cache': False, 'cmake_clean_first': False, 'cmake_force_configure': False, 'cmake_target': None, 'cmake_target_skip_unavailable': False, 'install_base': '/home/tatsuki/Snake_ws/install/snake_msgs', 'merge_install': False, 'path': '/home/tatsuki/Snake_ws/src/snake_msgs', 'symlink_install': True, 'test_result_base': None}
[0.759s] Level 5:colcon.colcon_core.verb:set package 'snake_server' build argument 'cmake_args' from command line to 'None'
[0.759s] Level 5:colcon.colcon_core.verb:set package 'snake_server' build argument 'cmake_target' from command line to 'None'
[0.759s] Level 5:colcon.colcon_core.verb:set package 'snake_server' build argument 'cmake_target_skip_unavailable' from command line to 'False'
[0.759s] Level 5:colcon.colcon_core.verb:set package 'snake_server' build argument 'cmake_clean_cache' from command line to 'False'
[0.759s] Level 5:colcon.colcon_core.verb:set package 'snake_server' build argument 'cmake_clean_first' from command line to 'False'
[0.759s] Level 5:colcon.colcon_core.verb:set package 'snake_server' build argument 'cmake_force_configure' from command line to 'False'
[0.759s] Level 5:colcon.colcon_core.verb:set package 'snake_server' build argument 'ament_cmake_args' from command line to 'None'
[0.759s] Level 5:colcon.colcon_core.verb:set package 'snake_server' build argument 'catkin_cmake_args' from command line to 'None'
[0.759s] Level 5:colcon.colcon_core.verb:set package 'snake_server' build argument 'catkin_skip_building_tests' from command line to 'False'
[0.759s] DEBUG:colcon.colcon_core.verb:Building package 'snake_server' with the following arguments: {'ament_cmake_args': None, 'build_base': '/home/tatsuki/Snake_ws/build/snake_server', 'catkin_cmake_args': None, 'catkin_skip_building_tests': False, 'cmake_args': None, 'cmake_clean_cache': False, 'cmake_clean_first': False, 'cmake_force_configure': False, 'cmake_target': None, 'cmake_target_skip_unavailable': False, 'install_base': '/home/tatsuki/Snake_ws/install/snake_server', 'merge_install': False, 'path': '/home/tatsuki/Snake_ws/src/snake_server', 'symlink_install': True, 'test_result_base': None}
[0.760s] INFO:colcon.colcon_core.executor:Executing jobs using 'parallel' executor
[0.761s] DEBUG:colcon.colcon_parallel_executor.executor.parallel:run_until_complete
[0.762s] INFO:colcon.colcon_ros.task.ament_python.build:Building ROS package in '/home/tatsuki/Snake_ws/src/snake_motors' with build type 'ament_python'
[0.762s] Level 1:colcon.colcon_core.shell:create_environment_hook('snake_motors', 'ament_prefix_path')
[0.767s] INFO:colcon.colcon_core.plugin_system:Skipping extension 'colcon_core.shell.bat': Not used on non-Windows systems
[0.768s] INFO:colcon.colcon_core.shell:Creating environment hook '/home/tatsuki/Snake_ws/install/snake_motors/share/snake_motors/hook/ament_prefix_path.ps1'
[0.769s] INFO:colcon.colcon_core.shell:Creating environment descriptor '/home/tatsuki/Snake_ws/install/snake_motors/share/snake_motors/hook/ament_prefix_path.dsv'
[0.769s] INFO:colcon.colcon_core.shell:Creating environment hook '/home/tatsuki/Snake_ws/install/snake_motors/share/snake_motors/hook/ament_prefix_path.sh'
[0.771s] INFO:colcon.colcon_core.shell:Skip shell extension 'powershell' for command environment: Not usable outside of PowerShell
[0.771s] DEBUG:colcon.colcon_core.shell:Skip shell extension 'dsv' for command environment
[0.777s] INFO:colcon.colcon_ros.task.ament_cmake.build:Building ROS package in '/home/tatsuki/Snake_ws/src/snake_msgs' with build type 'ament_cmake'
[0.778s] INFO:colcon.colcon_cmake.task.cmake.build:Building CMake package in '/home/tatsuki/Snake_ws/src/snake_msgs'
[0.778s] INFO:colcon.colcon_core.shell:Skip shell extension 'powershell' for command environment: Not usable outside of PowerShell
[0.778s] DEBUG:colcon.colcon_core.shell:Skip shell extension 'dsv' for command environment
[0.784s] INFO:colcon.colcon_ros.task.ament_python.build:Building ROS package in '/home/tatsuki/Snake_ws/src/snake_server' with build type 'ament_python'
[0.785s] Level 1:colcon.colcon_core.shell:create_environment_hook('snake_server', 'ament_prefix_path')
[0.785s] INFO:colcon.colcon_core.shell:Creating environment hook '/home/tatsuki/Snake_ws/install/snake_server/share/snake_server/hook/ament_prefix_path.ps1'
[0.786s] INFO:colcon.colcon_core.shell:Creating environment descriptor '/home/tatsuki/Snake_ws/install/snake_server/share/snake_server/hook/ament_prefix_path.dsv'
[0.786s] INFO:colcon.colcon_core.shell:Creating environment hook '/home/tatsuki/Snake_ws/install/snake_server/share/snake_server/hook/ament_prefix_path.sh'
[0.787s] INFO:colcon.colcon_core.shell:Skip shell extension 'powershell' for command environment: Not usable outside of PowerShell
[0.787s] DEBUG:colcon.colcon_core.shell:Skip shell extension 'dsv' for command environment
[1.219s] INFO:colcon.colcon_core.task.python.build:Building Python package in '/home/tatsuki/Snake_ws/src/snake_motors'
[1.220s] INFO:colcon.colcon_core.shell:Skip shell extension 'powershell' for command environment: Not usable outside of PowerShell
[1.220s] DEBUG:colcon.colcon_core.shell:Skip shell extension 'dsv' for command environment
[1.241s] DEBUG:colcon.colcon_core.event_handler.log_command:Invoking command in '/home/tatsuki/Snake_ws/build/snake_msgs': CMAKE_PREFIX_PATH=${CMAKE_PREFIX_PATH}:/home/tatsuki/Snake_ws/install/snake_server:/home/tatsuki/Snake_ws/install/snake_motors:/home/tatsuki/MAN_ws/install/motors_processor:/home/tatsuki/MAN_ws/install/image_processor:/opt/ros/humble /usr/bin/cmake --build /home/tatsuki/Snake_ws/build/snake_msgs -- -j12 -l12
[1.674s] INFO:colcon.colcon_core.task.python.build:Building Python package in '/home/tatsuki/Snake_ws/src/snake_server'
[1.675s] INFO:colcon.colcon_core.shell:Skip shell extension 'powershell' for command environment: Not usable outside of PowerShell
[1.675s] DEBUG:colcon.colcon_core.shell:Skip shell extension 'dsv' for command environment
[1.918s] DEBUG:colcon.colcon_core.event_handler.log_command:Invoked command in '/home/tatsuki/Snake_ws/build/snake_msgs' returned '0': CMAKE_PREFIX_PATH=${CMAKE_PREFIX_PATH}:/home/tatsuki/Snake_ws/install/snake_server:/home/tatsuki/Snake_ws/install/snake_motors:/home/tatsuki/MAN_ws/install/motors_processor:/home/tatsuki/MAN_ws/install/image_processor:/opt/ros/humble /usr/bin/cmake --build /home/tatsuki/Snake_ws/build/snake_msgs -- -j12 -l12
[2.063s] DEBUG:colcon.colcon_core.event_handler.log_command:Invoking command in '/home/tatsuki/Snake_ws/build/snake_msgs': CMAKE_PREFIX_PATH=${CMAKE_PREFIX_PATH}:/home/tatsuki/Snake_ws/install/snake_server:/home/tatsuki/Snake_ws/install/snake_motors:/home/tatsuki/MAN_ws/install/motors_processor:/home/tatsuki/MAN_ws/install/image_processor:/opt/ros/humble /usr/bin/cmake --install /home/tatsuki/Snake_ws/build/snake_msgs
[2.224s] Level 1:colcon.colcon_core.environment:create_environment_scripts_only(snake_msgs)
[2.226s] DEBUG:colcon.colcon_core.event_handler.log_command:Invoked command in '/home/tatsuki/Snake_ws/build/snake_msgs' returned '0': CMAKE_PREFIX_PATH=${CMAKE_PREFIX_PATH}:/home/tatsuki/Snake_ws/install/snake_server:/home/tatsuki/Snake_ws/install/snake_motors:/home/tatsuki/MAN_ws/install/motors_processor:/home/tatsuki/MAN_ws/install/image_processor:/opt/ros/humble /usr/bin/cmake --install /home/tatsuki/Snake_ws/build/snake_msgs
[2.232s] Level 1:colcon.colcon_core.environment:checking '/home/tatsuki/Snake_ws/install/snake_msgs' for CMake module files
[2.233s] Level 1:colcon.colcon_core.environment:checking '/home/tatsuki/Snake_ws/install/snake_msgs' for CMake config files
[2.234s] Level 1:colcon.colcon_core.shell:create_environment_hook('snake_msgs', 'cmake_prefix_path')
[2.235s] INFO:colcon.colcon_core.shell:Creating environment hook '/home/tatsuki/Snake_ws/install/snake_msgs/share/snake_msgs/hook/cmake_prefix_path.ps1'
[2.235s] INFO:colcon.colcon_core.shell:Creating environment descriptor '/home/tatsuki/Snake_ws/install/snake_msgs/share/snake_msgs/hook/cmake_prefix_path.dsv'
[2.236s] INFO:colcon.colcon_core.shell:Creating environment hook '/home/tatsuki/Snake_ws/install/snake_msgs/share/snake_msgs/hook/cmake_prefix_path.sh'
[2.237s] Level 1:colcon.colcon_core.environment:checking '/home/tatsuki/Snake_ws/install/snake_msgs/lib'
[2.237s] Level 1:colcon.colcon_core.shell:create_environment_hook('snake_msgs', 'ld_library_path_lib')
[2.237s] INFO:colcon.colcon_core.shell:Creating environment hook '/home/tatsuki/Snake_ws/install/snake_msgs/share/snake_msgs/hook/ld_library_path_lib.ps1'
[2.238s] INFO:colcon.colcon_core.shell:Creating environment descriptor '/home/tatsuki/Snake_ws/install/snake_msgs/share/snake_msgs/hook/ld_library_path_lib.dsv'
[2.238s] INFO:colcon.colcon_core.shell:Creating environment hook '/home/tatsuki/Snake_ws/install/snake_msgs/share/snake_msgs/hook/ld_library_path_lib.sh'
[2.239s] Level 1:colcon.colcon_core.environment:checking '/home/tatsuki/Snake_ws/install/snake_msgs/bin'
[2.239s] Level 1:colcon.colcon_core.environment:checking '/home/tatsuki/Snake_ws/install/snake_msgs/lib/pkgconfig/snake_msgs.pc'
[2.239s] Level 1:colcon.colcon_core.environment:checking '/home/tatsuki/Snake_ws/install/snake_msgs/lib/python3.10/site-packages'
[2.240s] Level 1:colcon.colcon_core.environment:checking '/home/tatsuki/Snake_ws/install/snake_msgs/bin'
[2.240s] INFO:colcon.colcon_core.shell:Creating package script '/home/tatsuki/Snake_ws/install/snake_msgs/share/snake_msgs/package.ps1'
[2.242s] INFO:colcon.colcon_core.shell:Creating package descriptor '/home/tatsuki/Snake_ws/install/snake_msgs/share/snake_msgs/package.dsv'
[2.243s] INFO:colcon.colcon_core.shell:Creating package script '/home/tatsuki/Snake_ws/install/snake_msgs/share/snake_msgs/package.sh'
[2.244s] INFO:colcon.colcon_core.shell:Creating package script '/home/tatsuki/Snake_ws/install/snake_msgs/share/snake_msgs/package.bash'
[2.245s] INFO:colcon.colcon_core.shell:Creating package script '/home/tatsuki/Snake_ws/install/snake_msgs/share/snake_msgs/package.zsh'
[2.246s] Level 1:colcon.colcon_core.environment:create_file_with_runtime_dependencies(/home/tatsuki/Snake_ws/install/snake_msgs/share/colcon-core/packages/snake_msgs)
[2.272s] DEBUG:colcon.colcon_core.event_handler.log_command:Invoking command in '/home/tatsuki/Snake_ws/build/snake_motors': PYTHONPATH=/home/tatsuki/Snake_ws/build/snake_motors/prefix_override:/home/tatsuki/Snake_ws/install/snake_motors/lib/python3.10/site-packages:${PYTHONPATH} /usr/bin/python3 -W ignore:setup.py install is deprecated setup.py develop --editable --build-directory /home/tatsuki/Snake_ws/build/snake_motors/build --no-deps symlink_data
[2.283s] DEBUG:colcon.colcon_core.event_handler.log_command:Invoking command in '/home/tatsuki/Snake_ws/build/snake_server': PYTHONPATH=/home/tatsuki/Snake_ws/build/snake_server/prefix_override:/home/tatsuki/Snake_ws/install/snake_server/lib/python3.10/site-packages:${PYTHONPATH} /usr/bin/python3 -W ignore:setup.py install is deprecated setup.py develop --editable --build-directory /home/tatsuki/Snake_ws/build/snake_server/build --no-deps symlink_data
[2.391s] Level 1:colcon.colcon_core.environment:create_environment_scripts_only(snake_msgs)
[2.391s] Level 1:colcon.colcon_core.environment:checking '/home/tatsuki/Snake_ws/install/snake_msgs' for CMake module files
[2.392s] Level 1:colcon.colcon_core.environment:checking '/home/tatsuki/Snake_ws/install/snake_msgs' for CMake config files
[2.394s] Level 1:colcon.colcon_core.shell:create_environment_hook('snake_msgs', 'cmake_prefix_path')
[2.394s] INFO:colcon.colcon_core.shell:Creating environment hook '/home/tatsuki/Snake_ws/install/snake_msgs/share/snake_msgs/hook/cmake_prefix_path.ps1'
[2.395s] INFO:colcon.colcon_core.shell:Creating environment descriptor '/home/tatsuki/Snake_ws/install/snake_msgs/share/snake_msgs/hook/cmake_prefix_path.dsv'
[2.395s] INFO:colcon.colcon_core.shell:Creating environment hook '/home/tatsuki/Snake_ws/install/snake_msgs/share/snake_msgs/hook/cmake_prefix_path.sh'
[2.396s] Level 1:colcon.colcon_core.environment:checking '/home/tatsuki/Snake_ws/install/snake_msgs/lib'
[2.396s] Level 1:colcon.colcon_core.shell:create_environment_hook('snake_msgs', 'ld_library_path_lib')
[2.396s] INFO:colcon.colcon_core.shell:Creating environment hook '/home/tatsuki/Snake_ws/install/snake_msgs/share/snake_msgs/hook/ld_library_path_lib.ps1'
[2.397s] INFO:colcon.colcon_core.shell:Creating environment descriptor '/home/tatsuki/Snake_ws/install/snake_msgs/share/snake_msgs/hook/ld_library_path_lib.dsv'
[2.397s] INFO:colcon.colcon_core.shell:Creating environment hook '/home/tatsuki/Snake_ws/install/snake_msgs/share/snake_msgs/hook/ld_library_path_lib.sh'
[2.398s] Level 1:colcon.colcon_core.environment:checking '/home/tatsuki/Snake_ws/install/snake_msgs/bin'
[2.398s] Level 1:colcon.colcon_core.environment:checking '/home/tatsuki/Snake_ws/install/snake_msgs/lib/pkgconfig/snake_msgs.pc'
[2.398s] Level 1:colcon.colcon_core.environment:checking '/home/tatsuki/Snake_ws/install/snake_msgs/lib/python3.10/site-packages'
[2.398s] Level 1:colcon.colcon_core.environment:checking '/home/tatsuki/Snake_ws/install/snake_msgs/bin'
[2.399s] INFO:colcon.colcon_core.shell:Creating package script '/home/tatsuki/Snake_ws/install/snake_msgs/share/snake_msgs/package.ps1'
[2.400s] INFO:colcon.colcon_core.shell:Creating package descriptor '/home/tatsuki/Snake_ws/install/snake_msgs/share/snake_msgs/package.dsv'
[2.400s] INFO:colcon.colcon_core.shell:Creating package script '/home/tatsuki/Snake_ws/install/snake_msgs/share/snake_msgs/package.sh'
[2.401s] INFO:colcon.colcon_core.shell:Creating package script '/home/tatsuki/Snake_ws/install/snake_msgs/share/snake_msgs/package.bash'
[2.401s] INFO:colcon.colcon_core.shell:Creating package script '/home/tatsuki/Snake_ws/install/snake_msgs/share/snake_msgs/package.zsh'
[2.402s] Level 1:colcon.colcon_core.environment:create_file_with_runtime_dependencies(/home/tatsuki/Snake_ws/install/snake_msgs/share/colcon-core/packages/snake_msgs)
[2.976s] Level 1:colcon.colcon_core.shell:create_environment_hook('snake_motors', 'pythonpath_develop')
[2.976s] INFO:colcon.colcon_core.shell:Creating environment hook '/home/tatsuki/Snake_ws/build/snake_motors/share/snake_motors/hook/pythonpath_develop.ps1'
[2.977s] DEBUG:colcon.colcon_core.event_handler.log_command:Invoked command in '/home/tatsuki/Snake_ws/build/snake_motors' returned '0': PYTHONPATH=/home/tatsuki/Snake_ws/build/snake_motors/prefix_override:/home/tatsuki/Snake_ws/install/snake_motors/lib/python3.10/site-packages:${PYTHONPATH} /usr/bin/python3 -W ignore:setup.py install is deprecated setup.py develop --editable --build-directory /home/tatsuki/Snake_ws/build/snake_motors/build --no-deps symlink_data
[2.978s] INFO:colcon.colcon_core.shell:Creating environment descriptor '/home/tatsuki/Snake_ws/build/snake_motors/share/snake_motors/hook/pythonpath_develop.dsv'
[2.979s] INFO:colcon.colcon_core.shell:Creating environment hook '/home/tatsuki/Snake_ws/build/snake_motors/share/snake_motors/hook/pythonpath_develop.sh'
[2.980s] Level 1:colcon.colcon_core.environment:checking '/home/tatsuki/Snake_ws/install/snake_motors' for CMake module files
[2.981s] Level 1:colcon.colcon_core.environment:checking '/home/tatsuki/Snake_ws/install/snake_motors' for CMake config files
[2.982s] Level 1:colcon.colcon_core.environment:checking '/home/tatsuki/Snake_ws/install/snake_motors/lib'
[2.982s] Level 1:colcon.colcon_core.environment:checking '/home/tatsuki/Snake_ws/install/snake_motors/bin'
[2.982s] Level 1:colcon.colcon_core.environment:checking '/home/tatsuki/Snake_ws/install/snake_motors/lib/pkgconfig/snake_motors.pc'
[2.983s] Level 1:colcon.colcon_core.environment:checking '/home/tatsuki/Snake_ws/install/snake_motors/lib/python3.10/site-packages'
[2.983s] Level 1:colcon.colcon_core.shell:create_environment_hook('snake_motors', 'pythonpath')
[2.983s] INFO:colcon.colcon_core.shell:Creating environment hook '/home/tatsuki/Snake_ws/install/snake_motors/share/snake_motors/hook/pythonpath.ps1'
[2.984s] INFO:colcon.colcon_core.shell:Creating environment descriptor '/home/tatsuki/Snake_ws/install/snake_motors/share/snake_motors/hook/pythonpath.dsv'
[2.985s] INFO:colcon.colcon_core.shell:Creating environment hook '/home/tatsuki/Snake_ws/install/snake_motors/share/snake_motors/hook/pythonpath.sh'
[2.986s] Level 1:colcon.colcon_core.environment:checking '/home/tatsuki/Snake_ws/install/snake_motors/bin'
[2.986s] Level 1:colcon.colcon_core.environment:create_environment_scripts_only(snake_motors)
[2.987s] INFO:colcon.colcon_core.shell:Creating package script '/home/tatsuki/Snake_ws/install/snake_motors/share/snake_motors/package.ps1'
[2.988s] INFO:colcon.colcon_core.shell:Creating package descriptor '/home/tatsuki/Snake_ws/install/snake_motors/share/snake_motors/package.dsv'
[2.989s] INFO:colcon.colcon_core.shell:Creating package script '/home/tatsuki/Snake_ws/install/snake_motors/share/snake_motors/package.sh'
[2.989s] INFO:colcon.colcon_core.shell:Creating package script '/home/tatsuki/Snake_ws/install/snake_motors/share/snake_motors/package.bash'
[2.990s] INFO:colcon.colcon_core.shell:Creating package script '/home/tatsuki/Snake_ws/install/snake_motors/share/snake_motors/package.zsh'
[2.991s] Level 1:colcon.colcon_core.environment:create_file_with_runtime_dependencies(/home/tatsuki/Snake_ws/install/snake_motors/share/colcon-core/packages/snake_motors)
[2.993s] Level 1:colcon.colcon_core.shell:create_environment_hook('snake_server', 'pythonpath_develop')
[2.994s] INFO:colcon.colcon_core.shell:Creating environment hook '/home/tatsuki/Snake_ws/build/snake_server/share/snake_server/hook/pythonpath_develop.ps1'
[2.994s] DEBUG:colcon.colcon_core.event_handler.log_command:Invoked command in '/home/tatsuki/Snake_ws/build/snake_server' returned '0': PYTHONPATH=/home/tatsuki/Snake_ws/build/snake_server/prefix_override:/home/tatsuki/Snake_ws/install/snake_server/lib/python3.10/site-packages:${PYTHONPATH} /usr/bin/python3 -W ignore:setup.py install is deprecated setup.py develop --editable --build-directory /home/tatsuki/Snake_ws/build/snake_server/build --no-deps symlink_data
[2.995s] INFO:colcon.colcon_core.shell:Creating environment descriptor '/home/tatsuki/Snake_ws/build/snake_server/share/snake_server/hook/pythonpath_develop.dsv'
[2.996s] INFO:colcon.colcon_core.shell:Creating environment hook '/home/tatsuki/Snake_ws/build/snake_server/share/snake_server/hook/pythonpath_develop.sh'
[2.998s] Level 1:colcon.colcon_core.environment:checking '/home/tatsuki/Snake_ws/install/snake_server' for CMake module files
[2.999s] Level 1:colcon.colcon_core.environment:checking '/home/tatsuki/Snake_ws/install/snake_server' for CMake config files
[3.000s] Level 1:colcon.colcon_core.environment:checking '/home/tatsuki/Snake_ws/install/snake_server/lib'
[3.000s] Level 1:colcon.colcon_core.environment:checking '/home/tatsuki/Snake_ws/install/snake_server/bin'
[3.000s] Level 1:colcon.colcon_core.environment:checking '/home/tatsuki/Snake_ws/install/snake_server/lib/pkgconfig/snake_server.pc'
[3.000s] Level 1:colcon.colcon_core.environment:checking '/home/tatsuki/Snake_ws/install/snake_server/lib/python3.10/site-packages'
[3.001s] Level 1:colcon.colcon_core.shell:create_environment_hook('snake_server', 'pythonpath')
[3.001s] INFO:colcon.colcon_core.shell:Creating environment hook '/home/tatsuki/Snake_ws/install/snake_server/share/snake_server/hook/pythonpath.ps1'
[3.002s] INFO:colcon.colcon_core.shell:Creating environment descriptor '/home/tatsuki/Snake_ws/install/snake_server/share/snake_server/hook/pythonpath.dsv'
[3.002s] INFO:colcon.colcon_core.shell:Creating environment hook '/home/tatsuki/Snake_ws/install/snake_server/share/snake_server/hook/pythonpath.sh'
[3.004s] Level 1:colcon.colcon_core.environment:checking '/home/tatsuki/Snake_ws/install/snake_server/bin'
[3.004s] Level 1:colcon.colcon_core.environment:create_environment_scripts_only(snake_server)
[3.004s] INFO:colcon.colcon_core.shell:Creating package script '/home/tatsuki/Snake_ws/install/snake_server/share/snake_server/package.ps1'
[3.005s] INFO:colcon.colcon_core.shell:Creating package descriptor '/home/tatsuki/Snake_ws/install/snake_server/share/snake_server/package.dsv'
[3.006s] INFO:colcon.colcon_core.shell:Creating package script '/home/tatsuki/Snake_ws/install/snake_server/share/snake_server/package.sh'
[3.007s] INFO:colcon.colcon_core.shell:Creating package script '/home/tatsuki/Snake_ws/install/snake_server/share/snake_server/package.bash'
[3.008s] INFO:colcon.colcon_core.shell:Creating package script '/home/tatsuki/Snake_ws/install/snake_server/share/snake_server/package.zsh'
[3.008s] Level 1:colcon.colcon_core.environment:create_file_with_runtime_dependencies(/home/tatsuki/Snake_ws/install/snake_server/share/colcon-core/packages/snake_server)
[3.009s] DEBUG:colcon.colcon_parallel_executor.executor.parallel:closing loop
[3.010s] DEBUG:colcon.colcon_parallel_executor.executor.parallel:loop closed
[3.010s] DEBUG:colcon.colcon_parallel_executor.executor.parallel:run_until_complete finished with '0'
[3.010s] DEBUG:colcon.colcon_core.event_reactor:joining thread
[3.023s] INFO:colcon.colcon_core.plugin_system:Skipping extension 'colcon_notification.desktop_notification.terminal_notifier': Not used on non-Darwin systems
[3.023s] INFO:colcon.colcon_core.plugin_system:Skipping extension 'colcon_notification.desktop_notification.win32': Not used on non-Windows systems
[3.023s] INFO:colcon.colcon_notification.desktop_notification:Sending desktop notification using 'notify2'
[3.054s] DEBUG:colcon.colcon_core.event_reactor:joined thread
[3.055s] INFO:colcon.colcon_core.shell:Creating prefix script '/home/tatsuki/Snake_ws/install/local_setup.ps1'
[3.057s] INFO:colcon.colcon_core.shell:Creating prefix util module '/home/tatsuki/Snake_ws/install/_local_setup_util_ps1.py'
[3.060s] INFO:colcon.colcon_core.shell:Creating prefix chain script '/home/tatsuki/Snake_ws/install/setup.ps1'
[3.064s] INFO:colcon.colcon_core.shell:Creating prefix script '/home/tatsuki/Snake_ws/install/local_setup.sh'
[3.065s] INFO:colcon.colcon_core.shell:Creating prefix util module '/home/tatsuki/Snake_ws/install/_local_setup_util_sh.py'
[3.066s] INFO:colcon.colcon_core.shell:Creating prefix chain script '/home/tatsuki/Snake_ws/install/setup.sh'
[3.069s] INFO:colcon.colcon_core.shell:Creating prefix script '/home/tatsuki/Snake_ws/install/local_setup.bash'
[3.070s] INFO:colcon.colcon_core.shell:Creating prefix chain script '/home/tatsuki/Snake_ws/install/setup.bash'
[3.073s] INFO:colcon.colcon_core.shell:Creating prefix script '/home/tatsuki/Snake_ws/install/local_setup.zsh'
[3.074s] INFO:colcon.colcon_core.shell:Creating prefix chain script '/home/tatsuki/Snake_ws/install/setup.zsh'
