[0.054s] Invoking command in '/home/tatsuki/Snake_ws/build/snake_bringup': CMAKE_PREFIX_PATH=${CMAKE_PREFIX_PATH}:/home/tatsuki/Snake_ws/install/snake_server:/home/tatsuki/Snake_ws/install/snake_motors:/home/tatsuki/ROS2Dev/repositorio_ws/install/example_description:/home/tatsuki/ROS2Dev/repositorio_ws/install/example_bringup:/home/tatsuki/ROS2Dev/test_ws/install/first_package:/home/tatsuki/MAN_ws/install/motors_processor:/home/tatsuki/MAN_ws/install/image_processor:/opt/ros/humble /usr/bin/cmake --build /home/tatsuki/Snake_ws/build/snake_bringup -- -j12 -l12
[1.242s] Invoked command in '/home/tatsuki/Snake_ws/build/snake_bringup' returned '0': CMAKE_PREFIX_PATH=${CMAKE_PREFIX_PATH}:/home/tatsuki/Snake_ws/install/snake_server:/home/tatsuki/Snake_ws/install/snake_motors:/home/tatsuki/ROS2Dev/repositorio_ws/install/example_description:/home/tatsuki/ROS2Dev/repositorio_ws/install/example_bringup:/home/tatsuki/ROS2Dev/test_ws/install/first_package:/home/tatsuki/MAN_ws/install/motors_processor:/home/tatsuki/MAN_ws/install/image_processor:/opt/ros/humble /usr/bin/cmake --build /home/tatsuki/Snake_ws/build/snake_bringup -- -j12 -l12
[1.309s] Invoking command in '/home/tatsuki/Snake_ws/build/snake_bringup': CMAKE_PREFIX_PATH=${CMAKE_PREFIX_PATH}:/home/tatsuki/Snake_ws/install/snake_server:/home/tatsuki/Snake_ws/install/snake_motors:/home/tatsuki/ROS2Dev/repositorio_ws/install/example_description:/home/tatsuki/ROS2Dev/repositorio_ws/install/example_bringup:/home/tatsuki/ROS2Dev/test_ws/install/first_package:/home/tatsuki/MAN_ws/install/motors_processor:/home/tatsuki/MAN_ws/install/image_processor:/opt/ros/humble /usr/bin/cmake --install /home/tatsuki/Snake_ws/build/snake_bringup
[1.324s] -- Install configuration: ""
[1.326s] -- Execute custom install script
[1.327s] -- Up-to-date symlink: /home/tatsuki/Snake_ws/install/snake_bringup/share/snake_bringup/launch/snake.launch.py
[1.327s] -- Up-to-date symlink: /home/tatsuki/Snake_ws/install/snake_bringup/share/ament_index/resource_index/package_run_dependencies/snake_bringup
[1.328s] -- Up-to-date symlink: /home/tatsuki/Snake_ws/install/snake_bringup/share/ament_index/resource_index/parent_prefix_path/snake_bringup
[1.328s] -- Up-to-date symlink: /home/tatsuki/Snake_ws/install/snake_bringup/share/snake_bringup/environment/ament_prefix_path.sh
[1.328s] -- Up-to-date symlink: /home/tatsuki/Snake_ws/install/snake_bringup/share/snake_bringup/environment/ament_prefix_path.dsv
[1.329s] -- Up-to-date symlink: /home/tatsuki/Snake_ws/install/snake_bringup/share/snake_bringup/environment/path.sh
[1.329s] -- Up-to-date symlink: /home/tatsuki/Snake_ws/install/snake_bringup/share/snake_bringup/environment/path.dsv
[1.330s] -- Up-to-date symlink: /home/tatsuki/Snake_ws/install/snake_bringup/share/snake_bringup/local_setup.bash
[1.330s] -- Up-to-date symlink: /home/tatsuki/Snake_ws/install/snake_bringup/share/snake_bringup/local_setup.sh
[1.330s] -- Up-to-date symlink: /home/tatsuki/Snake_ws/install/snake_bringup/share/snake_bringup/local_setup.zsh
[1.330s] -- Up-to-date symlink: /home/tatsuki/Snake_ws/install/snake_bringup/share/snake_bringup/local_setup.dsv
[1.330s] -- Symlinking: /home/tatsuki/Snake_ws/install/snake_bringup/share/snake_bringup/package.dsv
[1.351s] -- Up-to-date symlink: /home/tatsuki/Snake_ws/install/snake_bringup/share/ament_index/resource_index/packages/snake_bringup
[1.351s] -- Up-to-date symlink: /home/tatsuki/Snake_ws/install/snake_bringup/share/snake_bringup/cmake/snake_bringupConfig.cmake
[1.352s] -- Up-to-date symlink: /home/tatsuki/Snake_ws/install/snake_bringup/share/snake_bringup/cmake/snake_bringupConfig-version.cmake
[1.352s] -- Up-to-date symlink: /home/tatsuki/Snake_ws/install/snake_bringup/share/snake_bringup/package.xml
[1.357s] Invoked command in '/home/tatsuki/Snake_ws/build/snake_bringup' returned '0': CMAKE_PREFIX_PATH=${CMAKE_PREFIX_PATH}:/home/tatsuki/Snake_ws/install/snake_server:/home/tatsuki/Snake_ws/install/snake_motors:/home/tatsuki/ROS2Dev/repositorio_ws/install/example_description:/home/tatsuki/ROS2Dev/repositorio_ws/install/example_bringup:/home/tatsuki/ROS2Dev/test_ws/install/first_package:/home/tatsuki/MAN_ws/install/motors_processor:/home/tatsuki/MAN_ws/install/image_processor:/opt/ros/humble /usr/bin/cmake --install /home/tatsuki/Snake_ws/build/snake_bringup
