[0.102s] DEBUG:colcon:Command line arguments: ['/usr/bin/colcon', 'build', '--symlink-install']
[0.102s] DEBUG:colcon:Parsed command line arguments: Namespace(log_base=None, log_level=None, verb_name='build', build_base='build', install_base='install', merge_install=False, symlink_install=True, test_result_base=None, continue_on_error=False, executor='parallel', parallel_workers=12, event_handlers=None, ignore_user_meta=False, metas=['./colcon.meta'], base_paths=['.'], packages_ignore=None, packages_ignore_regex=None, paths=None, packages_up_to=None, packages_up_to_regex=None, packages_above=None, packages_above_and_dependencies=None, packages_above_depth=None, packages_select_by_dep=None, packages_skip_by_dep=None, packages_skip_up_to=None, packages_select_build_failed=False, packages_skip_build_finished=False, packages_select_test_failures=False, packages_skip_test_passed=False, packages_select=None, packages_skip=None, packages_select_regex=None, packages_skip_regex=None, packages_start=None, packages_end=None, allow_overriding=[], cmake_args=None, cmake_target=None, cmake_target_skip_unavailable=False, cmake_clean_cache=False, cmake_clean_first=False, cmake_force_configure=False, ament_cmake_args=None, catkin_cmake_args=None, catkin_skip_building_tests=False, verb_parser=<colcon_defaults.argument_parser.defaults.DefaultArgumentsDecorator object at 0x76a0d8b54310>, verb_extension=<colcon_core.verb.build.BuildVerb object at 0x76a0d8ca1630>, main=<bound method BuildVerb.main of <colcon_core.verb.build.BuildVerb object at 0x76a0d8ca1630>>)
[0.304s] Level 1:colcon.colcon_core.package_discovery:discover_packages(colcon_meta) check parameters
[0.304s] Level 1:colcon.colcon_core.package_discovery:discover_packages(recursive) check parameters
[0.304s] Level 1:colcon.colcon_core.package_discovery:discover_packages(ignore) check parameters
[0.304s] Level 1:colcon.colcon_core.package_discovery:discover_packages(path) check parameters
[0.304s] Level 1:colcon.colcon_core.package_discovery:discover_packages(colcon_meta) discover
[0.304s] Level 1:colcon.colcon_core.package_discovery:discover_packages(recursive) discover
[0.304s] INFO:colcon.colcon_core.package_discovery:Crawling recursively for packages in '/home/tatsuki/Snake_ws'
[0.304s] Level 1:colcon.colcon_core.package_identification:_identify(.) by extensions ['ignore', 'ignore_ament_install']
[0.304s] Level 1:colcon.colcon_core.package_identification:_identify(.) by extension 'ignore'
[0.304s] Level 1:colcon.colcon_core.package_identification:_identify(.) by extension 'ignore_ament_install'
[0.305s] Level 1:colcon.colcon_core.package_identification:_identify(.) by extensions ['colcon_pkg']
[0.305s] Level 1:colcon.colcon_core.package_identification:_identify(.) by extension 'colcon_pkg'
[0.305s] Level 1:colcon.colcon_core.package_identification:_identify(.) by extensions ['colcon_meta']
[0.305s] Level 1:colcon.colcon_core.package_identification:_identify(.) by extension 'colcon_meta'
[0.305s] Level 1:colcon.colcon_core.package_identification:_identify(.) by extensions ['ros']
[0.305s] Level 1:colcon.colcon_core.package_identification:_identify(.) by extension 'ros'
[0.314s] Level 1:colcon.colcon_core.package_identification:_identify(.) by extensions ['cmake', 'python']
[0.314s] Level 1:colcon.colcon_core.package_identification:_identify(.) by extension 'cmake'
[0.314s] Level 1:colcon.colcon_core.package_identification:_identify(.) by extension 'python'
[0.314s] Level 1:colcon.colcon_core.package_identification:_identify(.) by extensions ['python_setup_py']
[0.314s] Level 1:colcon.colcon_core.package_identification:_identify(.) by extension 'python_setup_py'
[0.314s] Level 1:colcon.colcon_core.package_identification:_identify(build) by extensions ['ignore', 'ignore_ament_install']
[0.314s] Level 1:colcon.colcon_core.package_identification:_identify(build) by extension 'ignore'
[0.314s] Level 1:colcon.colcon_core.package_identification:_identify(build) ignored
[0.314s] Level 1:colcon.colcon_core.package_identification:_identify(install) by extensions ['ignore', 'ignore_ament_install']
[0.314s] Level 1:colcon.colcon_core.package_identification:_identify(install) by extension 'ignore'
[0.314s] Level 1:colcon.colcon_core.package_identification:_identify(install) ignored
[0.314s] Level 1:colcon.colcon_core.package_identification:_identify(log) by extensions ['ignore', 'ignore_ament_install']
[0.315s] Level 1:colcon.colcon_core.package_identification:_identify(log) by extension 'ignore'
[0.315s] Level 1:colcon.colcon_core.package_identification:_identify(log) ignored
[0.315s] Level 1:colcon.colcon_core.package_identification:_identify(snakeModule) by extensions ['ignore', 'ignore_ament_install']
[0.315s] Level 1:colcon.colcon_core.package_identification:_identify(snakeModule) by extension 'ignore'
[0.315s] Level 1:colcon.colcon_core.package_identification:_identify(snakeModule) by extension 'ignore_ament_install'
[0.315s] Level 1:colcon.colcon_core.package_identification:_identify(snakeModule) by extensions ['colcon_pkg']
[0.315s] Level 1:colcon.colcon_core.package_identification:_identify(snakeModule) by extension 'colcon_pkg'
[0.315s] Level 1:colcon.colcon_core.package_identification:_identify(snakeModule) by extensions ['colcon_meta']
[0.315s] Level 1:colcon.colcon_core.package_identification:_identify(snakeModule) by extension 'colcon_meta'
[0.315s] Level 1:colcon.colcon_core.package_identification:_identify(snakeModule) by extensions ['ros']
[0.315s] Level 1:colcon.colcon_core.package_identification:_identify(snakeModule) by extension 'ros'
[0.315s] Level 1:colcon.colcon_core.package_identification:_identify(snakeModule) by extensions ['cmake', 'python']
[0.315s] Level 1:colcon.colcon_core.package_identification:_identify(snakeModule) by extension 'cmake'
[0.315s] Level 1:colcon.colcon_core.package_identification:_identify(snakeModule) by extension 'python'
[0.315s] Level 1:colcon.colcon_core.package_identification:_identify(snakeModule) by extensions ['python_setup_py']
[0.315s] Level 1:colcon.colcon_core.package_identification:_identify(snakeModule) by extension 'python_setup_py'
[0.315s] Level 1:colcon.colcon_core.package_identification:_identify(snake_gazebo) by extensions ['ignore', 'ignore_ament_install']
[0.315s] Level 1:colcon.colcon_core.package_identification:_identify(snake_gazebo) by extension 'ignore'
[0.315s] Level 1:colcon.colcon_core.package_identification:_identify(snake_gazebo) by extension 'ignore_ament_install'
[0.315s] Level 1:colcon.colcon_core.package_identification:_identify(snake_gazebo) by extensions ['colcon_pkg']
[0.315s] Level 1:colcon.colcon_core.package_identification:_identify(snake_gazebo) by extension 'colcon_pkg'
[0.315s] Level 1:colcon.colcon_core.package_identification:_identify(snake_gazebo) by extensions ['colcon_meta']
[0.315s] Level 1:colcon.colcon_core.package_identification:_identify(snake_gazebo) by extension 'colcon_meta'
[0.315s] Level 1:colcon.colcon_core.package_identification:_identify(snake_gazebo) by extensions ['ros']
[0.316s] Level 1:colcon.colcon_core.package_identification:_identify(snake_gazebo) by extension 'ros'
[0.316s] Level 1:colcon.colcon_core.package_identification:_identify(snake_gazebo) by extensions ['cmake', 'python']
[0.316s] Level 1:colcon.colcon_core.package_identification:_identify(snake_gazebo) by extension 'cmake'
[0.316s] Level 1:colcon.colcon_core.package_identification:_identify(snake_gazebo) by extension 'python'
[0.316s] Level 1:colcon.colcon_core.package_identification:_identify(snake_gazebo) by extensions ['python_setup_py']
[0.316s] Level 1:colcon.colcon_core.package_identification:_identify(snake_gazebo) by extension 'python_setup_py'
[0.316s] Level 1:colcon.colcon_core.package_identification:_identify(snake_gazebo/snake_gazebo) by extensions ['ignore', 'ignore_ament_install']
[0.316s] Level 1:colcon.colcon_core.package_identification:_identify(snake_gazebo/snake_gazebo) by extension 'ignore'
[0.316s] Level 1:colcon.colcon_core.package_identification:_identify(snake_gazebo/snake_gazebo) by extension 'ignore_ament_install'
[0.316s] Level 1:colcon.colcon_core.package_identification:_identify(snake_gazebo/snake_gazebo) by extensions ['colcon_pkg']
[0.316s] Level 1:colcon.colcon_core.package_identification:_identify(snake_gazebo/snake_gazebo) by extension 'colcon_pkg'
[0.316s] Level 1:colcon.colcon_core.package_identification:_identify(snake_gazebo/snake_gazebo) by extensions ['colcon_meta']
[0.316s] Level 1:colcon.colcon_core.package_identification:_identify(snake_gazebo/snake_gazebo) by extension 'colcon_meta'
[0.316s] Level 1:colcon.colcon_core.package_identification:_identify(snake_gazebo/snake_gazebo) by extensions ['ros']
[0.316s] Level 1:colcon.colcon_core.package_identification:_identify(snake_gazebo/snake_gazebo) by extension 'ros'
[0.316s] Level 1:colcon.colcon_core.package_identification:_identify(snake_gazebo/snake_gazebo) by extensions ['cmake', 'python']
[0.316s] Level 1:colcon.colcon_core.package_identification:_identify(snake_gazebo/snake_gazebo) by extension 'cmake'
[0.316s] Level 1:colcon.colcon_core.package_identification:_identify(snake_gazebo/snake_gazebo) by extension 'python'
[0.316s] Level 1:colcon.colcon_core.package_identification:_identify(snake_gazebo/snake_gazebo) by extensions ['python_setup_py']
[0.316s] Level 1:colcon.colcon_core.package_identification:_identify(snake_gazebo/snake_gazebo) by extension 'python_setup_py'
[0.316s] Level 1:colcon.colcon_core.package_identification:_identify(snake_master) by extensions ['ignore', 'ignore_ament_install']
[0.316s] Level 1:colcon.colcon_core.package_identification:_identify(snake_master) by extension 'ignore'
[0.316s] Level 1:colcon.colcon_core.package_identification:_identify(snake_master) by extension 'ignore_ament_install'
[0.316s] Level 1:colcon.colcon_core.package_identification:_identify(snake_master) by extensions ['colcon_pkg']
[0.317s] Level 1:colcon.colcon_core.package_identification:_identify(snake_master) by extension 'colcon_pkg'
[0.317s] Level 1:colcon.colcon_core.package_identification:_identify(snake_master) by extensions ['colcon_meta']
[0.317s] Level 1:colcon.colcon_core.package_identification:_identify(snake_master) by extension 'colcon_meta'
[0.317s] Level 1:colcon.colcon_core.package_identification:_identify(snake_master) by extensions ['ros']
[0.317s] Level 1:colcon.colcon_core.package_identification:_identify(snake_master) by extension 'ros'
[0.317s] Level 1:colcon.colcon_core.package_identification:_identify(snake_master) by extensions ['cmake', 'python']
[0.317s] Level 1:colcon.colcon_core.package_identification:_identify(snake_master) by extension 'cmake'
[0.317s] Level 1:colcon.colcon_core.package_identification:_identify(snake_master) by extension 'python'
[0.317s] Level 1:colcon.colcon_core.package_identification:_identify(snake_master) by extensions ['python_setup_py']
[0.317s] Level 1:colcon.colcon_core.package_identification:_identify(snake_master) by extension 'python_setup_py'
[0.317s] Level 1:colcon.colcon_core.package_identification:_identify(snake_slave) by extensions ['ignore', 'ignore_ament_install']
[0.317s] Level 1:colcon.colcon_core.package_identification:_identify(snake_slave) by extension 'ignore'
[0.317s] Level 1:colcon.colcon_core.package_identification:_identify(snake_slave) by extension 'ignore_ament_install'
[0.317s] Level 1:colcon.colcon_core.package_identification:_identify(snake_slave) by extensions ['colcon_pkg']
[0.317s] Level 1:colcon.colcon_core.package_identification:_identify(snake_slave) by extension 'colcon_pkg'
[0.317s] Level 1:colcon.colcon_core.package_identification:_identify(snake_slave) by extensions ['colcon_meta']
[0.317s] Level 1:colcon.colcon_core.package_identification:_identify(snake_slave) by extension 'colcon_meta'
[0.317s] Level 1:colcon.colcon_core.package_identification:_identify(snake_slave) by extensions ['ros']
[0.317s] Level 1:colcon.colcon_core.package_identification:_identify(snake_slave) by extension 'ros'
[0.317s] Level 1:colcon.colcon_core.package_identification:_identify(snake_slave) by extensions ['cmake', 'python']
[0.317s] Level 1:colcon.colcon_core.package_identification:_identify(snake_slave) by extension 'cmake'
[0.317s] Level 1:colcon.colcon_core.package_identification:_identify(snake_slave) by extension 'python'
[0.317s] Level 1:colcon.colcon_core.package_identification:_identify(snake_slave) by extensions ['python_setup_py']
[0.317s] Level 1:colcon.colcon_core.package_identification:_identify(snake_slave) by extension 'python_setup_py'
[0.317s] Level 1:colcon.colcon_core.package_identification:_identify(snake_slave2_Arduino) by extensions ['ignore', 'ignore_ament_install']
[0.318s] Level 1:colcon.colcon_core.package_identification:_identify(snake_slave2_Arduino) by extension 'ignore'
[0.318s] Level 1:colcon.colcon_core.package_identification:_identify(snake_slave2_Arduino) by extension 'ignore_ament_install'
[0.318s] Level 1:colcon.colcon_core.package_identification:_identify(snake_slave2_Arduino) by extensions ['colcon_pkg']
[0.318s] Level 1:colcon.colcon_core.package_identification:_identify(snake_slave2_Arduino) by extension 'colcon_pkg'
[0.318s] Level 1:colcon.colcon_core.package_identification:_identify(snake_slave2_Arduino) by extensions ['colcon_meta']
[0.318s] Level 1:colcon.colcon_core.package_identification:_identify(snake_slave2_Arduino) by extension 'colcon_meta'
[0.318s] Level 1:colcon.colcon_core.package_identification:_identify(snake_slave2_Arduino) by extensions ['ros']
[0.318s] Level 1:colcon.colcon_core.package_identification:_identify(snake_slave2_Arduino) by extension 'ros'
[0.318s] Level 1:colcon.colcon_core.package_identification:_identify(snake_slave2_Arduino) by extensions ['cmake', 'python']
[0.318s] Level 1:colcon.colcon_core.package_identification:_identify(snake_slave2_Arduino) by extension 'cmake'
[0.318s] Level 1:colcon.colcon_core.package_identification:_identify(snake_slave2_Arduino) by extension 'python'
[0.318s] Level 1:colcon.colcon_core.package_identification:_identify(snake_slave2_Arduino) by extensions ['python_setup_py']
[0.318s] Level 1:colcon.colcon_core.package_identification:_identify(snake_slave2_Arduino) by extension 'python_setup_py'
[0.318s] Level 1:colcon.colcon_core.package_identification:_identify(src) by extensions ['ignore', 'ignore_ament_install']
[0.318s] Level 1:colcon.colcon_core.package_identification:_identify(src) by extension 'ignore'
[0.318s] Level 1:colcon.colcon_core.package_identification:_identify(src) by extension 'ignore_ament_install'
[0.318s] Level 1:colcon.colcon_core.package_identification:_identify(src) by extensions ['colcon_pkg']
[0.318s] Level 1:colcon.colcon_core.package_identification:_identify(src) by extension 'colcon_pkg'
[0.318s] Level 1:colcon.colcon_core.package_identification:_identify(src) by extensions ['colcon_meta']
[0.318s] Level 1:colcon.colcon_core.package_identification:_identify(src) by extension 'colcon_meta'
[0.318s] Level 1:colcon.colcon_core.package_identification:_identify(src) by extensions ['ros']
[0.318s] Level 1:colcon.colcon_core.package_identification:_identify(src) by extension 'ros'
[0.318s] Level 1:colcon.colcon_core.package_identification:_identify(src) by extensions ['cmake', 'python']
[0.318s] Level 1:colcon.colcon_core.package_identification:_identify(src) by extension 'cmake'
[0.318s] Level 1:colcon.colcon_core.package_identification:_identify(src) by extension 'python'
[0.318s] Level 1:colcon.colcon_core.package_identification:_identify(src) by extensions ['python_setup_py']
[0.318s] Level 1:colcon.colcon_core.package_identification:_identify(src) by extension 'python_setup_py'
[0.319s] Level 1:colcon.colcon_core.package_identification:_identify(src/snake_bringup) by extensions ['ignore', 'ignore_ament_install']
[0.319s] Level 1:colcon.colcon_core.package_identification:_identify(src/snake_bringup) by extension 'ignore'
[0.319s] Level 1:colcon.colcon_core.package_identification:_identify(src/snake_bringup) by extension 'ignore_ament_install'
[0.319s] Level 1:colcon.colcon_core.package_identification:_identify(src/snake_bringup) by extensions ['colcon_pkg']
[0.319s] Level 1:colcon.colcon_core.package_identification:_identify(src/snake_bringup) by extension 'colcon_pkg'
[0.319s] Level 1:colcon.colcon_core.package_identification:_identify(src/snake_bringup) by extensions ['colcon_meta']
[0.319s] Level 1:colcon.colcon_core.package_identification:_identify(src/snake_bringup) by extension 'colcon_meta'
[0.319s] Level 1:colcon.colcon_core.package_identification:_identify(src/snake_bringup) by extensions ['ros']
[0.319s] Level 1:colcon.colcon_core.package_identification:_identify(src/snake_bringup) by extension 'ros'
[0.321s] DEBUG:colcon.colcon_core.package_identification:Package 'src/snake_bringup' with type 'ros.ament_cmake' and name 'snake_bringup'
[0.321s] Level 1:colcon.colcon_core.package_identification:_identify(src/snake_motors) by extensions ['ignore', 'ignore_ament_install']
[0.321s] Level 1:colcon.colcon_core.package_identification:_identify(src/snake_motors) by extension 'ignore'
[0.321s] Level 1:colcon.colcon_core.package_identification:_identify(src/snake_motors) by extension 'ignore_ament_install'
[0.321s] Level 1:colcon.colcon_core.package_identification:_identify(src/snake_motors) by extensions ['colcon_pkg']
[0.321s] Level 1:colcon.colcon_core.package_identification:_identify(src/snake_motors) by extension 'colcon_pkg'
[0.321s] Level 1:colcon.colcon_core.package_identification:_identify(src/snake_motors) by extensions ['colcon_meta']
[0.321s] Level 1:colcon.colcon_core.package_identification:_identify(src/snake_motors) by extension 'colcon_meta'
[0.321s] Level 1:colcon.colcon_core.package_identification:_identify(src/snake_motors) by extensions ['ros']
[0.321s] Level 1:colcon.colcon_core.package_identification:_identify(src/snake_motors) by extension 'ros'
[0.322s] DEBUG:colcon.colcon_core.package_identification:Package 'src/snake_motors' with type 'ros.ament_python' and name 'snake_motors'
[0.322s] Level 1:colcon.colcon_core.package_identification:_identify(src/snake_msgs) by extensions ['ignore', 'ignore_ament_install']
[0.322s] Level 1:colcon.colcon_core.package_identification:_identify(src/snake_msgs) by extension 'ignore'
[0.322s] Level 1:colcon.colcon_core.package_identification:_identify(src/snake_msgs) by extension 'ignore_ament_install'
[0.322s] Level 1:colcon.colcon_core.package_identification:_identify(src/snake_msgs) by extensions ['colcon_pkg']
[0.322s] Level 1:colcon.colcon_core.package_identification:_identify(src/snake_msgs) by extension 'colcon_pkg'
[0.322s] Level 1:colcon.colcon_core.package_identification:_identify(src/snake_msgs) by extensions ['colcon_meta']
[0.322s] Level 1:colcon.colcon_core.package_identification:_identify(src/snake_msgs) by extension 'colcon_meta'
[0.322s] Level 1:colcon.colcon_core.package_identification:_identify(src/snake_msgs) by extensions ['ros']
[0.322s] Level 1:colcon.colcon_core.package_identification:_identify(src/snake_msgs) by extension 'ros'
[0.323s] DEBUG:colcon.colcon_core.package_identification:Package 'src/snake_msgs' with type 'ros.ament_cmake' and name 'snake_msgs'
[0.323s] Level 1:colcon.colcon_core.package_identification:_identify(src/snake_server) by extensions ['ignore', 'ignore_ament_install']
[0.323s] Level 1:colcon.colcon_core.package_identification:_identify(src/snake_server) by extension 'ignore'
[0.323s] Level 1:colcon.colcon_core.package_identification:_identify(src/snake_server) by extension 'ignore_ament_install'
[0.323s] Level 1:colcon.colcon_core.package_identification:_identify(src/snake_server) by extensions ['colcon_pkg']
[0.323s] Level 1:colcon.colcon_core.package_identification:_identify(src/snake_server) by extension 'colcon_pkg'
[0.323s] Level 1:colcon.colcon_core.package_identification:_identify(src/snake_server) by extensions ['colcon_meta']
[0.323s] Level 1:colcon.colcon_core.package_identification:_identify(src/snake_server) by extension 'colcon_meta'
[0.323s] Level 1:colcon.colcon_core.package_identification:_identify(src/snake_server) by extensions ['ros']
[0.323s] Level 1:colcon.colcon_core.package_identification:_identify(src/snake_server) by extension 'ros'
[0.324s] DEBUG:colcon.colcon_core.package_identification:Package 'src/snake_server' with type 'ros.ament_python' and name 'snake_server'
[0.324s] Level 1:colcon.colcon_core.package_discovery:discover_packages(recursive) using defaults
[0.324s] Level 1:colcon.colcon_core.package_discovery:discover_packages(ignore) discover
[0.324s] Level 1:colcon.colcon_core.package_discovery:discover_packages(ignore) using defaults
[0.324s] Level 1:colcon.colcon_core.package_discovery:discover_packages(path) discover
[0.324s] Level 1:colcon.colcon_core.package_discovery:discover_packages(path) using defaults
[0.354s] Level 1:colcon.colcon_core.package_discovery:discover_packages(prefix_path) check parameters
[0.354s] Level 1:colcon.colcon_core.package_discovery:discover_packages(prefix_path) discover
[0.356s] DEBUG:colcon.colcon_installed_package_information.package_discovery:Found 2 installed packages in /home/tatsuki/ROS2Dev/repositorio_ws/install
[0.356s] DEBUG:colcon.colcon_installed_package_information.package_discovery:Found 2 installed packages in /home/tatsuki/ROS2Dev/test_ws/install
[0.357s] DEBUG:colcon.colcon_installed_package_information.package_discovery:Found 4 installed packages in /home/tatsuki/Snake_ws/install
[0.357s] DEBUG:colcon.colcon_installed_package_information.package_discovery:Found 3 installed packages in /home/tatsuki/MAN_ws/install
[0.357s] DEBUG:colcon.colcon_installed_package_information.package_discovery:Found 1 installed packages in /home/tatsuki/ros2_ws/install
[0.359s] DEBUG:colcon.colcon_installed_package_information.package_discovery:Found 333 installed packages in /opt/ros/humble
[0.360s] Level 1:colcon.colcon_core.package_discovery:discover_packages(prefix_path) using defaults
[0.396s] Level 5:colcon.colcon_core.verb:set package 'snake_bringup' build argument 'cmake_args' from command line to 'None'
[0.396s] Level 5:colcon.colcon_core.verb:set package 'snake_bringup' build argument 'cmake_target' from command line to 'None'
[0.396s] Level 5:colcon.colcon_core.verb:set package 'snake_bringup' build argument 'cmake_target_skip_unavailable' from command line to 'False'
[0.396s] Level 5:colcon.colcon_core.verb:set package 'snake_bringup' build argument 'cmake_clean_cache' from command line to 'False'
[0.396s] Level 5:colcon.colcon_core.verb:set package 'snake_bringup' build argument 'cmake_clean_first' from command line to 'False'
[0.396s] Level 5:colcon.colcon_core.verb:set package 'snake_bringup' build argument 'cmake_force_configure' from command line to 'False'
[0.396s] Level 5:colcon.colcon_core.verb:set package 'snake_bringup' build argument 'ament_cmake_args' from command line to 'None'
[0.396s] Level 5:colcon.colcon_core.verb:set package 'snake_bringup' build argument 'catkin_cmake_args' from command line to 'None'
[0.396s] Level 5:colcon.colcon_core.verb:set package 'snake_bringup' build argument 'catkin_skip_building_tests' from command line to 'False'
[0.396s] DEBUG:colcon.colcon_core.verb:Building package 'snake_bringup' with the following arguments: {'ament_cmake_args': None, 'build_base': '/home/tatsuki/Snake_ws/build/snake_bringup', 'catkin_cmake_args': None, 'catkin_skip_building_tests': False, 'cmake_args': None, 'cmake_clean_cache': False, 'cmake_clean_first': False, 'cmake_force_configure': False, 'cmake_target': None, 'cmake_target_skip_unavailable': False, 'install_base': '/home/tatsuki/Snake_ws/install/snake_bringup', 'merge_install': False, 'path': '/home/tatsuki/Snake_ws/src/snake_bringup', 'symlink_install': True, 'test_result_base': None}
[0.396s] Level 5:colcon.colcon_core.verb:set package 'snake_motors' build argument 'cmake_args' from command line to 'None'
[0.396s] Level 5:colcon.colcon_core.verb:set package 'snake_motors' build argument 'cmake_target' from command line to 'None'
[0.396s] Level 5:colcon.colcon_core.verb:set package 'snake_motors' build argument 'cmake_target_skip_unavailable' from command line to 'False'
[0.396s] Level 5:colcon.colcon_core.verb:set package 'snake_motors' build argument 'cmake_clean_cache' from command line to 'False'
[0.396s] Level 5:colcon.colcon_core.verb:set package 'snake_motors' build argument 'cmake_clean_first' from command line to 'False'
[0.396s] Level 5:colcon.colcon_core.verb:set package 'snake_motors' build argument 'cmake_force_configure' from command line to 'False'
[0.396s] Level 5:colcon.colcon_core.verb:set package 'snake_motors' build argument 'ament_cmake_args' from command line to 'None'
[0.396s] Level 5:colcon.colcon_core.verb:set package 'snake_motors' build argument 'catkin_cmake_args' from command line to 'None'
[0.396s] Level 5:colcon.colcon_core.verb:set package 'snake_motors' build argument 'catkin_skip_building_tests' from command line to 'False'
[0.396s] DEBUG:colcon.colcon_core.verb:Building package 'snake_motors' with the following arguments: {'ament_cmake_args': None, 'build_base': '/home/tatsuki/Snake_ws/build/snake_motors', 'catkin_cmake_args': None, 'catkin_skip_building_tests': False, 'cmake_args': None, 'cmake_clean_cache': False, 'cmake_clean_first': False, 'cmake_force_configure': False, 'cmake_target': None, 'cmake_target_skip_unavailable': False, 'install_base': '/home/tatsuki/Snake_ws/install/snake_motors', 'merge_install': False, 'path': '/home/tatsuki/Snake_ws/src/snake_motors', 'symlink_install': True, 'test_result_base': None}
[0.397s] Level 5:colcon.colcon_core.verb:set package 'snake_msgs' build argument 'cmake_args' from command line to 'None'
[0.397s] Level 5:colcon.colcon_core.verb:set package 'snake_msgs' build argument 'cmake_target' from command line to 'None'
[0.397s] Level 5:colcon.colcon_core.verb:set package 'snake_msgs' build argument 'cmake_target_skip_unavailable' from command line to 'False'
[0.397s] Level 5:colcon.colcon_core.verb:set package 'snake_msgs' build argument 'cmake_clean_cache' from command line to 'False'
[0.397s] Level 5:colcon.colcon_core.verb:set package 'snake_msgs' build argument 'cmake_clean_first' from command line to 'False'
[0.397s] Level 5:colcon.colcon_core.verb:set package 'snake_msgs' build argument 'cmake_force_configure' from command line to 'False'
[0.397s] Level 5:colcon.colcon_core.verb:set package 'snake_msgs' build argument 'ament_cmake_args' from command line to 'None'
[0.397s] Level 5:colcon.colcon_core.verb:set package 'snake_msgs' build argument 'catkin_cmake_args' from command line to 'None'
[0.397s] Level 5:colcon.colcon_core.verb:set package 'snake_msgs' build argument 'catkin_skip_building_tests' from command line to 'False'
[0.397s] DEBUG:colcon.colcon_core.verb:Building package 'snake_msgs' with the following arguments: {'ament_cmake_args': None, 'build_base': '/home/tatsuki/Snake_ws/build/snake_msgs', 'catkin_cmake_args': None, 'catkin_skip_building_tests': False, 'cmake_args': None, 'cmake_clean_cache': False, 'cmake_clean_first': False, 'cmake_force_configure': False, 'cmake_target': None, 'cmake_target_skip_unavailable': False, 'install_base': '/home/tatsuki/Snake_ws/install/snake_msgs', 'merge_install': False, 'path': '/home/tatsuki/Snake_ws/src/snake_msgs', 'symlink_install': True, 'test_result_base': None}
[0.397s] Level 5:colcon.colcon_core.verb:set package 'snake_server' build argument 'cmake_args' from command line to 'None'
[0.397s] Level 5:colcon.colcon_core.verb:set package 'snake_server' build argument 'cmake_target' from command line to 'None'
[0.397s] Level 5:colcon.colcon_core.verb:set package 'snake_server' build argument 'cmake_target_skip_unavailable' from command line to 'False'
[0.397s] Level 5:colcon.colcon_core.verb:set package 'snake_server' build argument 'cmake_clean_cache' from command line to 'False'
[0.397s] Level 5:colcon.colcon_core.verb:set package 'snake_server' build argument 'cmake_clean_first' from command line to 'False'
[0.397s] Level 5:colcon.colcon_core.verb:set package 'snake_server' build argument 'cmake_force_configure' from command line to 'False'
[0.397s] Level 5:colcon.colcon_core.verb:set package 'snake_server' build argument 'ament_cmake_args' from command line to 'None'
[0.397s] Level 5:colcon.colcon_core.verb:set package 'snake_server' build argument 'catkin_cmake_args' from command line to 'None'
[0.397s] Level 5:colcon.colcon_core.verb:set package 'snake_server' build argument 'catkin_skip_building_tests' from command line to 'False'
[0.397s] DEBUG:colcon.colcon_core.verb:Building package 'snake_server' with the following arguments: {'ament_cmake_args': None, 'build_base': '/home/tatsuki/Snake_ws/build/snake_server', 'catkin_cmake_args': None, 'catkin_skip_building_tests': False, 'cmake_args': None, 'cmake_clean_cache': False, 'cmake_clean_first': False, 'cmake_force_configure': False, 'cmake_target': None, 'cmake_target_skip_unavailable': False, 'install_base': '/home/tatsuki/Snake_ws/install/snake_server', 'merge_install': False, 'path': '/home/tatsuki/Snake_ws/src/snake_server', 'symlink_install': True, 'test_result_base': None}
[0.398s] INFO:colcon.colcon_core.executor:Executing jobs using 'parallel' executor
[0.399s] DEBUG:colcon.colcon_parallel_executor.executor.parallel:run_until_complete
[0.399s] INFO:colcon.colcon_ros.task.ament_cmake.build:Building ROS package in '/home/tatsuki/Snake_ws/src/snake_bringup' with build type 'ament_cmake'
[0.399s] INFO:colcon.colcon_cmake.task.cmake.build:Building CMake package in '/home/tatsuki/Snake_ws/src/snake_bringup'
[0.401s] INFO:colcon.colcon_core.plugin_system:Skipping extension 'colcon_core.shell.bat': Not used on non-Windows systems
[0.401s] INFO:colcon.colcon_core.shell:Skip shell extension 'powershell' for command environment: Not usable outside of PowerShell
[0.401s] DEBUG:colcon.colcon_core.shell:Skip shell extension 'dsv' for command environment
[0.406s] INFO:colcon.colcon_ros.task.ament_python.build:Building ROS package in '/home/tatsuki/Snake_ws/src/snake_motors' with build type 'ament_python'
[0.406s] Level 1:colcon.colcon_core.shell:create_environment_hook('snake_motors', 'ament_prefix_path')
[0.407s] INFO:colcon.colcon_core.shell:Creating environment hook '/home/tatsuki/Snake_ws/install/snake_motors/share/snake_motors/hook/ament_prefix_path.ps1'
[0.407s] INFO:colcon.colcon_core.shell:Creating environment descriptor '/home/tatsuki/Snake_ws/install/snake_motors/share/snake_motors/hook/ament_prefix_path.dsv'
[0.408s] INFO:colcon.colcon_core.shell:Creating environment hook '/home/tatsuki/Snake_ws/install/snake_motors/share/snake_motors/hook/ament_prefix_path.sh'
[0.408s] INFO:colcon.colcon_core.shell:Skip shell extension 'powershell' for command environment: Not usable outside of PowerShell
[0.408s] DEBUG:colcon.colcon_core.shell:Skip shell extension 'dsv' for command environment
[0.413s] INFO:colcon.colcon_ros.task.ament_cmake.build:Building ROS package in '/home/tatsuki/Snake_ws/src/snake_msgs' with build type 'ament_cmake'
[0.413s] INFO:colcon.colcon_cmake.task.cmake.build:Building CMake package in '/home/tatsuki/Snake_ws/src/snake_msgs'
[0.414s] INFO:colcon.colcon_core.shell:Skip shell extension 'powershell' for command environment: Not usable outside of PowerShell
[0.414s] DEBUG:colcon.colcon_core.shell:Skip shell extension 'dsv' for command environment
[0.418s] INFO:colcon.colcon_ros.task.ament_python.build:Building ROS package in '/home/tatsuki/Snake_ws/src/snake_server' with build type 'ament_python'
[0.419s] Level 1:colcon.colcon_core.shell:create_environment_hook('snake_server', 'ament_prefix_path')
[0.419s] INFO:colcon.colcon_core.shell:Creating environment hook '/home/tatsuki/Snake_ws/install/snake_server/share/snake_server/hook/ament_prefix_path.ps1'
[0.419s] INFO:colcon.colcon_core.shell:Creating environment descriptor '/home/tatsuki/Snake_ws/install/snake_server/share/snake_server/hook/ament_prefix_path.dsv'
[0.420s] INFO:colcon.colcon_core.shell:Creating environment hook '/home/tatsuki/Snake_ws/install/snake_server/share/snake_server/hook/ament_prefix_path.sh'
[0.420s] INFO:colcon.colcon_core.shell:Skip shell extension 'powershell' for command environment: Not usable outside of PowerShell
[0.420s] DEBUG:colcon.colcon_core.shell:Skip shell extension 'dsv' for command environment
[0.428s] DEBUG:colcon.colcon_core.event_handler.log_command:Invoking command in '/home/tatsuki/Snake_ws/build/snake_bringup': CMAKE_PREFIX_PATH=${CMAKE_PREFIX_PATH}:/home/tatsuki/Snake_ws/install/snake_server:/home/tatsuki/Snake_ws/install/snake_motors:/home/tatsuki/ROS2Dev/repositorio_ws/install/example_description:/home/tatsuki/ROS2Dev/repositorio_ws/install/example_bringup:/home/tatsuki/ROS2Dev/test_ws/install/first_package:/home/tatsuki/MAN_ws/install/motors_processor:/home/tatsuki/MAN_ws/install/image_processor:/opt/ros/humble /usr/bin/cmake --build /home/tatsuki/Snake_ws/build/snake_bringup -- -j12 -l12
[0.752s] INFO:colcon.colcon_core.task.python.build:Building Python package in '/home/tatsuki/Snake_ws/src/snake_motors'
[0.752s] INFO:colcon.colcon_core.shell:Skip shell extension 'powershell' for command environment: Not usable outside of PowerShell
[0.752s] DEBUG:colcon.colcon_core.shell:Skip shell extension 'dsv' for command environment
[0.761s] DEBUG:colcon.colcon_core.event_handler.log_command:Invoking command in '/home/tatsuki/Snake_ws/build/snake_msgs': CMAKE_PREFIX_PATH=${CMAKE_PREFIX_PATH}:/home/tatsuki/Snake_ws/install/snake_server:/home/tatsuki/Snake_ws/install/snake_motors:/home/tatsuki/ROS2Dev/repositorio_ws/install/example_description:/home/tatsuki/ROS2Dev/repositorio_ws/install/example_bringup:/home/tatsuki/ROS2Dev/test_ws/install/first_package:/home/tatsuki/MAN_ws/install/motors_processor:/home/tatsuki/MAN_ws/install/image_processor:/opt/ros/humble /usr/bin/cmake --build /home/tatsuki/Snake_ws/build/snake_msgs -- -j12 -l12
[1.093s] INFO:colcon.colcon_core.task.python.build:Building Python package in '/home/tatsuki/Snake_ws/src/snake_server'
[1.094s] INFO:colcon.colcon_core.shell:Skip shell extension 'powershell' for command environment: Not usable outside of PowerShell
[1.094s] DEBUG:colcon.colcon_core.shell:Skip shell extension 'dsv' for command environment
[1.105s] DEBUG:colcon.colcon_core.event_handler.log_command:Invoked command in '/home/tatsuki/Snake_ws/build/snake_bringup' returned '0': CMAKE_PREFIX_PATH=${CMAKE_PREFIX_PATH}:/home/tatsuki/Snake_ws/install/snake_server:/home/tatsuki/Snake_ws/install/snake_motors:/home/tatsuki/ROS2Dev/repositorio_ws/install/example_description:/home/tatsuki/ROS2Dev/repositorio_ws/install/example_bringup:/home/tatsuki/ROS2Dev/test_ws/install/first_package:/home/tatsuki/MAN_ws/install/motors_processor:/home/tatsuki/MAN_ws/install/image_processor:/opt/ros/humble /usr/bin/cmake --build /home/tatsuki/Snake_ws/build/snake_bringup -- -j12 -l12
[1.158s] DEBUG:colcon.colcon_core.event_handler.log_command:Invoking command in '/home/tatsuki/Snake_ws/build/snake_bringup': CMAKE_PREFIX_PATH=${CMAKE_PREFIX_PATH}:/home/tatsuki/Snake_ws/install/snake_server:/home/tatsuki/Snake_ws/install/snake_motors:/home/tatsuki/ROS2Dev/repositorio_ws/install/example_description:/home/tatsuki/ROS2Dev/repositorio_ws/install/example_bringup:/home/tatsuki/ROS2Dev/test_ws/install/first_package:/home/tatsuki/MAN_ws/install/motors_processor:/home/tatsuki/MAN_ws/install/image_processor:/opt/ros/humble /usr/bin/cmake --install /home/tatsuki/Snake_ws/build/snake_bringup
[1.181s] Level 1:colcon.colcon_core.environment:create_environment_scripts_only(snake_bringup)
[1.182s] DEBUG:colcon.colcon_core.event_handler.log_command:Invoked command in '/home/tatsuki/Snake_ws/build/snake_bringup' returned '0': CMAKE_PREFIX_PATH=${CMAKE_PREFIX_PATH}:/home/tatsuki/Snake_ws/install/snake_server:/home/tatsuki/Snake_ws/install/snake_motors:/home/tatsuki/ROS2Dev/repositorio_ws/install/example_description:/home/tatsuki/ROS2Dev/repositorio_ws/install/example_bringup:/home/tatsuki/ROS2Dev/test_ws/install/first_package:/home/tatsuki/MAN_ws/install/motors_processor:/home/tatsuki/MAN_ws/install/image_processor:/opt/ros/humble /usr/bin/cmake --install /home/tatsuki/Snake_ws/build/snake_bringup
[1.184s] Level 1:colcon.colcon_core.environment:checking '/home/tatsuki/Snake_ws/install/snake_bringup' for CMake module files
[1.184s] Level 1:colcon.colcon_core.environment:checking '/home/tatsuki/Snake_ws/install/snake_bringup' for CMake config files
[1.184s] Level 1:colcon.colcon_core.shell:create_environment_hook('snake_bringup', 'cmake_prefix_path')
[1.185s] INFO:colcon.colcon_core.shell:Creating environment hook '/home/tatsuki/Snake_ws/install/snake_bringup/share/snake_bringup/hook/cmake_prefix_path.ps1'
[1.185s] INFO:colcon.colcon_core.shell:Creating environment descriptor '/home/tatsuki/Snake_ws/install/snake_bringup/share/snake_bringup/hook/cmake_prefix_path.dsv'
[1.186s] INFO:colcon.colcon_core.shell:Creating environment hook '/home/tatsuki/Snake_ws/install/snake_bringup/share/snake_bringup/hook/cmake_prefix_path.sh'
[1.186s] Level 1:colcon.colcon_core.environment:checking '/home/tatsuki/Snake_ws/install/snake_bringup/bin'
[1.186s] Level 1:colcon.colcon_core.environment:checking '/home/tatsuki/Snake_ws/install/snake_bringup/lib/pkgconfig/snake_bringup.pc'
[1.187s] Level 1:colcon.colcon_core.environment:checking '/home/tatsuki/Snake_ws/install/snake_bringup/lib/python3.10/site-packages'
[1.187s] Level 1:colcon.colcon_core.environment:checking '/home/tatsuki/Snake_ws/install/snake_bringup/bin'
[1.187s] INFO:colcon.colcon_core.shell:Creating package script '/home/tatsuki/Snake_ws/install/snake_bringup/share/snake_bringup/package.ps1'
[1.188s] INFO:colcon.colcon_core.shell:Creating package descriptor '/home/tatsuki/Snake_ws/install/snake_bringup/share/snake_bringup/package.dsv'
[1.189s] INFO:colcon.colcon_core.shell:Creating package script '/home/tatsuki/Snake_ws/install/snake_bringup/share/snake_bringup/package.sh'
[1.190s] INFO:colcon.colcon_core.shell:Creating package script '/home/tatsuki/Snake_ws/install/snake_bringup/share/snake_bringup/package.bash'
[1.190s] INFO:colcon.colcon_core.shell:Creating package script '/home/tatsuki/Snake_ws/install/snake_bringup/share/snake_bringup/package.zsh'
[1.191s] Level 1:colcon.colcon_core.environment:create_file_with_runtime_dependencies(/home/tatsuki/Snake_ws/install/snake_bringup/share/colcon-core/packages/snake_bringup)
[1.216s] Level 1:colcon.colcon_core.environment:create_environment_scripts_only(snake_bringup)
[1.217s] Level 1:colcon.colcon_core.environment:checking '/home/tatsuki/Snake_ws/install/snake_bringup' for CMake module files
[1.217s] Level 1:colcon.colcon_core.environment:checking '/home/tatsuki/Snake_ws/install/snake_bringup' for CMake config files
[1.217s] Level 1:colcon.colcon_core.shell:create_environment_hook('snake_bringup', 'cmake_prefix_path')
[1.217s] INFO:colcon.colcon_core.shell:Creating environment hook '/home/tatsuki/Snake_ws/install/snake_bringup/share/snake_bringup/hook/cmake_prefix_path.ps1'
[1.218s] INFO:colcon.colcon_core.shell:Creating environment descriptor '/home/tatsuki/Snake_ws/install/snake_bringup/share/snake_bringup/hook/cmake_prefix_path.dsv'
[1.218s] INFO:colcon.colcon_core.shell:Creating environment hook '/home/tatsuki/Snake_ws/install/snake_bringup/share/snake_bringup/hook/cmake_prefix_path.sh'
[1.219s] Level 1:colcon.colcon_core.environment:checking '/home/tatsuki/Snake_ws/install/snake_bringup/bin'
[1.219s] Level 1:colcon.colcon_core.environment:checking '/home/tatsuki/Snake_ws/install/snake_bringup/lib/pkgconfig/snake_bringup.pc'
[1.219s] Level 1:colcon.colcon_core.environment:checking '/home/tatsuki/Snake_ws/install/snake_bringup/lib/python3.10/site-packages'
[1.219s] Level 1:colcon.colcon_core.environment:checking '/home/tatsuki/Snake_ws/install/snake_bringup/bin'
[1.219s] INFO:colcon.colcon_core.shell:Creating package script '/home/tatsuki/Snake_ws/install/snake_bringup/share/snake_bringup/package.ps1'
[1.220s] INFO:colcon.colcon_core.shell:Creating package descriptor '/home/tatsuki/Snake_ws/install/snake_bringup/share/snake_bringup/package.dsv'
[1.220s] INFO:colcon.colcon_core.shell:Creating package script '/home/tatsuki/Snake_ws/install/snake_bringup/share/snake_bringup/package.sh'
[1.220s] INFO:colcon.colcon_core.shell:Creating package script '/home/tatsuki/Snake_ws/install/snake_bringup/share/snake_bringup/package.bash'
[1.221s] INFO:colcon.colcon_core.shell:Creating package script '/home/tatsuki/Snake_ws/install/snake_bringup/share/snake_bringup/package.zsh'
[1.221s] Level 1:colcon.colcon_core.environment:create_file_with_runtime_dependencies(/home/tatsuki/Snake_ws/install/snake_bringup/share/colcon-core/packages/snake_bringup)
[1.224s] DEBUG:colcon.colcon_core.event_handler.log_command:Invoked command in '/home/tatsuki/Snake_ws/build/snake_msgs' returned '0': CMAKE_PREFIX_PATH=${CMAKE_PREFIX_PATH}:/home/tatsuki/Snake_ws/install/snake_server:/home/tatsuki/Snake_ws/install/snake_motors:/home/tatsuki/ROS2Dev/repositorio_ws/install/example_description:/home/tatsuki/ROS2Dev/repositorio_ws/install/example_bringup:/home/tatsuki/ROS2Dev/test_ws/install/first_package:/home/tatsuki/MAN_ws/install/motors_processor:/home/tatsuki/MAN_ws/install/image_processor:/opt/ros/humble /usr/bin/cmake --build /home/tatsuki/Snake_ws/build/snake_msgs -- -j12 -l12
[1.292s] DEBUG:colcon.colcon_core.event_handler.log_command:Invoking command in '/home/tatsuki/Snake_ws/build/snake_msgs': CMAKE_PREFIX_PATH=${CMAKE_PREFIX_PATH}:/home/tatsuki/Snake_ws/install/snake_server:/home/tatsuki/Snake_ws/install/snake_motors:/home/tatsuki/ROS2Dev/repositorio_ws/install/example_description:/home/tatsuki/ROS2Dev/repositorio_ws/install/example_bringup:/home/tatsuki/ROS2Dev/test_ws/install/first_package:/home/tatsuki/MAN_ws/install/motors_processor:/home/tatsuki/MAN_ws/install/image_processor:/opt/ros/humble /usr/bin/cmake --install /home/tatsuki/Snake_ws/build/snake_msgs
[1.372s] Level 1:colcon.colcon_core.environment:create_environment_scripts_only(snake_msgs)
[1.372s] Level 1:colcon.colcon_core.environment:checking '/home/tatsuki/Snake_ws/install/snake_msgs' for CMake module files
[1.373s] DEBUG:colcon.colcon_core.event_handler.log_command:Invoked command in '/home/tatsuki/Snake_ws/build/snake_msgs' returned '0': CMAKE_PREFIX_PATH=${CMAKE_PREFIX_PATH}:/home/tatsuki/Snake_ws/install/snake_server:/home/tatsuki/Snake_ws/install/snake_motors:/home/tatsuki/ROS2Dev/repositorio_ws/install/example_description:/home/tatsuki/ROS2Dev/repositorio_ws/install/example_bringup:/home/tatsuki/ROS2Dev/test_ws/install/first_package:/home/tatsuki/MAN_ws/install/motors_processor:/home/tatsuki/MAN_ws/install/image_processor:/opt/ros/humble /usr/bin/cmake --install /home/tatsuki/Snake_ws/build/snake_msgs
[1.374s] Level 1:colcon.colcon_core.environment:checking '/home/tatsuki/Snake_ws/install/snake_msgs' for CMake config files
[1.375s] Level 1:colcon.colcon_core.shell:create_environment_hook('snake_msgs', 'cmake_prefix_path')
[1.375s] INFO:colcon.colcon_core.shell:Creating environment hook '/home/tatsuki/Snake_ws/install/snake_msgs/share/snake_msgs/hook/cmake_prefix_path.ps1'
[1.376s] INFO:colcon.colcon_core.shell:Creating environment descriptor '/home/tatsuki/Snake_ws/install/snake_msgs/share/snake_msgs/hook/cmake_prefix_path.dsv'
[1.376s] INFO:colcon.colcon_core.shell:Creating environment hook '/home/tatsuki/Snake_ws/install/snake_msgs/share/snake_msgs/hook/cmake_prefix_path.sh'
[1.377s] Level 1:colcon.colcon_core.environment:checking '/home/tatsuki/Snake_ws/install/snake_msgs/lib'
[1.377s] Level 1:colcon.colcon_core.shell:create_environment_hook('snake_msgs', 'ld_library_path_lib')
[1.378s] INFO:colcon.colcon_core.shell:Creating environment hook '/home/tatsuki/Snake_ws/install/snake_msgs/share/snake_msgs/hook/ld_library_path_lib.ps1'
[1.378s] INFO:colcon.colcon_core.shell:Creating environment descriptor '/home/tatsuki/Snake_ws/install/snake_msgs/share/snake_msgs/hook/ld_library_path_lib.dsv'
[1.379s] INFO:colcon.colcon_core.shell:Creating environment hook '/home/tatsuki/Snake_ws/install/snake_msgs/share/snake_msgs/hook/ld_library_path_lib.sh'
[1.379s] Level 1:colcon.colcon_core.environment:checking '/home/tatsuki/Snake_ws/install/snake_msgs/bin'
[1.379s] Level 1:colcon.colcon_core.environment:checking '/home/tatsuki/Snake_ws/install/snake_msgs/lib/pkgconfig/snake_msgs.pc'
[1.380s] Level 1:colcon.colcon_core.environment:checking '/home/tatsuki/Snake_ws/install/snake_msgs/lib/python3.10/site-packages'
[1.380s] Level 1:colcon.colcon_core.environment:checking '/home/tatsuki/Snake_ws/install/snake_msgs/bin'
[1.380s] INFO:colcon.colcon_core.shell:Creating package script '/home/tatsuki/Snake_ws/install/snake_msgs/share/snake_msgs/package.ps1'
[1.381s] INFO:colcon.colcon_core.shell:Creating package descriptor '/home/tatsuki/Snake_ws/install/snake_msgs/share/snake_msgs/package.dsv'
[1.382s] INFO:colcon.colcon_core.shell:Creating package script '/home/tatsuki/Snake_ws/install/snake_msgs/share/snake_msgs/package.sh'
[1.382s] INFO:colcon.colcon_core.shell:Creating package script '/home/tatsuki/Snake_ws/install/snake_msgs/share/snake_msgs/package.bash'
[1.383s] INFO:colcon.colcon_core.shell:Creating package script '/home/tatsuki/Snake_ws/install/snake_msgs/share/snake_msgs/package.zsh'
[1.383s] Level 1:colcon.colcon_core.environment:create_file_with_runtime_dependencies(/home/tatsuki/Snake_ws/install/snake_msgs/share/colcon-core/packages/snake_msgs)
[1.505s] Level 1:colcon.colcon_core.environment:create_environment_scripts_only(snake_msgs)
[1.506s] Level 1:colcon.colcon_core.environment:checking '/home/tatsuki/Snake_ws/install/snake_msgs' for CMake module files
[1.507s] Level 1:colcon.colcon_core.environment:checking '/home/tatsuki/Snake_ws/install/snake_msgs' for CMake config files
[1.509s] Level 1:colcon.colcon_core.shell:create_environment_hook('snake_msgs', 'cmake_prefix_path')
[1.509s] INFO:colcon.colcon_core.shell:Creating environment hook '/home/tatsuki/Snake_ws/install/snake_msgs/share/snake_msgs/hook/cmake_prefix_path.ps1'
[1.510s] INFO:colcon.colcon_core.shell:Creating environment descriptor '/home/tatsuki/Snake_ws/install/snake_msgs/share/snake_msgs/hook/cmake_prefix_path.dsv'
[1.511s] INFO:colcon.colcon_core.shell:Creating environment hook '/home/tatsuki/Snake_ws/install/snake_msgs/share/snake_msgs/hook/cmake_prefix_path.sh'
[1.512s] Level 1:colcon.colcon_core.environment:checking '/home/tatsuki/Snake_ws/install/snake_msgs/lib'
[1.512s] Level 1:colcon.colcon_core.shell:create_environment_hook('snake_msgs', 'ld_library_path_lib')
[1.513s] INFO:colcon.colcon_core.shell:Creating environment hook '/home/tatsuki/Snake_ws/install/snake_msgs/share/snake_msgs/hook/ld_library_path_lib.ps1'
[1.514s] INFO:colcon.colcon_core.shell:Creating environment descriptor '/home/tatsuki/Snake_ws/install/snake_msgs/share/snake_msgs/hook/ld_library_path_lib.dsv'
[1.514s] INFO:colcon.colcon_core.shell:Creating environment hook '/home/tatsuki/Snake_ws/install/snake_msgs/share/snake_msgs/hook/ld_library_path_lib.sh'
[1.515s] Level 1:colcon.colcon_core.environment:checking '/home/tatsuki/Snake_ws/install/snake_msgs/bin'
[1.515s] Level 1:colcon.colcon_core.environment:checking '/home/tatsuki/Snake_ws/install/snake_msgs/lib/pkgconfig/snake_msgs.pc'
[1.516s] Level 1:colcon.colcon_core.environment:checking '/home/tatsuki/Snake_ws/install/snake_msgs/lib/python3.10/site-packages'
[1.516s] Level 1:colcon.colcon_core.environment:checking '/home/tatsuki/Snake_ws/install/snake_msgs/bin'
[1.517s] INFO:colcon.colcon_core.shell:Creating package script '/home/tatsuki/Snake_ws/install/snake_msgs/share/snake_msgs/package.ps1'
[1.518s] INFO:colcon.colcon_core.shell:Creating package descriptor '/home/tatsuki/Snake_ws/install/snake_msgs/share/snake_msgs/package.dsv'
[1.519s] INFO:colcon.colcon_core.shell:Creating package script '/home/tatsuki/Snake_ws/install/snake_msgs/share/snake_msgs/package.sh'
[1.520s] INFO:colcon.colcon_core.shell:Creating package script '/home/tatsuki/Snake_ws/install/snake_msgs/share/snake_msgs/package.bash'
[1.521s] INFO:colcon.colcon_core.shell:Creating package script '/home/tatsuki/Snake_ws/install/snake_msgs/share/snake_msgs/package.zsh'
[1.522s] Level 1:colcon.colcon_core.environment:create_file_with_runtime_dependencies(/home/tatsuki/Snake_ws/install/snake_msgs/share/colcon-core/packages/snake_msgs)
[1.579s] DEBUG:colcon.colcon_core.event_handler.log_command:Invoking command in '/home/tatsuki/Snake_ws/build/snake_server': PYTHONPATH=/home/tatsuki/Snake_ws/build/snake_server/prefix_override:/usr/lib/python3/dist-packages/colcon_core/task/python/colcon_distutils_commands:/home/tatsuki/Snake_ws/install/snake_server/lib/python3.10/site-packages:${PYTHONPATH} /usr/bin/python3 -W ignore:setup.py install is deprecated setup.py develop --editable --build-directory /home/tatsuki/Snake_ws/build/snake_server/build --no-deps symlink_data
[1.592s] DEBUG:colcon.colcon_core.event_handler.log_command:Invoking command in '/home/tatsuki/Snake_ws/build/snake_motors': PYTHONPATH=/home/tatsuki/Snake_ws/build/snake_motors/prefix_override:/usr/lib/python3/dist-packages/colcon_core/task/python/colcon_distutils_commands:/home/tatsuki/Snake_ws/install/snake_motors/lib/python3.10/site-packages:${PYTHONPATH} /usr/bin/python3 -W ignore:setup.py install is deprecated setup.py develop --editable --build-directory /home/tatsuki/Snake_ws/build/snake_motors/build --no-deps symlink_data
[2.165s] Level 1:colcon.colcon_core.shell:create_environment_hook('snake_server', 'pythonpath_develop')
[2.165s] DEBUG:colcon.colcon_core.event_handler.log_command:Invoked command in '/home/tatsuki/Snake_ws/build/snake_server' returned '0': PYTHONPATH=/home/tatsuki/Snake_ws/build/snake_server/prefix_override:/usr/lib/python3/dist-packages/colcon_core/task/python/colcon_distutils_commands:/home/tatsuki/Snake_ws/install/snake_server/lib/python3.10/site-packages:${PYTHONPATH} /usr/bin/python3 -W ignore:setup.py install is deprecated setup.py develop --editable --build-directory /home/tatsuki/Snake_ws/build/snake_server/build --no-deps symlink_data
[2.166s] INFO:colcon.colcon_core.shell:Creating environment hook '/home/tatsuki/Snake_ws/build/snake_server/share/snake_server/hook/pythonpath_develop.ps1'
[2.166s] INFO:colcon.colcon_core.shell:Creating environment descriptor '/home/tatsuki/Snake_ws/build/snake_server/share/snake_server/hook/pythonpath_develop.dsv'
[2.167s] INFO:colcon.colcon_core.shell:Creating environment hook '/home/tatsuki/Snake_ws/build/snake_server/share/snake_server/hook/pythonpath_develop.sh'
[2.168s] Level 1:colcon.colcon_core.environment:checking '/home/tatsuki/Snake_ws/install/snake_server' for CMake module files
[2.169s] Level 1:colcon.colcon_core.environment:checking '/home/tatsuki/Snake_ws/install/snake_server' for CMake config files
[2.170s] Level 1:colcon.colcon_core.environment:checking '/home/tatsuki/Snake_ws/install/snake_server/lib'
[2.170s] Level 1:colcon.colcon_core.environment:checking '/home/tatsuki/Snake_ws/install/snake_server/bin'
[2.170s] Level 1:colcon.colcon_core.environment:checking '/home/tatsuki/Snake_ws/install/snake_server/lib/pkgconfig/snake_server.pc'
[2.170s] Level 1:colcon.colcon_core.environment:checking '/home/tatsuki/Snake_ws/install/snake_server/lib/python3.10/site-packages'
[2.171s] Level 1:colcon.colcon_core.shell:create_environment_hook('snake_server', 'pythonpath')
[2.171s] INFO:colcon.colcon_core.shell:Creating environment hook '/home/tatsuki/Snake_ws/install/snake_server/share/snake_server/hook/pythonpath.ps1'
[2.172s] INFO:colcon.colcon_core.shell:Creating environment descriptor '/home/tatsuki/Snake_ws/install/snake_server/share/snake_server/hook/pythonpath.dsv'
[2.173s] INFO:colcon.colcon_core.shell:Creating environment hook '/home/tatsuki/Snake_ws/install/snake_server/share/snake_server/hook/pythonpath.sh'
[2.174s] Level 1:colcon.colcon_core.environment:checking '/home/tatsuki/Snake_ws/install/snake_server/bin'
[2.174s] Level 1:colcon.colcon_core.environment:create_environment_scripts_only(snake_server)
[2.175s] INFO:colcon.colcon_core.shell:Creating package script '/home/tatsuki/Snake_ws/install/snake_server/share/snake_server/package.ps1'
[2.176s] INFO:colcon.colcon_core.shell:Creating package descriptor '/home/tatsuki/Snake_ws/install/snake_server/share/snake_server/package.dsv'
[2.177s] INFO:colcon.colcon_core.shell:Creating package script '/home/tatsuki/Snake_ws/install/snake_server/share/snake_server/package.sh'
[2.178s] INFO:colcon.colcon_core.shell:Creating package script '/home/tatsuki/Snake_ws/install/snake_server/share/snake_server/package.bash'
[2.179s] INFO:colcon.colcon_core.shell:Creating package script '/home/tatsuki/Snake_ws/install/snake_server/share/snake_server/package.zsh'
[2.179s] Level 1:colcon.colcon_core.environment:create_file_with_runtime_dependencies(/home/tatsuki/Snake_ws/install/snake_server/share/colcon-core/packages/snake_server)
[2.182s] Level 1:colcon.colcon_core.shell:create_environment_hook('snake_motors', 'pythonpath_develop')
[2.182s] INFO:colcon.colcon_core.shell:Creating environment hook '/home/tatsuki/Snake_ws/build/snake_motors/share/snake_motors/hook/pythonpath_develop.ps1'
[2.183s] DEBUG:colcon.colcon_core.event_handler.log_command:Invoked command in '/home/tatsuki/Snake_ws/build/snake_motors' returned '0': PYTHONPATH=/home/tatsuki/Snake_ws/build/snake_motors/prefix_override:/usr/lib/python3/dist-packages/colcon_core/task/python/colcon_distutils_commands:/home/tatsuki/Snake_ws/install/snake_motors/lib/python3.10/site-packages:${PYTHONPATH} /usr/bin/python3 -W ignore:setup.py install is deprecated setup.py develop --editable --build-directory /home/tatsuki/Snake_ws/build/snake_motors/build --no-deps symlink_data
[2.184s] INFO:colcon.colcon_core.shell:Creating environment descriptor '/home/tatsuki/Snake_ws/build/snake_motors/share/snake_motors/hook/pythonpath_develop.dsv'
[2.185s] INFO:colcon.colcon_core.shell:Creating environment hook '/home/tatsuki/Snake_ws/build/snake_motors/share/snake_motors/hook/pythonpath_develop.sh'
[2.186s] Level 1:colcon.colcon_core.environment:checking '/home/tatsuki/Snake_ws/install/snake_motors' for CMake module files
[2.187s] Level 1:colcon.colcon_core.environment:checking '/home/tatsuki/Snake_ws/install/snake_motors' for CMake config files
[2.188s] Level 1:colcon.colcon_core.environment:checking '/home/tatsuki/Snake_ws/install/snake_motors/lib'
[2.188s] Level 1:colcon.colcon_core.environment:checking '/home/tatsuki/Snake_ws/install/snake_motors/bin'
[2.188s] Level 1:colcon.colcon_core.environment:checking '/home/tatsuki/Snake_ws/install/snake_motors/lib/pkgconfig/snake_motors.pc'
[2.188s] Level 1:colcon.colcon_core.environment:checking '/home/tatsuki/Snake_ws/install/snake_motors/lib/python3.10/site-packages'
[2.189s] Level 1:colcon.colcon_core.shell:create_environment_hook('snake_motors', 'pythonpath')
[2.189s] INFO:colcon.colcon_core.shell:Creating environment hook '/home/tatsuki/Snake_ws/install/snake_motors/share/snake_motors/hook/pythonpath.ps1'
[2.190s] INFO:colcon.colcon_core.shell:Creating environment descriptor '/home/tatsuki/Snake_ws/install/snake_motors/share/snake_motors/hook/pythonpath.dsv'
[2.190s] INFO:colcon.colcon_core.shell:Creating environment hook '/home/tatsuki/Snake_ws/install/snake_motors/share/snake_motors/hook/pythonpath.sh'
[2.192s] Level 1:colcon.colcon_core.environment:checking '/home/tatsuki/Snake_ws/install/snake_motors/bin'
[2.192s] Level 1:colcon.colcon_core.environment:create_environment_scripts_only(snake_motors)
[2.193s] INFO:colcon.colcon_core.shell:Creating package script '/home/tatsuki/Snake_ws/install/snake_motors/share/snake_motors/package.ps1'
[2.195s] INFO:colcon.colcon_core.shell:Creating package descriptor '/home/tatsuki/Snake_ws/install/snake_motors/share/snake_motors/package.dsv'
[2.196s] INFO:colcon.colcon_core.shell:Creating package script '/home/tatsuki/Snake_ws/install/snake_motors/share/snake_motors/package.sh'
[2.197s] INFO:colcon.colcon_core.shell:Creating package script '/home/tatsuki/Snake_ws/install/snake_motors/share/snake_motors/package.bash'
[2.198s] INFO:colcon.colcon_core.shell:Creating package script '/home/tatsuki/Snake_ws/install/snake_motors/share/snake_motors/package.zsh'
[2.199s] Level 1:colcon.colcon_core.environment:create_file_with_runtime_dependencies(/home/tatsuki/Snake_ws/install/snake_motors/share/colcon-core/packages/snake_motors)
[2.199s] DEBUG:colcon.colcon_parallel_executor.executor.parallel:closing loop
[2.200s] DEBUG:colcon.colcon_parallel_executor.executor.parallel:loop closed
[2.200s] DEBUG:colcon.colcon_parallel_executor.executor.parallel:run_until_complete finished with '0'
[2.200s] DEBUG:colcon.colcon_core.event_reactor:joining thread
[2.212s] INFO:colcon.colcon_core.plugin_system:Skipping extension 'colcon_notification.desktop_notification.terminal_notifier': Not used on non-Darwin systems
[2.212s] INFO:colcon.colcon_core.plugin_system:Skipping extension 'colcon_notification.desktop_notification.win32': Not used on non-Windows systems
[2.212s] INFO:colcon.colcon_notification.desktop_notification:Sending desktop notification using 'notify2'
[2.235s] DEBUG:colcon.colcon_core.event_reactor:joined thread
[2.236s] INFO:colcon.colcon_core.shell:Creating prefix script '/home/tatsuki/Snake_ws/install/local_setup.ps1'
[2.238s] INFO:colcon.colcon_core.shell:Creating prefix util module '/home/tatsuki/Snake_ws/install/_local_setup_util_ps1.py'
[2.243s] INFO:colcon.colcon_core.shell:Creating prefix chain script '/home/tatsuki/Snake_ws/install/setup.ps1'
[2.248s] INFO:colcon.colcon_core.shell:Creating prefix script '/home/tatsuki/Snake_ws/install/local_setup.sh'
[2.249s] INFO:colcon.colcon_core.shell:Creating prefix util module '/home/tatsuki/Snake_ws/install/_local_setup_util_sh.py'
[2.250s] INFO:colcon.colcon_core.shell:Creating prefix chain script '/home/tatsuki/Snake_ws/install/setup.sh'
[2.253s] INFO:colcon.colcon_core.shell:Creating prefix script '/home/tatsuki/Snake_ws/install/local_setup.bash'
[2.255s] INFO:colcon.colcon_core.shell:Creating prefix chain script '/home/tatsuki/Snake_ws/install/setup.bash'
[2.259s] INFO:colcon.colcon_core.shell:Creating prefix script '/home/tatsuki/Snake_ws/install/local_setup.zsh'
[2.260s] INFO:colcon.colcon_core.shell:Creating prefix chain script '/home/tatsuki/Snake_ws/install/setup.zsh'
