[0.046s] Invoking command in '/home/tatsuki/Snake_ws/build/snake_bringup': CMAKE_PREFIX_PATH=${CMAKE_PREFIX_PATH}:/home/tatsuki/ROS2Dev/test_ws/install/first_package:/home/tatsuki/Snake_ws/install/snake_server:/home/tatsuki/Snake_ws/install/snake_motors:/home/tatsuki/MAN_ws/install/motors_processor:/home/tatsuki/MAN_ws/install/image_processor:/opt/ros/humble /usr/bin/cmake --build /home/tatsuki/Snake_ws/build/snake_bringup -- -j12 -l12
[0.986s] Invoked command in '/home/tatsuki/Snake_ws/build/snake_bringup' returned '0': CMAKE_PREFIX_PATH=${CMAKE_PREFIX_PATH}:/home/tatsuki/ROS2Dev/test_ws/install/first_package:/home/tatsuki/Snake_ws/install/snake_server:/home/tatsuki/Snake_ws/install/snake_motors:/home/tatsuki/MAN_ws/install/motors_processor:/home/tatsuki/MAN_ws/install/image_processor:/opt/ros/humble /usr/bin/cmake --build /home/tatsuki/Snake_ws/build/snake_bringup -- -j12 -l12
[1.052s] Invoking command in '/home/tatsuki/Snake_ws/build/snake_bringup': CMAKE_PREFIX_PATH=${CMAKE_PREFIX_PATH}:/home/tatsuki/ROS2Dev/test_ws/install/first_package:/home/tatsuki/Snake_ws/install/snake_server:/home/tatsuki/Snake_ws/install/snake_motors:/home/tatsuki/MAN_ws/install/motors_processor:/home/tatsuki/MAN_ws/install/image_processor:/opt/ros/humble /usr/bin/cmake --install /home/tatsuki/Snake_ws/build/snake_bringup
[1.065s] -- Install configuration: ""
[1.065s] -- Execute custom install script
[1.066s] -- Up-to-date symlink: /home/tatsuki/Snake_ws/install/snake_bringup/share/snake_bringup/launch/snake.launch.py
[1.066s] -- Up-to-date symlink: /home/tatsuki/Snake_ws/install/snake_bringup/share/ament_index/resource_index/package_run_dependencies/snake_bringup
[1.067s] -- Up-to-date symlink: /home/tatsuki/Snake_ws/install/snake_bringup/share/ament_index/resource_index/parent_prefix_path/snake_bringup
[1.067s] -- Up-to-date symlink: /home/tatsuki/Snake_ws/install/snake_bringup/share/snake_bringup/environment/ament_prefix_path.sh
[1.067s] -- Up-to-date symlink: /home/tatsuki/Snake_ws/install/snake_bringup/share/snake_bringup/environment/ament_prefix_path.dsv
[1.067s] -- Up-to-date symlink: /home/tatsuki/Snake_ws/install/snake_bringup/share/snake_bringup/environment/path.sh
[1.068s] -- Up-to-date symlink: /home/tatsuki/Snake_ws/install/snake_bringup/share/snake_bringup/environment/path.dsv
[1.068s] -- Up-to-date symlink: /home/tatsuki/Snake_ws/install/snake_bringup/share/snake_bringup/local_setup.bash
[1.068s] -- Up-to-date symlink: /home/tatsuki/Snake_ws/install/snake_bringup/share/snake_bringup/local_setup.sh
[1.068s] -- Up-to-date symlink: /home/tatsuki/Snake_ws/install/snake_bringup/share/snake_bringup/local_setup.zsh
[1.068s] -- Up-to-date symlink: /home/tatsuki/Snake_ws/install/snake_bringup/share/snake_bringup/local_setup.dsv
[1.069s] -- Symlinking: /home/tatsuki/Snake_ws/install/snake_bringup/share/snake_bringup/package.dsv
[1.093s] -- Up-to-date symlink: /home/tatsuki/Snake_ws/install/snake_bringup/share/ament_index/resource_index/packages/snake_bringup
[1.093s] -- Up-to-date symlink: /home/tatsuki/Snake_ws/install/snake_bringup/share/snake_bringup/cmake/snake_bringupConfig.cmake
[1.093s] -- Up-to-date symlink: /home/tatsuki/Snake_ws/install/snake_bringup/share/snake_bringup/cmake/snake_bringupConfig-version.cmake
[1.094s] -- Up-to-date symlink: /home/tatsuki/Snake_ws/install/snake_bringup/share/snake_bringup/package.xml
[1.098s] Invoked command in '/home/tatsuki/Snake_ws/build/snake_bringup' returned '0': CMAKE_PREFIX_PATH=${CMAKE_PREFIX_PATH}:/home/tatsuki/ROS2Dev/test_ws/install/first_package:/home/tatsuki/Snake_ws/install/snake_server:/home/tatsuki/Snake_ws/install/snake_motors:/home/tatsuki/MAN_ws/install/motors_processor:/home/tatsuki/MAN_ws/install/image_processor:/opt/ros/humble /usr/bin/cmake --install /home/tatsuki/Snake_ws/build/snake_bringup
