-- Found ament_cmake: 1.3.10 (/opt/ros/humble/share/ament_cmake/cmake)
-- Override CMake install command with custom implementation using symlinks instead of copying resources
-- Found ament_lint_auto: 0.12.11 (/opt/ros/humble/share/ament_lint_auto/cmake)
-- Added test 'flake8' to check Python code syntax and style conventions
-- Added test 'lint_cmake' to check CMake code style
-- Added test 'pep257' to check Python code against some of the docstring style conventions in PEP 257
-- Added test 'xmllint' to check XML markup files
-- Configuring done
-- Generating done
-- Build files have been written to: /home/tatsuki/Snake_ws/build/snake_bringup
-- Install configuration: ""
-- Execute custom install script
-- Up-to-date symlink: /home/tatsuki/Snake_ws/install/snake_bringup/share/snake_bringup/launch/snake.launch.py
-- Up-to-date symlink: /home/tatsuki/Snake_ws/install/snake_bringup/share/ament_index/resource_index/package_run_dependencies/snake_bringup
-- Up-to-date symlink: /home/tatsuki/Snake_ws/install/snake_bringup/share/ament_index/resource_index/parent_prefix_path/snake_bringup
-- Up-to-date symlink: /home/tatsuki/Snake_ws/install/snake_bringup/share/snake_bringup/environment/ament_prefix_path.sh
-- Up-to-date symlink: /home/tatsuki/Snake_ws/install/snake_bringup/share/snake_bringup/environment/ament_prefix_path.dsv
-- Up-to-date symlink: /home/tatsuki/Snake_ws/install/snake_bringup/share/snake_bringup/environment/path.sh
-- Up-to-date symlink: /home/tatsuki/Snake_ws/install/snake_bringup/share/snake_bringup/environment/path.dsv
-- Up-to-date symlink: /home/tatsuki/Snake_ws/install/snake_bringup/share/snake_bringup/local_setup.bash
-- Up-to-date symlink: /home/tatsuki/Snake_ws/install/snake_bringup/share/snake_bringup/local_setup.sh
-- Up-to-date symlink: /home/tatsuki/Snake_ws/install/snake_bringup/share/snake_bringup/local_setup.zsh
-- Up-to-date symlink: /home/tatsuki/Snake_ws/install/snake_bringup/share/snake_bringup/local_setup.dsv
-- Symlinking: /home/tatsuki/Snake_ws/install/snake_bringup/share/snake_bringup/package.dsv
-- Up-to-date symlink: /home/tatsuki/Snake_ws/install/snake_bringup/share/ament_index/resource_index/packages/snake_bringup
-- Up-to-date symlink: /home/tatsuki/Snake_ws/install/snake_bringup/share/snake_bringup/cmake/snake_bringupConfig.cmake
-- Up-to-date symlink: /home/tatsuki/Snake_ws/install/snake_bringup/share/snake_bringup/cmake/snake_bringupConfig-version.cmake
-- Up-to-date symlink: /home/tatsuki/Snake_ws/install/snake_bringup/share/snake_bringup/package.xml
