[0.015s] Invoking command in '/home/tatsuki/Snake_ws/build/snake_msgs': CMAKE_PREFIX_PATH=${CMAKE_PREFIX_PATH}:/home/tatsuki/MAN_ws/install/motors_processor:/home/tatsuki/MAN_ws/install/image_processor:/opt/ros/humble /usr/bin/cmake /home/tatsuki/Snake_ws/src/snake_msgs -DAMENT_CMAKE_SYMLINK_INSTALL=1 -DCMAKE_INSTALL_PREFIX=/home/tatsuki/Snake_ws/install/snake_msgs
[0.106s] -- The C compiler identification is GNU 11.4.0
[0.180s] -- The CXX compiler identification is GNU 11.4.0
[0.191s] -- Detecting C compiler ABI info
[0.280s] -- Detecting C compiler ABI info - done
[0.295s] -- Check for working C compiler: /usr/bin/cc - skipped
[0.295s] -- Detecting C compile features
[0.296s] -- Detecting C compile features - done
[0.303s] -- Detecting CXX compiler ABI info
[0.395s] -- Detecting CXX compiler ABI info - done
[0.402s] -- Check for working CXX compiler: /usr/bin/c++ - skipped
[0.402s] -- Detecting CXX compile features
[0.403s] -- Detecting CXX compile features - done
[0.407s] -- Found ament_cmake: 1.3.8 (/opt/ros/humble/share/ament_cmake/cmake)
[0.586s] -- Found Python3: /usr/bin/python3 (found version "3.10.12") found components: Interpreter 
[0.653s] -- Override CMake install command with custom implementation using symlinks instead of copying resources
[0.695s] -- Found rclcpp: 16.0.8 (/opt/ros/humble/share/rclcpp/cmake)
[0.749s] -- Found rosidl_generator_c: 3.1.5 (/opt/ros/humble/share/rosidl_generator_c/cmake)
[0.756s] -- Found rosidl_adapter: 3.1.5 (/opt/ros/humble/share/rosidl_adapter/cmake)
[0.766s] -- Found rosidl_generator_cpp: 3.1.5 (/opt/ros/humble/share/rosidl_generator_cpp/cmake)
[0.783s] -- Using all available rosidl_typesupport_c: rosidl_typesupport_fastrtps_c;rosidl_typesupport_introspection_c
[0.805s] -- Using all available rosidl_typesupport_cpp: rosidl_typesupport_fastrtps_cpp;rosidl_typesupport_introspection_cpp
[0.885s] -- Found rmw_implementation_cmake: 6.1.1 (/opt/ros/humble/share/rmw_implementation_cmake/cmake)
[0.889s] -- Found rmw_fastrtps_cpp: 6.2.6 (/opt/ros/humble/share/rmw_fastrtps_cpp/cmake)
[1.060s] -- Found OpenSSL: /usr/lib/x86_64-linux-gnu/libcrypto.so (found version "3.0.2")  
[1.126s] -- Found FastRTPS: /opt/ros/humble/include  
[1.180s] -- Using RMW implementation 'rmw_fastrtps_cpp' as default
[1.192s] -- Looking for pthread.h
[1.287s] -- Looking for pthread.h - found
[1.288s] -- Performing Test CMAKE_HAVE_LIBC_PTHREAD
[1.369s] -- Performing Test CMAKE_HAVE_LIBC_PTHREAD - Success
[1.370s] -- Found Threads: TRUE  
[1.527s] -- Found rosidl_default_generators: 1.2.0 (/opt/ros/humble/share/rosidl_default_generators/cmake)
[1.679s] [31mCMake Error at /opt/ros/humble/share/rosidl_adapter/cmake/rosidl_adapt_interfaces.cmake:59 (message):
[1.679s]   execute_process(/usr/bin/python3 -m rosidl_adapter --package-name
[1.679s]   snake_msgs --arguments-file
[1.679s]   /home/tatsuki/Snake_ws/build/snake_msgs/rosidl_adapter__arguments__snake_msgs.json
[1.680s]   --output-dir
[1.680s]   /home/tatsuki/Snake_ws/build/snake_msgs/rosidl_adapter/snake_msgs
[1.680s]   --output-file
[1.680s]   /home/tatsuki/Snake_ws/build/snake_msgs/rosidl_adapter/snake_msgs.idls)
[1.680s]   returned error code 1:
[1.680s] 
[1.680s]   Traceback (most recent call last):
[1.680s] 
[1.680s]     File "/usr/lib/python3.10/runpy.py", line 196, in _run_module_as_main
[1.681s]       return _run_code(code, main_globals, None,
[1.681s]     File "/usr/lib/python3.10/runpy.py", line 86, in _run_code
[1.681s]       exec(code, run_globals)
[1.681s]     File "/opt/ros/humble/local/lib/python3.10/dist-packages/rosidl_adapter/__main__.py", line 19, in <module>
[1.681s]       sys.exit(main())
[1.681s]     File "/opt/ros/humble/local/lib/python3.10/dist-packages/rosidl_adapter/main.py", line 53, in main
[1.681s]       abs_idl_file = convert_to_idl(
[1.681s]     File "/opt/ros/humble/local/lib/python3.10/dist-packages/rosidl_adapter/__init__.py", line 19, in convert_to_idl
[1.682s]       return convert_msg_to_idl(
[1.682s]     File "/opt/ros/humble/local/lib/python3.10/dist-packages/rosidl_adapter/msg/__init__.py", line 28, in convert_msg_to_idl
[1.682s]       msg = parse_message_string(package_name, input_file.stem, content)
[1.682s]     File "/opt/ros/humble/local/lib/python3.10/dist-packages/rosidl_adapter/parser.py", line 544, in parse_message_string
[1.682s]       msg = MessageSpecification(pkg_name, msg_name, fields, constants)
[1.682s]     File "/opt/ros/humble/local/lib/python3.10/dist-packages/rosidl_adapter/parser.py", line 388, in __init__
[1.682s]       self.base_type = BaseType(
[1.682s]     File "/opt/ros/humble/local/lib/python3.10/dist-packages/rosidl_adapter/parser.py", line 205, in __init__
[1.683s]       raise InvalidResourceName(
[1.683s] 
[1.683s]   rosidl_adapter.parser.InvalidResourceName: 'module' is an invalid message
[1.683s]   name.  It should have the pattern '^[A-Z][A-Za-z0-9]*$'
[1.683s] 
[1.683s] Call Stack (most recent call first):
[1.683s]   /opt/ros/humble/share/rosidl_cmake/cmake/rosidl_generate_interfaces.cmake:130 (rosidl_adapt_interfaces)
[1.683s]   CMakeLists.txt:14 (rosidl_generate_interfaces)
[1.684s] 
[1.684s] [0m
[1.684s] -- Configuring incomplete, errors occurred!
[1.684s] See also "/home/tatsuki/Snake_ws/build/snake_msgs/CMakeFiles/CMakeOutput.log".
[1.698s] Invoked command in '/home/tatsuki/Snake_ws/build/snake_msgs' returned '1': CMAKE_PREFIX_PATH=${CMAKE_PREFIX_PATH}:/home/tatsuki/MAN_ws/install/motors_processor:/home/tatsuki/MAN_ws/install/image_processor:/opt/ros/humble /usr/bin/cmake /home/tatsuki/Snake_ws/src/snake_msgs -DAMENT_CMAKE_SYMLINK_INSTALL=1 -DCMAKE_INSTALL_PREFIX=/home/tatsuki/Snake_ws/install/snake_msgs
