[0.476s] Invoking command in '/home/tatsuki/Snake_ws/build/snake_msgs': CMAKE_PREFIX_PATH=${CMAKE_PREFIX_PATH}:/home/tatsuki/Snake_ws/install/snake_server:/home/tatsuki/Snake_ws/install/snake_motors:/home/tatsuki/MAN_ws/install/motors_processor:/home/tatsuki/MAN_ws/install/image_processor:/opt/ros/humble /usr/bin/cmake --build /home/tatsuki/Snake_ws/build/snake_msgs -- -j12 -l12
[0.575s] [  3%] Built target snake_msgs__cpp
[0.582s] [ 12%] Built target snake_msgs__rosidl_generator_c
[0.592s] [ 12%] Built target ament_cmake_python_symlink_snake_msgs
[0.616s] [ 32%] Built target snake_msgs__rosidl_typesupport_cpp
[0.616s] [ 32%] Built target snake_msgs__rosidl_typesupport_introspection_cpp
[0.621s] [ 41%] Built target snake_msgs__rosidl_typesupport_fastrtps_cpp
[0.628s] [ 61%] Built target snake_msgs__rosidl_typesupport_c
[0.629s] [ 61%] Built target snake_msgs__rosidl_typesupport_introspection_c
[0.630s] [ 70%] Built target snake_msgs__rosidl_typesupport_fastrtps_c
[0.671s] [ 70%] Built target snake_msgs
[0.710s] [ 74%] Built target snake_msgs__py
[0.753s] [ 80%] Built target snake_msgs__rosidl_generator_py
[0.795s] [ 93%] Built target snake_msgs__rosidl_typesupport_c__pyext
[0.795s] [ 93%] Built target snake_msgs__rosidl_typesupport_introspection_c__pyext
[0.795s] [100%] Built target snake_msgs__rosidl_typesupport_fastrtps_c__pyext
[1.012s] running egg_info
[1.013s] writing snake_msgs.egg-info/PKG-INFO
[1.013s] writing dependency_links to snake_msgs.egg-info/dependency_links.txt
[1.013s] writing top-level names to snake_msgs.egg-info/top_level.txt
[1.019s] reading manifest file 'snake_msgs.egg-info/SOURCES.txt'
[1.019s] writing manifest file 'snake_msgs.egg-info/SOURCES.txt'
[1.090s] [100%] Built target ament_cmake_python_build_snake_msgs_egg
[1.120s] Invoked command in '/home/tatsuki/Snake_ws/build/snake_msgs' returned '0': CMAKE_PREFIX_PATH=${CMAKE_PREFIX_PATH}:/home/tatsuki/Snake_ws/install/snake_server:/home/tatsuki/Snake_ws/install/snake_motors:/home/tatsuki/MAN_ws/install/motors_processor:/home/tatsuki/MAN_ws/install/image_processor:/opt/ros/humble /usr/bin/cmake --build /home/tatsuki/Snake_ws/build/snake_msgs -- -j12 -l12
[1.251s] Invoking command in '/home/tatsuki/Snake_ws/build/snake_msgs': CMAKE_PREFIX_PATH=${CMAKE_PREFIX_PATH}:/home/tatsuki/Snake_ws/install/snake_server:/home/tatsuki/Snake_ws/install/snake_motors:/home/tatsuki/MAN_ws/install/motors_processor:/home/tatsuki/MAN_ws/install/image_processor:/opt/ros/humble /usr/bin/cmake --install /home/tatsuki/Snake_ws/build/snake_msgs
[1.262s] -- Install configuration: ""
[1.263s] -- Execute custom install script
[1.263s] -- Up-to-date symlink: /home/tatsuki/Snake_ws/install/snake_msgs/share/ament_index/resource_index/rosidl_interfaces/snake_msgs
[1.264s] -- Up-to-date symlink: /home/tatsuki/Snake_ws/install/snake_msgs/include/snake_msgs/snake_msgs/msg/detail/module__functions.h
[1.264s] -- Up-to-date symlink: /home/tatsuki/Snake_ws/install/snake_msgs/include/snake_msgs/snake_msgs/msg/detail/module__struct.h
[1.264s] -- Up-to-date symlink: /home/tatsuki/Snake_ws/install/snake_msgs/include/snake_msgs/snake_msgs/msg/detail/module__type_support.h
[1.264s] -- Up-to-date symlink: /home/tatsuki/Snake_ws/install/snake_msgs/include/snake_msgs/snake_msgs/msg/module.h
[1.265s] -- Up-to-date symlink: /home/tatsuki/Snake_ws/install/snake_msgs/include/snake_msgs/snake_msgs/msg/rosidl_generator_c__visibility_control.h
[1.265s] -- Up-to-date symlink: /home/tatsuki/Snake_ws/install/snake_msgs/share/snake_msgs/environment/library_path.sh
[1.265s] -- Up-to-date symlink: /home/tatsuki/Snake_ws/install/snake_msgs/share/snake_msgs/environment/library_path.dsv
[1.266s] -- Up-to-date symlink: /home/tatsuki/Snake_ws/install/snake_msgs/include/snake_msgs/snake_msgs/msg/detail/module__rosidl_typesupport_fastrtps_c.h
[1.266s] -- Up-to-date symlink: /home/tatsuki/Snake_ws/install/snake_msgs/include/snake_msgs/snake_msgs/msg/rosidl_typesupport_fastrtps_c__visibility_control.h
[1.266s] -- Up-to-date symlink: /home/tatsuki/Snake_ws/install/snake_msgs/include/snake_msgs/snake_msgs/msg/detail/module__builder.hpp
[1.267s] -- Up-to-date symlink: /home/tatsuki/Snake_ws/install/snake_msgs/include/snake_msgs/snake_msgs/msg/detail/module__struct.hpp
[1.267s] -- Up-to-date symlink: /home/tatsuki/Snake_ws/install/snake_msgs/include/snake_msgs/snake_msgs/msg/detail/module__traits.hpp
[1.267s] -- Up-to-date symlink: /home/tatsuki/Snake_ws/install/snake_msgs/include/snake_msgs/snake_msgs/msg/module.hpp
[1.268s] -- Up-to-date symlink: /home/tatsuki/Snake_ws/install/snake_msgs/include/snake_msgs/snake_msgs/msg/detail/module__rosidl_typesupport_fastrtps_cpp.hpp
[1.268s] -- Up-to-date symlink: /home/tatsuki/Snake_ws/install/snake_msgs/include/snake_msgs/snake_msgs/msg/rosidl_typesupport_fastrtps_cpp__visibility_control.h
[1.268s] -- Up-to-date symlink: /home/tatsuki/Snake_ws/install/snake_msgs/include/snake_msgs/snake_msgs/msg/detail/module__rosidl_typesupport_introspection_c.h
[1.268s] -- Up-to-date symlink: /home/tatsuki/Snake_ws/install/snake_msgs/include/snake_msgs/snake_msgs/msg/rosidl_typesupport_introspection_c__visibility_control.h
[1.269s] -- Up-to-date symlink: /home/tatsuki/Snake_ws/install/snake_msgs/include/snake_msgs/snake_msgs/msg/detail/module__rosidl_typesupport_introspection_cpp.hpp
[1.269s] -- Up-to-date symlink: /home/tatsuki/Snake_ws/install/snake_msgs/share/snake_msgs/environment/pythonpath.sh
[1.269s] -- Up-to-date symlink: /home/tatsuki/Snake_ws/install/snake_msgs/share/snake_msgs/environment/pythonpath.dsv
[1.270s] -- Up-to-date symlink: /home/tatsuki/Snake_ws/install/snake_msgs/local/lib/python3.10/dist-packages/snake_msgs-0.0.0-py3.10.egg-info/PKG-INFO
[1.270s] -- Up-to-date symlink: /home/tatsuki/Snake_ws/install/snake_msgs/local/lib/python3.10/dist-packages/snake_msgs-0.0.0-py3.10.egg-info/SOURCES.txt
[1.270s] -- Up-to-date symlink: /home/tatsuki/Snake_ws/install/snake_msgs/local/lib/python3.10/dist-packages/snake_msgs-0.0.0-py3.10.egg-info/dependency_links.txt
[1.270s] -- Up-to-date symlink: /home/tatsuki/Snake_ws/install/snake_msgs/local/lib/python3.10/dist-packages/snake_msgs-0.0.0-py3.10.egg-info/top_level.txt
[1.271s] -- Up-to-date symlink: /home/tatsuki/Snake_ws/install/snake_msgs/local/lib/python3.10/dist-packages/snake_msgs/__init__.py
[1.271s] -- Up-to-date symlink: /home/tatsuki/Snake_ws/install/snake_msgs/local/lib/python3.10/dist-packages/snake_msgs/_snake_msgs_s.ep.rosidl_typesupport_c.c
[1.272s] -- Up-to-date symlink: /home/tatsuki/Snake_ws/install/snake_msgs/local/lib/python3.10/dist-packages/snake_msgs/_snake_msgs_s.ep.rosidl_typesupport_fastrtps_c.c
[1.272s] -- Up-to-date symlink: /home/tatsuki/Snake_ws/install/snake_msgs/local/lib/python3.10/dist-packages/snake_msgs/_snake_msgs_s.ep.rosidl_typesupport_introspection_c.c
[1.272s] -- Up-to-date symlink: /home/tatsuki/Snake_ws/install/snake_msgs/local/lib/python3.10/dist-packages/snake_msgs/libsnake_msgs__rosidl_generator_py.so
[1.272s] -- Up-to-date symlink: /home/tatsuki/Snake_ws/install/snake_msgs/local/lib/python3.10/dist-packages/snake_msgs/msg/__init__.py
[1.272s] -- Up-to-date symlink: /home/tatsuki/Snake_ws/install/snake_msgs/local/lib/python3.10/dist-packages/snake_msgs/msg/_module.py
[1.273s] -- Up-to-date symlink: /home/tatsuki/Snake_ws/install/snake_msgs/local/lib/python3.10/dist-packages/snake_msgs/msg/_module_s.c
[1.273s] -- Up-to-date symlink: /home/tatsuki/Snake_ws/install/snake_msgs/local/lib/python3.10/dist-packages/snake_msgs/snake_msgs_s__rosidl_typesupport_c.cpython-310-x86_64-linux-gnu.so
[1.273s] -- Up-to-date symlink: /home/tatsuki/Snake_ws/install/snake_msgs/local/lib/python3.10/dist-packages/snake_msgs/snake_msgs_s__rosidl_typesupport_fastrtps_c.cpython-310-x86_64-linux-gnu.so
[1.273s] -- Up-to-date symlink: /home/tatsuki/Snake_ws/install/snake_msgs/local/lib/python3.10/dist-packages/snake_msgs/snake_msgs_s__rosidl_typesupport_introspection_c.cpython-310-x86_64-linux-gnu.so
[1.273s] -- Up-to-date symlink: /home/tatsuki/Snake_ws/install/snake_msgs/local/lib/python3.10/dist-packages/snake_msgs/snake_msgs_s__rosidl_typesupport_fastrtps_c.cpython-310-x86_64-linux-gnu.so
[1.274s] -- Up-to-date symlink: /home/tatsuki/Snake_ws/install/snake_msgs/local/lib/python3.10/dist-packages/snake_msgs/snake_msgs_s__rosidl_typesupport_introspection_c.cpython-310-x86_64-linux-gnu.so
[1.274s] -- Up-to-date symlink: /home/tatsuki/Snake_ws/install/snake_msgs/local/lib/python3.10/dist-packages/snake_msgs/snake_msgs_s__rosidl_typesupport_c.cpython-310-x86_64-linux-gnu.so
[1.274s] -- Up-to-date symlink: /home/tatsuki/Snake_ws/install/snake_msgs/share/snake_msgs/msg/Module.idl
[1.275s] -- Up-to-date symlink: /home/tatsuki/Snake_ws/install/snake_msgs/share/snake_msgs/msg/Module.msg
[1.275s] -- Up-to-date symlink: /home/tatsuki/Snake_ws/install/snake_msgs/share/ament_index/resource_index/package_run_dependencies/snake_msgs
[1.275s] -- Up-to-date symlink: /home/tatsuki/Snake_ws/install/snake_msgs/share/ament_index/resource_index/parent_prefix_path/snake_msgs
[1.275s] -- Up-to-date symlink: /home/tatsuki/Snake_ws/install/snake_msgs/share/snake_msgs/environment/ament_prefix_path.sh
[1.276s] -- Up-to-date symlink: /home/tatsuki/Snake_ws/install/snake_msgs/share/snake_msgs/environment/ament_prefix_path.dsv
[1.276s] -- Up-to-date symlink: /home/tatsuki/Snake_ws/install/snake_msgs/share/snake_msgs/environment/path.sh
[1.276s] -- Up-to-date symlink: /home/tatsuki/Snake_ws/install/snake_msgs/share/snake_msgs/environment/path.dsv
[1.276s] -- Up-to-date symlink: /home/tatsuki/Snake_ws/install/snake_msgs/share/snake_msgs/local_setup.bash
[1.276s] -- Up-to-date symlink: /home/tatsuki/Snake_ws/install/snake_msgs/share/snake_msgs/local_setup.sh
[1.277s] -- Up-to-date symlink: /home/tatsuki/Snake_ws/install/snake_msgs/share/snake_msgs/local_setup.zsh
[1.277s] -- Up-to-date symlink: /home/tatsuki/Snake_ws/install/snake_msgs/share/snake_msgs/local_setup.dsv
[1.277s] -- Symlinking: /home/tatsuki/Snake_ws/install/snake_msgs/share/snake_msgs/package.dsv
[1.298s] -- Up-to-date symlink: /home/tatsuki/Snake_ws/install/snake_msgs/share/ament_index/resource_index/packages/snake_msgs
[1.298s] -- Up-to-date symlink: /home/tatsuki/Snake_ws/install/snake_msgs/share/snake_msgs/cmake/rosidl_cmake-extras.cmake
[1.299s] -- Up-to-date symlink: /home/tatsuki/Snake_ws/install/snake_msgs/share/snake_msgs/cmake/ament_cmake_export_include_directories-extras.cmake
[1.299s] -- Up-to-date symlink: /home/tatsuki/Snake_ws/install/snake_msgs/share/snake_msgs/cmake/ament_cmake_export_libraries-extras.cmake
[1.299s] -- Up-to-date symlink: /home/tatsuki/Snake_ws/install/snake_msgs/share/snake_msgs/cmake/ament_cmake_export_targets-extras.cmake
[1.300s] -- Up-to-date symlink: /home/tatsuki/Snake_ws/install/snake_msgs/share/snake_msgs/cmake/rosidl_cmake_export_typesupport_targets-extras.cmake
[1.300s] -- Up-to-date symlink: /home/tatsuki/Snake_ws/install/snake_msgs/share/snake_msgs/cmake/ament_cmake_export_dependencies-extras.cmake
[1.300s] -- Up-to-date symlink: /home/tatsuki/Snake_ws/install/snake_msgs/share/snake_msgs/cmake/rosidl_cmake_export_typesupport_libraries-extras.cmake
[1.300s] -- Up-to-date symlink: /home/tatsuki/Snake_ws/install/snake_msgs/share/snake_msgs/cmake/snake_msgsConfig.cmake
[1.301s] -- Up-to-date symlink: /home/tatsuki/Snake_ws/install/snake_msgs/share/snake_msgs/cmake/snake_msgsConfig-version.cmake
[1.301s] -- Up-to-date symlink: /home/tatsuki/Snake_ws/install/snake_msgs/share/snake_msgs/package.xml
[1.301s] -- Up-to-date: /home/tatsuki/Snake_ws/install/snake_msgs/lib/libsnake_msgs__rosidl_generator_c.so
[1.302s] -- Up-to-date: /home/tatsuki/Snake_ws/install/snake_msgs/lib/libsnake_msgs__rosidl_typesupport_fastrtps_c.so
[1.302s] -- Up-to-date: /home/tatsuki/Snake_ws/install/snake_msgs/lib/libsnake_msgs__rosidl_typesupport_fastrtps_cpp.so
[1.302s] -- Up-to-date: /home/tatsuki/Snake_ws/install/snake_msgs/lib/libsnake_msgs__rosidl_typesupport_introspection_c.so
[1.303s] -- Up-to-date: /home/tatsuki/Snake_ws/install/snake_msgs/lib/libsnake_msgs__rosidl_typesupport_c.so
[1.303s] -- Up-to-date: /home/tatsuki/Snake_ws/install/snake_msgs/lib/libsnake_msgs__rosidl_typesupport_introspection_cpp.so
[1.304s] -- Up-to-date: /home/tatsuki/Snake_ws/install/snake_msgs/lib/libsnake_msgs__rosidl_typesupport_cpp.so
[1.353s] Listing '/home/tatsuki/Snake_ws/install/snake_msgs/local/lib/python3.10/dist-packages/snake_msgs'...
[1.353s] Listing '/home/tatsuki/Snake_ws/install/snake_msgs/local/lib/python3.10/dist-packages/snake_msgs/msg'...
[1.359s] -- Up-to-date: /home/tatsuki/Snake_ws/install/snake_msgs/lib/libsnake_msgs__rosidl_generator_py.so
[1.359s] -- Up-to-date: /home/tatsuki/Snake_ws/install/snake_msgs/share/snake_msgs/cmake/export_snake_msgs__rosidl_generator_cExport.cmake
[1.360s] -- Up-to-date: /home/tatsuki/Snake_ws/install/snake_msgs/share/snake_msgs/cmake/export_snake_msgs__rosidl_generator_cExport-noconfig.cmake
[1.360s] -- Up-to-date: /home/tatsuki/Snake_ws/install/snake_msgs/share/snake_msgs/cmake/export_snake_msgs__rosidl_typesupport_fastrtps_cExport.cmake
[1.360s] -- Up-to-date: /home/tatsuki/Snake_ws/install/snake_msgs/share/snake_msgs/cmake/export_snake_msgs__rosidl_typesupport_fastrtps_cExport-noconfig.cmake
[1.360s] -- Up-to-date: /home/tatsuki/Snake_ws/install/snake_msgs/share/snake_msgs/cmake/export_snake_msgs__rosidl_generator_cppExport.cmake
[1.360s] -- Up-to-date: /home/tatsuki/Snake_ws/install/snake_msgs/share/snake_msgs/cmake/export_snake_msgs__rosidl_typesupport_fastrtps_cppExport.cmake
[1.361s] -- Up-to-date: /home/tatsuki/Snake_ws/install/snake_msgs/share/snake_msgs/cmake/export_snake_msgs__rosidl_typesupport_fastrtps_cppExport-noconfig.cmake
[1.361s] -- Up-to-date: /home/tatsuki/Snake_ws/install/snake_msgs/share/snake_msgs/cmake/snake_msgs__rosidl_typesupport_introspection_cExport.cmake
[1.361s] -- Up-to-date: /home/tatsuki/Snake_ws/install/snake_msgs/share/snake_msgs/cmake/snake_msgs__rosidl_typesupport_introspection_cExport-noconfig.cmake
[1.361s] -- Up-to-date: /home/tatsuki/Snake_ws/install/snake_msgs/share/snake_msgs/cmake/snake_msgs__rosidl_typesupport_cExport.cmake
[1.361s] -- Up-to-date: /home/tatsuki/Snake_ws/install/snake_msgs/share/snake_msgs/cmake/snake_msgs__rosidl_typesupport_cExport-noconfig.cmake
[1.361s] -- Up-to-date: /home/tatsuki/Snake_ws/install/snake_msgs/share/snake_msgs/cmake/snake_msgs__rosidl_typesupport_introspection_cppExport.cmake
[1.362s] -- Up-to-date: /home/tatsuki/Snake_ws/install/snake_msgs/share/snake_msgs/cmake/snake_msgs__rosidl_typesupport_introspection_cppExport-noconfig.cmake
[1.362s] -- Up-to-date: /home/tatsuki/Snake_ws/install/snake_msgs/share/snake_msgs/cmake/snake_msgs__rosidl_typesupport_cppExport.cmake
[1.362s] -- Up-to-date: /home/tatsuki/Snake_ws/install/snake_msgs/share/snake_msgs/cmake/snake_msgs__rosidl_typesupport_cppExport-noconfig.cmake
[1.362s] -- Up-to-date: /home/tatsuki/Snake_ws/install/snake_msgs/share/snake_msgs/cmake/export_snake_msgs__rosidl_generator_pyExport.cmake
[1.362s] -- Up-to-date: /home/tatsuki/Snake_ws/install/snake_msgs/share/snake_msgs/cmake/export_snake_msgs__rosidl_generator_pyExport-noconfig.cmake
[1.368s] Invoked command in '/home/tatsuki/Snake_ws/build/snake_msgs' returned '0': CMAKE_PREFIX_PATH=${CMAKE_PREFIX_PATH}:/home/tatsuki/Snake_ws/install/snake_server:/home/tatsuki/Snake_ws/install/snake_motors:/home/tatsuki/MAN_ws/install/motors_processor:/home/tatsuki/MAN_ws/install/image_processor:/opt/ros/humble /usr/bin/cmake --install /home/tatsuki/Snake_ws/build/snake_msgs
